________________________________________________________________________________
Frame3DD version: 20091203               http://frame3dd.sf.net/
GPL Copyright (C) 1992-2009, Henri P. Gavin 
Frame3DD is distributed in the hope that it will be useful but with no warranty.
For details see the GNU Public Licence: http://www.fsf.org/copyleft/gpl.html
________________________________________________________________________________

Example A: linear static analysis of a 2D truss with support settlement (kips in)  
Sun Dec  6 21:11:19 2009
________________________________________________________________________________
In 2D problems the Y-axis is vertical.  In 3D problems the Z-axis is vertical.
________________________________________________________________________________
   12 JOINTS            12 FIXED JOINTS      21 FRAME ELEMENTS   2 LOAD CASES   
________________________________________________________________________________
J O I N T   D A T A                                         R E S T R A I N T S
  Joint      X              Y              Z         radius  Fx Fy Fz Mx My Mz
    1       0.000000       0.000000       0.000000    0.000   1  1  1  1  1  0
    2     120.000000       0.000000       0.000000    0.000   0  0  1  1  1  0
    3     240.000000       0.000000       0.000000    0.000   0  0  1  1  1  0
    4     360.000000       0.000000       0.000000    0.000   0  0  1  1  1  0
    5     480.000000       0.000000       0.000000    0.000   0  0  1  1  1  0
    6     600.000000       0.000000       0.000000    0.000   0  0  1  1  1  0
    7     720.000000       0.000000       0.000000    0.000   0  1  1  1  1  0
    8     120.000000     120.000000       0.000000    0.000   1  0  1  1  1  0
    9     240.000000     120.000000       0.000000    0.000   0  0  1  1  1  0
   10     360.000000     120.000000       0.000000    0.000   0  0  1  1  1  0
   11     480.000000     120.000000       0.000000    0.000   0  0  1  1  1  0
   12     600.000000     120.000000       0.000000    0.000   0  0  1  1  1  0
F R A M E   E L E M E N T   D A T A					(local)
  Elmnt  J1    J2     Ax   Asy   Asz    Jxx     Iyy     Izz       E       G roll  density
    1     1     2   10.0   1.0   1.0    1.0     1.0     0.0  29000.0 11500.0   0 7.30e-10
    2     2     3   10.0   1.0   1.0    1.0     1.0     0.0  29000.0 11500.0   0 7.30e-10
    3     3     4   10.0   1.0   1.0    1.0     1.0     0.0  29000.0 11500.0   0 7.30e-10
    4     4     5   10.0   1.0   1.0    1.0     1.0     0.0  29000.0 11500.0   0 7.30e-10
    5     5     6   10.0   1.0   1.0    1.0     1.0     0.0  29000.0 11500.0   0 7.30e-10
    6     6     7   10.0   1.0   1.0    1.0     1.0     0.0  29000.0 11500.0   0 7.30e-10
    7     1     8   10.0   1.0   1.0    1.0     1.0     0.0  29000.0 11500.0   0 7.30e-10
    8     2     8   10.0   1.0   1.0    1.0     1.0     0.0  29000.0 11500.0   0 7.30e-10
    9     2     9   10.0   1.0   1.0    1.0     1.0     0.0  29000.0 11500.0   0 7.30e-10
   10     3     9   10.0   1.0   1.0    1.0     1.0     0.0  29000.0 11500.0   0 7.30e-10
   11     4     9   10.0   1.0   1.0    1.0     1.0     0.0  29000.0 11500.0   0 7.30e-10
   12     4    10   10.0   1.0   1.0    1.0     1.0     0.0  29000.0 11500.0   0 7.30e-10
   13     4    11   10.0   1.0   1.0    1.0     1.0     0.0  29000.0 11500.0   0 7.30e-10
   14     5    11   10.0   1.0   1.0    1.0     1.0     0.0  29000.0 11500.0   0 7.30e-10
   15     6    11   10.0   1.0   1.0    1.0     1.0     0.0  29000.0 11500.0   0 7.30e-10
   16     6    12   10.0   1.0   1.0    1.0     1.0     0.0  29000.0 11500.0   0 7.30e-10
   17     7    12   10.0   1.0   1.0    1.0     1.0     0.0  29000.0 11500.0   0 7.30e-10
   18     8     9   10.0   1.0   1.0    1.0     1.0     0.0  29000.0 11500.0   0 7.30e-10
   19     9    10   10.0   1.0   1.0    1.0     1.0     0.0  29000.0 11500.0   0 7.30e-10
   20    10    11   10.0   1.0   1.0    1.0     1.0     0.0  29000.0 11500.0   0 7.30e-10
   21    11    12   10.0   1.0   1.0    1.0     1.0     0.0  29000.0 11500.0   0 7.30e-10
  Neglect shear deformations.
  Neglect geometric stiffness.

L O A D   C A S E   1   O F   2  ... 

   Gravity X =  0.0    Gravity Y =  -386.400    Gravity Z =  0.0 
   5 concentrated loads
   0 uniformly distributed loads
   0 trapezoidally distributed loads
   0 concentrated point loads
   0 temperature loads
   1 prescribed displacements
 J O I N T   L O A D S  +  E Q U I V A L E N T   J O I N T   L O A D S  (global)
  Joint       Fx          Fy          Fz          Mxx         Myy         Mzz
     1       0.000      -0.000       0.000       0.000       0.000      -0.008
     2       0.000     -10.001       0.000       0.000       0.000      -0.005
     3       0.000     -20.001       0.000       0.000       0.000       0.000
     4       0.000     -20.001       0.000       0.000       0.000       0.000
     5       0.000     -10.001       0.000       0.000       0.000       0.000
     6       0.000     -20.001       0.000       0.000       0.000       0.005
     7       0.000      -0.000       0.000       0.000       0.000       0.008
     8       0.000      -0.001       0.000       0.000       0.000       0.001
     9       0.000      -0.001       0.000       0.000       0.000       0.000
    10       0.000      -0.001       0.000       0.000       0.000       0.000
    11       0.000      -0.001       0.000       0.000       0.000       0.000
    12       0.000      -0.001       0.000       0.000       0.000      -0.001

 P R E S C R I B E D   D I S P L A C E M E N T S                        (global)
  Joint       Dx          Dy          Dz          Dxx         Dyy         Dzz
     8       0.100       0.000       0.000       0.000       0.000       0.000

L O A D   C A S E   2   O F   2  ... 

   Gravity X =  0.0    Gravity Y =  -386.400    Gravity Z =  0.0 
   3 concentrated loads
   0 uniformly distributed loads
   0 trapezoidally distributed loads
   0 concentrated point loads
   3 temperature loads
   2 prescribed displacements
 J O I N T   L O A D S  +  E Q U I V A L E N T   J O I N T   L O A D S  (global)
  Joint       Fx          Fy          Fz          Mxx         Myy         Mzz
     1       0.000      -0.000       0.000       0.000       0.000      -0.008
     2       0.000      -0.001       0.000       0.000       0.000      -0.005
     3      20.000      -0.001       0.000       0.000       0.000       0.000
     4      10.000      -0.001       0.000       0.000       0.000       0.000
     5      20.000      -0.001       0.000       0.000       0.000       0.000
     6       0.000      -0.001       0.000       0.000       0.000       0.005
     7       0.000      -0.000       0.000       0.000       0.000       0.008
     8       0.000      -0.001       0.000       0.000       0.000       0.001
     9       0.000      -0.001       0.000       0.000       0.000       0.000
    10       0.000      -0.001       0.000       0.000       0.000       0.000
    11      -0.000      -0.001       0.000       0.000       0.000       0.000
    12       0.000      -0.001       0.000       0.000       0.000      -0.001
 T E M P E R A T U R E   C H A N G E S					(local)
  Elmnt     coef      hy        hz        Ty+       Ty-       Tz+       Tz-
    10  6.00e-12     5.000     5.000    10.000    10.000    10.000    10.000
    13  6.00e-12     5.000     5.000    15.000    15.000    15.000    15.000
    15  6.00e-12     5.000     5.000    17.000    17.000    17.000    17.000

 P R E S C R I B E D   D I S P L A C E M E N T S                        (global)
  Joint       Dx          Dy          Dz          Dxx         Dyy         Dzz
     1       0.000      -1.000       0.000       0.000       0.000       0.000
     8       0.100       0.000       0.000       0.000       0.000       0.000

E L A S T I C   S T I F F N E S S   A N A L Y S I S   via  L D L'  decomposition


L O A D   C A S E   1   O F   2  ... 

J O I N T   D I S P L A C E M E N T S					(global)
  Joint   X-dsp       Y-dsp       Z-dsp       X-rot       Y-rot       Z-rot
     1    0.0         0.0         0.0         0.0         0.0        -0.001844
     2    0.011744   -0.163887    0.0         0.0         0.0        -0.001123
     3    0.036036   -0.284170    0.0         0.0         0.0        -0.000561
     4    0.060329   -0.315906    0.0         0.0         0.0         0.000023
     5    0.084890   -0.279516    0.0         0.0         0.0         0.000525
     6    0.109452   -0.174022    0.0         0.0         0.0         0.001107
     7    0.125871    0.0         0.0         0.0         0.0         0.001977
     8    0.100000   -0.147200    0.0         0.0         0.0        -0.000785
     9    0.088256   -0.275894    0.0         0.0         0.0        -0.000643
    10    0.059691   -0.315906    0.0         0.0         0.0         0.000006
    11    0.031126   -0.275378    0.0         0.0         0.0         0.000610
    12    0.014707   -0.157603    0.0         0.0         0.0         0.000791
F R A M E   E L E M E N T   E N D   F O R C E S				(local)
  Elmnt  Joint      Nx          Vy         Vz        Txx        Myy        Mzz
     1      1    -28.380t      0.000      0.0        0.0        0.0        0.0  
     1      2     28.380t      0.000      0.0        0.0        0.0       -0.003
     2      2    -58.707t      0.000      0.0        0.0        0.0        0.004
     2      3     58.707t      0.000      0.0        0.0        0.0        0.000
     3      3    -58.707t      0.000      0.0        0.0        0.0        0.002
     3      4     58.707t      0.000      0.0        0.0        0.0       -0.002
     4      4    -59.357t      0.000      0.0        0.0        0.0        0.002
     4      5     59.357t      0.000      0.0        0.0        0.0       -0.003
     5      5    -59.357t      0.000      0.0        0.0        0.0        0.001
     5      6     59.357t      0.000      0.0        0.0        0.0       -0.003
     6      6    -39.679t      0.000      0.0        0.0        0.0        0.003
     6      7     39.679t      0.000      0.0        0.0        0.0        0.0  
     7      1     57.033c      0.000      0.0        0.0        0.0        0.0  
     7      8    -57.033c      0.000      0.0        0.0        0.0       -0.006
     8      2    -40.327t      0.0        0.0        0.0        0.0       -0.004
     8      8     40.328t      0.0        0.0        0.0        0.0       -0.002
     9      2     42.889c      0.000      0.0        0.0        0.0        0.003
     9      9    -42.888c      0.000      0.0        0.0        0.0       -0.005
    10      3    -20.000t      0.0        0.0        0.0        0.0       -0.002
    10      9     20.001t      0.0        0.0        0.0        0.0       -0.003
    11      4    -14.602t     -0.000      0.0        0.0        0.0       -0.004
    11      9     14.602t     -0.000      0.0        0.0        0.0        0.003
    12      4      0.001c      0.0        0.0        0.0        0.0        0.000
    12     10     -0.000c      0.0        0.0        0.0        0.0        0.0  
    13      4    -13.684t      0.000      0.0        0.0        0.0        0.004
    13     11     13.684t      0.000      0.0        0.0        0.0       -0.004
    14      5    -10.000t      0.0        0.0        0.0        0.0        0.002
    14     11     10.001t      0.0        0.0        0.0        0.0        0.002
    15      6     27.828c     -0.000      0.0        0.0        0.0       -0.003
    15     11    -27.828c     -0.000      0.0        0.0        0.0        0.005
    16      6    -39.678t      0.0        0.0        0.0        0.0        0.003
    16     12     39.678t      0.0        0.0        0.0        0.0        0.002
    17      7     56.115c     -0.000      0.0        0.0        0.0        0.0  
    17     12    -56.114c     -0.000      0.0        0.0        0.0        0.005
    18      8     28.380c      0.000      0.0        0.0        0.0        0.008
    18      9    -28.380c      0.0        0.0        0.0        0.0        0.002
    19      9     69.033c      0.000      0.0        0.0        0.0        0.002
    19     10    -69.033c      0.000      0.0        0.0        0.0       -0.002
    20     10     69.033c      0.000      0.0        0.0        0.0        0.001
    20     11    -69.033c      0.000      0.0        0.0        0.0       -0.002
    21     11     39.679c      0.000      0.0        0.0        0.0       -0.001
    21     12    -39.679c      0.000      0.0        0.0        0.0       -0.007
R E A C T I O N S							(global)
  Joint       Fx          Fy          Fz         Mxx         Myy         Mzz
     1      11.948      40.329       0.0         0.0         0.0         0.0  
     2       0.0         0.0         0.0         0.0         0.0         0.0  
     3       0.0         0.0         0.0         0.0         0.0         0.0  
     4       0.0         0.0         0.0         0.0         0.0         0.0  
     5       0.0         0.0         0.0         0.0         0.0         0.0  
     6       0.0         0.0         0.0         0.0         0.0         0.0  
     7       0.0        39.679       0.0         0.0         0.0         0.0  
     8     -11.948       0.0         0.0         0.0         0.0         0.0  
     9       0.0         0.0         0.0         0.0         0.0         0.0  
    10       0.0         0.0         0.0         0.0         0.0         0.0  
    11       0.0         0.0         0.0         0.0         0.0         0.0  
    12       0.0         0.0         0.0         0.0         0.0         0.0  
R M S   E Q U I L I B R I U M    E R R O R: 1.141e-14

L O A D   C A S E   2   O F   2  ... 

J O I N T   D I S P L A C E M E N T S					(global)
  Joint   X-dsp       Y-dsp       Z-dsp       X-rot       Y-rot       Z-rot
     1    0.0        -1.000000    0.0         0.0         0.0        -0.001321
     2    0.072933   -1.060005    0.0         0.0         0.0        -0.000178
     3    0.135418   -1.005280    0.0         0.0         0.0         0.000915
     4    0.189627   -0.833858    0.0         0.0         0.0         0.001622
     5    0.218802   -0.599740    0.0         0.0         0.0         0.002093
     6    0.239701   -0.315545    0.0         0.0         0.0         0.002486
     7    0.250151    0.0         0.0         0.0         0.0         0.003121
     8    0.100000   -1.070452    0.0         0.0         0.0        -0.000011
     9    0.047757   -1.005280    0.0         0.0         0.0         0.000909
    10    0.016409   -0.833858    0.0         0.0         0.0         0.001634
    11   -0.014938   -0.599739    0.0         0.0         0.0         0.002136
    12   -0.025388   -0.305096    0.0         0.0         0.0         0.002218
F R A M E   E L E M E N T   E N D   F O R C E S				(local)
  Elmnt  Joint      Nx          Vy         Vz        Txx        Myy        Mzz
     1      1   -176.254t      0.000      0.0        0.0        0.0       -0.003
     1      2    176.254t      0.000      0.0        0.0        0.0       -0.004
     2      2   -151.006t      0.000      0.0        0.0        0.0       -0.001
     2      3    151.006t      0.000      0.0        0.0        0.0       -0.002
     3      3   -131.006t      0.000      0.0        0.0        0.0       -0.001
     3      4    131.006t      0.000      0.0        0.0        0.0       -0.004
     4      4    -70.506t      0.000      0.0        0.0        0.0        0.001
     4      5     70.506t      0.000      0.0        0.0        0.0       -0.004
     5      5    -50.506t      0.000      0.0        0.0        0.0        0.001
     5      6     50.506t      0.000      0.0        0.0        0.0       -0.004
     6      6    -25.254t      0.000      0.0        0.0        0.0        0.004
     6      7     25.254t      0.000      0.0        0.0        0.0        0.001
     7      1    -35.704t      0.000      0.0        0.0        0.0        0.003
     7      8     35.704t      0.000      0.0        0.0        0.0       -0.002
     8      2     25.247c      0.0        0.0        0.0        0.0        0.001
     8      8    -25.247c      0.0        0.0        0.0        0.0        0.002
     9      2    -35.706t      0.000      0.0        0.0        0.0        0.003
     9      9     35.706t      0.000      0.0        0.0        0.0       -0.003
    10      3     -0.000t      0.0        0.0        0.0        0.0        0.003
    10      9      0.001t      0.0        0.0        0.0        0.0        0.003
    11      4     35.708c     -0.000      0.0        0.0        0.0       -0.004
    11      9    -35.708c     -0.000      0.0        0.0        0.0        0.003
    12      4      0.001c      0.0        0.0        0.0        0.0        0.003
    12     10     -0.000c      0.0        0.0        0.0        0.0        0.003
    13      4    -35.710t      0.000      0.0        0.0        0.0        0.004
    13     11     35.710t      0.000      0.0        0.0        0.0       -0.003
    14      5     -0.000t      0.0        0.0        0.0        0.0        0.002
    14     11      0.001t      0.0        0.0        0.0        0.0        0.003
    15      6     35.712c     -0.000      0.0        0.0        0.0       -0.004
    15     11    -35.712c     -0.000      0.0        0.0        0.0        0.005
    16      6    -25.253t      0.0        0.0        0.0        0.0        0.003
    16     12     25.253t      0.0        0.0        0.0        0.0        0.001
    17      7     35.714c     -0.000      0.0        0.0        0.0       -0.001
    17     12    -35.714c     -0.000      0.0        0.0        0.0        0.006
    18      8    126.254c      0.000      0.0        0.0        0.0       -0.000
    18      9   -126.254c      0.000      0.0        0.0        0.0       -0.003
    19      9     75.757c      0.000      0.0        0.0        0.0       -0.001
    19     10    -75.757c      0.000      0.0        0.0        0.0       -0.004
    20     10     75.757c      0.000      0.0        0.0        0.0        0.001
    20     11    -75.757c      0.000      0.0        0.0        0.0       -0.003
    21     11     25.254c      0.000      0.0        0.0        0.0       -0.001
    21     12    -25.254c      0.000      0.0        0.0        0.0       -0.007
R E A C T I O N S							(global)
  Joint       Fx          Fy          Fz         Mxx         Myy         Mzz
     1    -201.500     -25.246       0.0         0.0         0.0         0.0  
     2       0.0         0.0         0.0         0.0         0.0         0.0  
     3       0.0         0.0         0.0         0.0         0.0         0.0  
     4       0.0         0.0         0.0         0.0         0.0         0.0  
     5       0.0         0.0         0.0         0.0         0.0         0.0  
     6       0.0         0.0         0.0         0.0         0.0         0.0  
     7       0.0        25.254       0.0         0.0         0.0         0.0  
     8     151.500       0.0         0.0         0.0         0.0         0.0  
     9       0.0         0.0         0.0         0.0         0.0         0.0  
    10       0.0         0.0         0.0         0.0         0.0         0.0  
    11       0.0         0.0         0.0         0.0         0.0         0.0  
    12       0.0         0.0         0.0         0.0         0.0         0.0  
R M S   E Q U I L I B R I U M    E R R O R: 2.032e-06

