________________________________________________________________________________
FRAME3DD version: 20090304               http://frame3dd.sf.net/
GPL Copyright (C) 1992-2009, Henri P. Gavin 
FRAME3DD is distributed in the hope that it will be useful but with no warranty.
For details see the GNU Public Licence: http://www.fsf.org/copyleft/gpl.html
________________________________________________________________________________

Example C: a tetrahedral frame - static and dynamic analysis  
Thu Mar  5 17:27:02 2009
________________________________________________________________________________
18 JOINTS;    48 MEMBERS;    1 LOAD CASES;  4 FIXED JOINTS;  
For 2D problems, the Y-axis is vertical. 
For 3D problems, the Z-axis is vertical. 
________________________________________________________________________________
J O I N T   D A T A                                         R E S T R A I N T S
  Joint      X              Y              Z         radius  Fx Fy Fz Mx My Mz
    1       0.000000       0.000000       0.000000    0.000   1  1  1  0  0  0
    2       0.000000     100.000000       0.000000    0.000   0  0  0  0  0  0
    3       0.000000      50.000000     100.000000    0.000   1  1  1  0  0  0
    4     100.000000       0.000000       0.000000    0.000   0  0  0  0  0  0
    5     100.000000     100.000000       0.000000    0.000   0  0  0  0  0  0
    6     100.000000      50.000000     100.000000    0.000   0  0  0  0  0  0
    7     200.000000       0.000000       0.000000    0.000   0  0  0  0  0  0
    8     200.000000     100.000000       0.000000    0.000   0  0  0  0  0  0
    9     200.000000      50.000000     100.000000    0.000   0  0  0  0  0  0
   10     300.000000       0.000000       0.000000    0.000   0  0  0  0  0  0
   11     300.000000     100.000000       0.000000    0.000   0  0  0  0  0  0
   12     300.000000      50.000000     100.000000    0.000   0  0  0  0  0  0
   13     400.000000       0.000000       0.000000    0.000   0  0  0  0  0  0
   14     400.000000     100.000000       0.000000    0.000   0  0  0  0  0  0
   15     400.000000      50.000000     100.000000    0.000   0  0  0  0  0  0
   16     500.000000       0.000000       0.000000    0.000   1  1  1  0  0  0
   17     500.000000     100.000000       0.000000    0.000   0  0  0  0  0  0
   18     500.000000      50.000000     100.000000    0.000   1  1  1  0  0  0
B E A M   D A T A							(local)
  Beam   J1    J2     Ax   Asy   Asz    Jxx     Iyy     Izz       E       G roll
    1     1     2   10.0   8.0   6.0   50.0   100.0   200.0  29000.0 11500.0   0
    2     2     3   10.0   7.0   5.0   50.0   100.0   200.0  29000.0 11500.0   0
    3     1     3   20.0   8.0   5.0   50.0   100.0   200.0  29000.0 11500.0   0
    4     1     4   10.0   8.0   6.0   50.0   100.0   200.0  29000.0 11500.0   0
    5     2     5   10.0   7.0   5.0   50.0   100.0   200.0  29000.0 11500.0   0
    6     3     6   20.0   8.0   5.0   50.0   100.0   200.0  29000.0 11500.0   0
    7     3     4   10.0   8.0   6.0   50.0   100.0   200.0  29000.0 11500.0   0
    8     2     4   10.0   7.0   5.0   50.0   100.0   200.0  29000.0 11500.0   0
    9     2     6   20.0   8.0   5.0   50.0   100.0   200.0  29000.0 11500.0   0
   10     4     5   10.0   8.0   6.0   50.0   100.0   200.0  29000.0 11500.0   0
   11     5     6   10.0   7.0   5.0   50.0   100.0   200.0  29000.0 11500.0   0
   12     4     6   20.0   8.0   5.0   50.0   100.0   200.0  29000.0 11500.0   0
   13     4     7   10.0   8.0   6.0   50.0   100.0   200.0  29000.0 11500.0   0
   14     5     8   10.0   7.0   5.0   50.0   100.0   200.0  29000.0 11500.0   0
   15     6     9   20.0   8.0   5.0   50.0   100.0   200.0  29000.0 11500.0   0
   16     4     9   10.0   8.0   6.0   50.0   100.0   200.0  29000.0 11500.0   0
   17     5     9   10.0   7.0   5.0   50.0   100.0   200.0  29000.0 11500.0   0
   18     4     8   20.0   8.0   5.0   50.0   100.0   200.0  29000.0 11500.0   0
   19     7     8   10.0   8.0   6.0   50.0   100.0   200.0  29000.0 11500.0   0
   20     8     9   10.0   7.0   5.0   50.0   100.0   200.0  29000.0 11500.0   0
   21     7     9   20.0   8.0   5.0   50.0   100.0   200.0  29000.0 11500.0   0
   22     7    10   10.0   8.0   6.0   50.0   100.0   200.0  29000.0 11500.0   0
   23     8    11   10.0   7.0   5.0   50.0   100.0   200.0  29000.0 11500.0   0
   24     9    12   20.0   8.0   5.0   50.0   100.0   200.0  29000.0 11500.0   0
   25     9    10   10.0   8.0   6.0   50.0   100.0   200.0  29000.0 11500.0   0
   26     8    10   10.0   7.0   5.0   50.0   100.0   200.0  29000.0 11500.0   0
   27     8    12   20.0   8.0   5.0   50.0   100.0   200.0  29000.0 11500.0   0
   28    10    11   10.0   8.0   6.0   50.0   100.0   200.0  29000.0 11500.0   0
   29    11    12   10.0   7.0   5.0   50.0   100.0   200.0  29000.0 11500.0   0
   30    10    12   20.0   8.0   5.0   50.0   100.0   200.0  29000.0 11500.0   0
   31    10    13   10.0   8.0   6.0   50.0   100.0   200.0  29000.0 11500.0   0
   32    11    14   10.0   7.0   5.0   50.0   100.0   200.0  29000.0 11500.0   0
   33    12    15   20.0   8.0   5.0   50.0   100.0   200.0  29000.0 11500.0   0
   34    10    15   10.0   8.0   6.0   50.0   100.0   200.0  29000.0 11500.0   0
   35    11    15   10.0   7.0   5.0   50.0   100.0   200.0  29000.0 11500.0   0
   36    10    14   20.0   8.0   5.0   50.0   100.0   200.0  29000.0 11500.0   0
   37    13    14   10.0   8.0   6.0   50.0   100.0   200.0  29000.0 11500.0   0
   38    14    15   10.0   7.0   5.0   50.0   100.0   200.0  29000.0 11500.0   0
   39    13    15   20.0   8.0   5.0   50.0   100.0   200.0  29000.0 11500.0   0
   40    13    16   10.0   8.0   6.0   50.0   100.0   200.0  29000.0 11500.0   0
   41    14    17   10.0   7.0   5.0   50.0   100.0   200.0  29000.0 11500.0   0
   42    15    18   20.0   8.0   5.0   50.0   100.0   200.0  29000.0 11500.0   0
   43    15    16   10.0   8.0   6.0   50.0   100.0   200.0  29000.0 11500.0   0
   44    14    16   10.0   7.0   5.0   50.0   100.0   200.0  29000.0 11500.0   0
   45    14    18   20.0   8.0   5.0   50.0   100.0   200.0  29000.0 11500.0   0
   46    16    17   10.0   8.0   6.0   50.0   100.0   200.0  29000.0 11500.0   0
   47    17    18   10.0   7.0   5.0   50.0   100.0   200.0  29000.0 11500.0   0
   48    16    18   20.0   8.0   5.0   50.0   100.0   200.0  29000.0 11500.0   0
  Include shear deformations.
  Include geometric stiffness.

L O A D   C A S E   1   O F   1  ... 

   0 concentrated loads
   5 uniformly distributed loads
   0 trapezoidally distributed loads
   0 concentrated point loads
   0 temperature loads
   0 prescribed displacements
 J O I N T   L O A D S  +  E Q U I V A L E N T   J O I N T   L O A D S  (global)
  Joint       Fx          Fy          Fz          Mxx         Myy         Mzz
     2       0.000    -500.000       0.000       0.000       0.000   -8333.333
     5       0.000   -1000.000       0.000       0.000       0.000       0.000
     8       0.000   -1000.000       0.000       0.000       0.000       0.000
    11       0.000   -1000.000       0.000       0.000       0.000       0.000
    14       0.000   -1000.000       0.000       0.000       0.000       0.000
    17       0.000    -500.000       0.000       0.000       0.000    8333.333
 U N I F O R M   B E A M   L O A D S					(local)
  Beam        Ux               Uy               Uz
     5       0.00000000     -10.00000000       0.00000000
    14       0.00000000     -10.00000000       0.00000000
    23       0.00000000     -10.00000000       0.00000000
    32       0.00000000     -10.00000000       0.00000000
    41       0.00000000     -10.00000000       0.00000000

E L A S T I C   S T I F F N E S S   A N A L Y S I S   via  L D L'  decomposition


L O A D   C A S E   1   O F   1  ... 

J O I N T   D I S P L A C E M E N T S					(global)
  Joint    X-dsp       Y-dsp       Z-dsp       X-rot       Y-rot       Z-rot
     1    0.0         0.0         0.0         0.003675   -0.022289   -0.032814
     2    1.668587   -0.871572   -0.449630   -0.016795    0.004632   -0.046277
     3    0.0         0.0         0.0        -0.008874   -0.006766   -0.024639
     4   -0.615619   -5.070167    2.075562   -0.030331   -0.007003   -0.026532
     5    0.953845   -5.412503   -1.098269   -0.035146    0.000988   -0.021705
     6   -0.023338   -2.107528    0.589642   -0.026785   -0.003217   -0.019425
     7   -0.240796   -6.465928    2.368399   -0.030301   -0.002365   -0.006193
     8    0.228806   -6.456187   -0.685617   -0.031851   -0.001897   -0.005830
     9   -0.056295   -3.435449    0.848983   -0.029738   -0.001906   -0.006389
    10    0.135566   -6.505355    2.700707   -0.032582    0.001363    0.010962
    11   -0.874937   -6.857282   -0.625354   -0.035320   -0.001540    0.012946
    12   -0.053939   -3.373494    1.129852   -0.031193    0.001220    0.005669
    13    0.079220   -3.913100    1.750376   -0.016897    0.015430    0.031479
    14   -1.975949   -3.923503    0.021314   -0.018640    0.001766    0.029091
    15   -0.050854   -2.184759    0.885730   -0.017128    0.007179    0.021234
    16    0.0         0.0         0.0         0.001864    0.015955    0.026387
    17   -2.019283   -0.169262   -0.082867   -0.001875   -0.001583    0.048038
    18    0.0         0.0         0.0        -0.004107    0.009040    0.023787
B E A M   E N D   F O R C E S						(local)
  Beam   Joint      Nx          Vy         Vz         Txx        Myy        Mzz
     1      1   2527.560c   -180.100    -17.256   -154.794    132.108  -6398.994
     1      2  -2527.560c    180.100     17.256    154.794    457.045  -7393.580
     2      2    -32.117t     -9.362     10.532   -125.748   -812.329   -523.106
     2      3     32.117t      9.362    -10.532    125.748   -396.672   -577.136
     3      1      0.0         0.771     -6.903    -73.305     60.388    573.702
     3      3      0.0        -0.771      6.903     73.305    711.377   -487.531
     4      1   1785.295c     39.061     18.791    195.531    697.309   6207.993
     4      4  -1785.295c    -39.061    -18.791   -195.531   1129.061   6749.812
     5      2   2072.752c    475.013     -2.736    105.517   -492.713  10789.372
     5      5  -2072.752c    524.987      2.736   -105.517   -578.170  -3875.819
     6      3    135.362c     -9.023     -2.149    102.990     48.444   -605.059
     6      6   -135.362c      9.023      2.149   -102.990    246.257    -11.980
     7      3    201.192c      3.482     -0.842     49.695    498.849   1256.036
     7      4   -201.192c     -3.482      0.842    -49.695    168.950    234.106
     8      2  -2775.864t     74.630    -50.353      5.465   1002.907  -2540.932
     8      4   2775.864t    -74.630     50.353     -5.465   -891.522    370.596
     9      2     89.384c      2.260      0.365    -53.120    245.131   -634.618
     9      6    -89.384c     -2.260     -0.365     53.120   -173.411   1140.048
    10      4    992.773c    -68.642    -34.641    -45.949     56.816  -2893.029
    10      5   -992.773c     68.642     34.641     45.949    256.425  -2413.041
    11      5    -82.184t     -6.874     -8.672    -20.161    109.027   -280.080
    11      6     82.184t      6.874      8.672     20.161    555.547   -568.758
    12      4     21.344c     -2.254      2.249    -41.396    -69.855   -108.930
    12      6    -21.344c      2.254     -2.249     41.396   -252.362   -130.421
    13      4  -1086.986t     -0.839      2.979     -0.168   -484.621  -2164.403
    13      7   1086.986t      0.839     -2.979      0.168   -131.595    563.373
    14      5   2102.612c    457.903     -2.000    -18.943    566.962   6683.138
    14      8  -2102.612c    542.097      2.000     18.943    500.735  -8698.343
    15      6    191.146c     -0.142      0.392     16.981    -30.779   -615.547
    15      9   -191.146c      0.142     -0.392    -16.981     41.117    855.172
    16      4   -193.468t     -4.930      5.523    -59.503   -339.806   -792.394
    16      9    193.468t      4.930     -5.523     59.503   -152.989    287.392
    17      5     66.267c      0.465     -2.868    -56.659    305.849   -286.073
    17      9    -66.267c     -0.465      2.868     56.659    299.552    268.582
    18      4   1570.625c    -32.911    -29.709    -10.308    -76.966  -1554.452
    18      8  -1570.625c     32.911     29.709     10.308    -58.258   -622.805
    19      7    -28.250t     -8.386     -0.916     -2.692     43.628   -447.020
    19      8     28.250t      8.386      0.916      2.692    134.258   -404.811
    20      8    -56.215t     -9.680     -0.396      2.548   -129.008   -535.649
    20      9     56.215t      9.680      0.396     -2.548    -17.185   -562.659
    21      7     19.381c      3.887      0.212     -0.155    -30.221    244.837
    21      9    -19.381c     -3.887     -0.212      0.155    -59.219    193.305
    22      7  -1091.451t     18.937    -13.534     13.113    353.346   -225.709
    22     10   1091.451t    -18.937     13.534    -13.113    637.373   2076.340
    23      8   3200.857c    531.543      4.955     19.944   -152.150   9964.237
    23     11  -3200.857c    468.457     -4.955    -19.944   -150.491  -5526.046
    24      9    -13.662t     -6.347     -8.136      8.366    313.870  -1017.648
    24     12     13.662t      6.347      8.136     -8.366    495.884    383.822
    25      9    160.995c     -0.075     -0.211     55.784    181.204   -167.637
    25     10   -160.995c      0.075      0.211    -55.784    238.428    584.703
    26      8     63.904c     10.851     -0.106     11.472     80.354     94.434
    26     10    -63.904c    -10.851      0.106    -11.472    151.003   1446.547
    27      8     22.228c      3.668     -2.451    -27.087    152.200   -103.826
    27     12    -22.228c     -3.668      2.451     27.087    269.660    595.489
    28     10   1020.587c     21.952    -36.104     16.692     51.828    483.749
    28     11  -1020.587c    -21.952     36.104    -16.692    164.059    680.117
    29     11    -30.884t    -17.555     -5.427     39.822    134.929   -927.685
    29     12     30.884t     17.555      5.427    -39.822    351.370  -1009.619
    30     10     22.850c      4.597     -2.172     24.676    117.127    370.505
    30     12    -22.850c     -4.597      2.172    -24.676     45.690    139.102
    31     10    163.404c    -26.054      2.081    -90.189   -570.503  -2676.542
    31     13   -163.404c     26.054     -2.081     90.189    207.088   -352.455
    32     11   3192.933c    544.881      2.793    -95.906    884.843   5386.856
    32     14  -3192.933c    455.119     -2.793     95.906    900.663 -10266.142
    33     12    -17.893t      9.914     -5.732    -80.878    115.081   -398.727
    33     15     17.893t     -9.914      5.732     80.878    462.474   1411.428
    34     10   -204.806t     -7.733      6.449    -73.176   -187.215    -39.920
    34     15    204.806t      7.733     -6.449     73.176   -262.051   -311.441
    35     11      1.410c     -3.242     -6.477    -56.530    179.452   -166.356
    35     15     -1.410c      3.242      6.477     56.530    795.023   -326.408
    36     10  -1363.979t    -44.415     25.317    -41.242    387.322  -1912.181
    36     14   1363.979t     44.415    -25.317     41.242   -313.027    157.667
    37     13     30.168c     63.550     -2.103     78.566     28.919   3284.414
    37     14    -30.168c    -63.550      2.103    -78.566    129.176   3008.609
    38     14     11.497c    -10.031      1.570     48.592   -115.680   -640.546
    38     15    -11.497c     10.031     -1.570    -48.592    -37.525   -503.108
    39     13      2.207c      2.693      0.687     66.105    -46.517      5.314
    39     15     -2.207c     -2.693     -0.687    -66.105    -34.549    295.521
    40     13    229.738c    -56.592      1.903   -107.874   -310.444  -2993.460
    40     16   -229.738c     56.592     -1.903    107.874   -281.986  -3564.712
    41     14    125.670c    511.246      2.966    -96.403    -61.215   7580.653
    41     17   -125.670c    488.754     -2.966     96.403   -248.479  -6927.820
    42     15   -294.953t     -2.122      5.105    -74.869   -183.189     61.786
    42     18    294.953t      2.122     -5.105     74.869    -66.101    370.417
    43     15    200.803c     -7.493      0.656    -24.152   -452.812  -1214.186
    43     16   -200.803c      7.493     -0.656     24.152     97.080   -306.783
    44     14   2823.953c     78.346     -0.638    -18.157    328.394   -329.317
    44     16  -2823.953c    -78.346      0.638     18.157   -298.374   -371.140
    45     14     18.345c     -3.011      0.622    -14.291   -295.343    135.584
    45     18    -18.345c      3.011     -0.622     14.291    201.567   -667.866
    46     16    490.860c    118.594      2.248    100.848   -225.843   4266.842
    46     17   -490.860c   -118.594     -2.248   -100.848    -39.588   6601.332
    47     17      4.093c      7.022      3.472    135.993   -135.885    458.072
    47     18     -4.093c     -7.022     -3.472   -135.993   -251.519    318.730
    48     16      0.0         0.214     -2.978     27.865     11.602   -248.599
    48     18      0.0        -0.214      2.978    -27.865    321.354    272.507
R E A C T I O N S							(global)
  Joint       Fx          Fy          Fz         Mxx         Myy         Mzz
     1    1964.625    2572.794      -1.552       0.0         0.0         0.0  
     3     280.677    -102.679    -109.801       0.0         0.0         0.0  
    16   -2531.689    2565.385     133.030       0.0         0.0         0.0  
    18     277.633       6.806     -21.681       0.0         0.0         0.0  
R M S   E Q U I L I B R I U M    E R R O R: 6.008e-03

M O D A L   A N A L Y S I S   R E S U L T S
  Total Mass:  5.528365e-02     Structural Mass:  5.528365e-02 
J O I N T   M A S S E S	(diagonal of the mass matrix)			(global)
  Joint X-mass      Y-mass      Z-mass      X-inrta     Y-inrta     Z-inrta
     1 3.25879e+01 3.25879e+01 3.25879e+01 2.67859e-01 2.29815e-01 1.83832e-01
     2 1.96752e-03 1.98877e-03 1.98865e-03 5.34150e-01 6.71936e-01 6.28157e-01
     3 3.25879e+01 3.25879e+01 3.25879e+01 4.28550e-01 5.89048e-01 3.36047e-01
     4 3.24613e-03 3.29134e-03 3.31040e-03 8.33680e-01 1.02094e+00 1.11887e+00
     5 1.45687e-03 1.49383e-03 1.48705e-03 3.04512e-01 4.33340e-01 3.69167e-01
     6 2.66999e-03 2.79289e-03 2.70552e-03 5.60484e-01 9.38596e-01 6.08142e-01
     7 1.37117e-03 1.38740e-03 1.37652e-03 2.69079e-01 3.00505e-01 2.55498e-01
     8 2.94171e-03 2.99261e-03 3.03104e-03 7.34104e-01 9.41361e-01 1.09695e+00
     9 3.06012e-03 3.19805e-03 3.09541e-03 6.95493e-01 1.15101e+00 7.43737e-01
    10 3.24613e-03 3.29134e-03 3.31040e-03 8.33680e-01 1.02094e+00 1.11887e+00
    11 1.45687e-03 1.49383e-03 1.48705e-03 3.04512e-01 4.33340e-01 3.69167e-01
    12 2.66999e-03 2.79289e-03 2.70552e-03 5.60484e-01 9.38596e-01 6.08142e-01
    13 1.37117e-03 1.38740e-03 1.37652e-03 2.69079e-01 3.00505e-01 2.55498e-01
    14 2.94171e-03 2.99261e-03 3.03104e-03 7.34104e-01 9.41361e-01 1.09695e+00
    15 3.06012e-03 3.19805e-03 3.09541e-03 6.95493e-01 1.15101e+00 7.43737e-01
    16 3.25879e+01 3.25879e+01 3.25879e+01 5.00864e-01 5.40736e-01 5.16928e-01
    17 8.23191e-04 8.16013e-04 8.24721e-04 1.70430e-01 1.51872e-01 1.64346e-01
    18 3.25879e+01 3.25879e+01 3.25879e+01 5.59264e-01 7.98191e-01 4.66762e-01
  Use consistent mass matrix.
N A T U R A L   F R E Q U E N C I E S   & 
M A S S   N O R M A L I Z E D   M O D E   S H A P E S 
 convergence tolerance: 1.000e-09 
  MODE     1:   f= 21.260822 Hz,  T= 0.047035 sec
		X- modal participation factor =   9.6071e-03 
		Y- modal participation factor =   1.8648e-01 
		Z- modal participation factor =  -6.1588e-02 
  Joint   X-dsp       Y-dsp       Z-dsp       X-rot       Y-rot       Z-rot
     1   0.000e+00   0.000e+00   0.000e+00  -2.705e-03   1.485e-02   2.721e-02
     2  -1.729e+00   3.758e-01  -2.489e-01  -3.670e-03   4.994e-03   2.766e-02
     3  -8.028e-10   4.339e-10  -2.520e-10   5.892e-03   9.310e-03   3.712e-02
     4   5.222e-01   3.588e+00  -8.556e-01  -1.040e-02   8.100e-03   2.386e-02
     5  -1.035e+00   3.620e+00  -1.322e+00  -1.094e-02   8.160e-03   1.954e-02
     6   1.677e-01   3.825e+00  -9.270e-01   8.445e-03   5.952e-03   3.330e-02
     7   2.590e-01   4.642e+00  -8.471e-01  -2.859e-02   2.051e-03   4.557e-03
     8  -1.133e-01   4.558e+00  -2.725e+00  -2.264e-02   5.648e-03   5.694e-03
     9   1.823e-01   6.462e+00  -1.743e+00  -2.337e-03   3.227e-03   1.202e-02
    10  -1.122e-02   4.732e+00  -1.196e+00  -2.466e-02  -2.832e-03  -1.084e-02
    11   1.032e+00   4.783e+00  -2.457e+00  -1.588e-02  -5.550e-03  -9.045e-03
    12   1.115e-01   6.371e+00  -1.946e+00  -2.497e-03  -3.989e-03  -1.486e-02
    13  -1.260e-02   2.655e+00  -6.528e-01  -1.479e-02  -8.939e-03  -2.334e-02
    14   1.906e+00   2.612e+00  -1.246e+00  -5.363e-03  -8.627e-03  -2.332e-02
    15   6.877e-02   3.722e+00  -1.180e+00  -2.895e-03  -1.014e-02  -3.232e-02
    16   8.826e-10   5.664e-09  -1.767e-09  -4.283e-03  -1.148e-02  -2.482e-02
    17   1.936e+00   6.000e-03  -6.158e-03   9.539e-04  -7.986e-03  -2.126e-02
    18   3.518e-09   7.634e-09  -3.115e-09   1.351e-04  -1.130e-02  -3.475e-02
  MODE     2:   f= 32.374007 Hz,  T= 0.030889 sec
		X- modal participation factor =  -8.0429e-03 
		Y- modal participation factor =  -2.2809e-02 
		Z- modal participation factor =  -1.3017e-01 
  Joint   X-dsp       Y-dsp       Z-dsp       X-rot       Y-rot       Z-rot
     1   0.000e+00   0.000e+00   0.000e+00  -9.209e-03   2.569e-02   2.440e-02
     2  -9.615e-01   4.599e-01   4.130e-01   2.594e-02   1.098e-02   8.137e-03
     3   9.529e-11   3.970e-10  -1.225e-10   1.347e-02   1.078e-02  -2.279e-02
     4  -6.442e-01   1.987e+00  -5.164e+00   3.570e-02   3.112e-02   7.100e-03
     5  -6.492e-01   2.005e+00   6.964e-01   7.718e-02   2.649e-03   4.424e-03
     6  -6.797e-02  -3.850e+00  -2.368e+00   4.358e-02   1.128e-02  -2.747e-02
     7  -2.687e-01   2.209e+00  -7.918e+00   6.518e-02   9.738e-03   4.257e-03
     8  -4.109e-01   2.084e+00   4.290e-01   1.097e-01   1.348e-03   6.468e-04
     9  -6.477e-02  -6.123e+00  -3.634e+00   7.994e-02   5.122e-03  -7.532e-03
    10   1.214e-01   2.742e+00  -7.982e+00   6.254e-02  -7.370e-03   1.436e-03
    11   1.090e-01   2.784e+00   6.060e-01   9.734e-02  -1.953e-03   1.644e-03
    12  -3.179e-01  -6.146e+00  -3.743e+00   7.474e-02  -9.462e-03   1.898e-02
    13   6.868e-02   1.879e+00  -4.769e+00   3.984e-02  -3.383e-02  -1.654e-02
    14   7.258e-01   1.799e+00   2.842e-01   5.944e-02  -9.342e-03  -1.032e-02
    15  -5.489e-01  -3.331e+00  -2.089e+00   5.434e-02  -1.509e-02   2.038e-02
    16   1.767e-09   1.763e-09  -1.315e-08   3.044e-04  -2.775e-02  -1.573e-02
    17   7.426e-01   2.311e-02   2.640e-02   7.690e-04  -4.119e-04  -1.306e-02
    18  -9.678e-10  -7.425e-09  -5.559e-09   4.738e-03  -8.084e-03   2.268e-02
  MODE     3:   f= 33.639118 Hz,  T= 0.029727 sec
		X- modal participation factor =   3.2751e-03 
		Y- modal participation factor =  -6.4877e-02 
		Z- modal participation factor =  -1.3057e-01 
  Joint   X-dsp       Y-dsp       Z-dsp       X-rot       Y-rot       Z-rot
     1   0.000e+00   0.000e+00   0.000e+00  -6.364e-03  -1.186e-02  -1.611e-02
     2  -2.333e-01  -7.990e-01  -1.540e+00  -1.601e-02   2.302e-02  -1.588e-02
     3  -8.641e-11   6.047e-11  -2.979e-09  -1.015e-02   7.601e-03   1.068e-02
     4  -7.528e-01  -3.326e+00   3.799e-01  -6.294e-02   1.707e-02  -1.730e-02
     5  -1.819e-01  -3.487e+00  -5.659e+00  -4.784e-02   3.736e-02  -2.064e-02
     6   3.523e-01   1.728e+00  -2.154e+00  -4.878e-02   9.385e-03   1.268e-02
     7  -7.276e-02  -5.012e+00  -2.504e-01  -9.753e-02   3.701e-03  -4.324e-03
     8   3.391e-01  -4.965e+00  -8.815e+00  -4.180e-02   1.458e-02  -3.190e-03
     9   2.979e-01   3.265e+00  -4.345e+00  -8.323e-02   2.249e-03   4.455e-03
    10   6.047e-01  -4.280e+00  -2.488e-01  -7.652e-02  -1.021e-02   4.205e-03
    11   3.789e-01  -4.512e+00  -7.238e+00  -4.449e-02  -2.231e-02   1.297e-02
    12  -5.990e-02   3.116e+00  -3.994e+00  -9.981e-02  -1.956e-02  -9.098e-03
    13   3.231e-01  -2.636e+00   3.646e-01  -3.277e-02   1.265e-03   1.780e-02
    14  -2.505e-01  -2.586e+00  -2.433e+00  -1.286e-02  -2.586e-02   2.124e-02
    15  -2.894e-01   1.207e+00  -1.551e+00  -4.895e-02  -1.416e-02  -8.060e-03
    16   2.046e-09  -8.885e-09  -4.274e-09  -6.170e-04   4.432e-03   1.317e-02
    17  -2.690e-01  -2.932e-02  -2.857e-02   2.566e-03  -1.095e-02   1.466e-02
    18  -5.515e-09  -4.606e-09  -1.207e-08  -1.252e-02  -2.625e-03  -2.403e-03
  MODE     4:   f= 49.993264 Hz,  T= 0.020003 sec
		X- modal participation factor =   3.9329e-02 
		Y- modal participation factor =   3.3055e-03 
		Z- modal participation factor =   1.2619e-03 
  Joint   X-dsp       Y-dsp       Z-dsp       X-rot       Y-rot       Z-rot
     1   0.000e+00   0.000e+00   0.000e+00  -4.052e-04  -1.766e-02  -2.913e-02
     2   1.739e+00  -8.424e-01   3.511e-01   4.136e-02   4.235e-03  -4.302e-02
     3   4.291e-09  -7.095e-09   1.114e-10  -2.911e-02  -1.202e-02  -7.132e-02
     4   2.661e-01  -4.094e+00   2.199e-01   6.439e-02  -7.901e-03  -2.228e-02
     5   4.113e-01  -4.461e+00   7.955e-01   5.405e-02   5.220e-03  -1.349e-02
     6   7.103e-02  -5.569e+00   5.051e-01  -9.567e-02  -6.451e-03  -2.496e-02
     7   1.313e+00  -2.672e+00  -5.536e-01   4.529e-02   1.306e-02   3.387e-02
     8  -7.212e-01  -2.508e+00  -1.550e-01  -2.595e-03   3.044e-03   4.996e-02
     9   3.742e-01  -4.083e+00   1.468e-01  -3.190e-02  -2.526e-03   6.927e-02
    10   2.217e+00   2.964e+00   1.161e-01  -3.662e-02   8.067e-03   4.124e-02
    11   3.890e-01   3.246e+00  -6.592e-01  -5.500e-02  -6.531e-03   3.918e-02
    12   7.491e-01   3.608e+00   7.610e-02   5.745e-02  -8.714e-03   7.551e-02
    13   1.132e+00   3.886e+00   1.433e+00  -8.280e-02  -2.316e-03  -1.720e-02
    14   1.873e+00   3.590e+00  -1.191e+00  -4.530e-02   6.882e-03  -1.084e-02
    15   6.735e-01   7.061e+00  -1.797e-01   5.535e-02  -1.034e-02  -2.310e-02
    16   1.253e-08   6.793e-08   2.493e-09  -3.785e-02  -9.313e-03  -5.027e-02
    17   2.009e+00   4.638e-02  -3.066e-02   3.731e-03   2.551e-03  -2.382e-02
    18   3.272e-08   9.438e-08  -1.283e-08   2.343e-02  -1.676e-02  -9.505e-02
  MODE     5:   f= 61.314559 Hz,  T= 0.016309 sec
		X- modal participation factor =   2.4394e-02 
		Y- modal participation factor =  -2.4508e-03 
		Z- modal participation factor =   3.5970e-03 
  Joint   X-dsp       Y-dsp       Z-dsp       X-rot       Y-rot       Z-rot
     1   0.000e+00   0.000e+00   0.000e+00   8.604e-02  -3.487e-02  -4.489e-02
     2   1.326e+00  -5.166e-01   3.352e-01  -9.512e-02  -3.987e-02   9.396e-04
     3  -1.312e-09  -1.368e-08   2.069e-08  -6.662e-02  -3.615e-02   4.520e-02
     4   5.659e-01  -2.934e+00   7.497e+00   8.312e-02  -5.376e-02  -1.243e-02
     5   4.164e-01  -2.918e+00   4.074e-01  -1.483e-01  -1.379e-02  -6.443e-03
     6   7.274e-01   5.234e+00   4.062e+00  -3.161e-02   2.048e-02  -1.431e-02
     7   2.636e-01  -1.280e+00   3.287e+00   1.662e-02   7.545e-02   3.405e-02
     8  -5.891e-01  -1.048e+00   3.494e-01  -7.320e-02   1.031e-01   1.468e-02
     9   1.497e+00   1.569e+00   1.648e+00  -3.431e-02   3.082e-02  -2.730e-02
    10  -5.471e-02   1.979e+00  -5.142e+00  -4.657e-02   7.686e-02   1.591e-02
    11   9.384e-02   1.991e+00  -3.242e-01   1.009e-01   4.825e-03   1.512e-02
    12   9.363e-01  -3.524e+00  -2.767e+00   3.938e-02  -1.103e-02  -2.752e-02
    13  -9.953e-03   1.748e+00  -5.482e+00  -3.862e-02  -2.685e-02  -1.686e-02
    14   7.886e-01   1.354e+00  -8.715e-01   1.468e-01  -5.381e-03  -1.039e-02
    15   1.450e-01  -2.774e+00  -2.854e+00   5.740e-02  -2.149e-02   1.647e-02
    16   1.400e-08   5.362e-09  -8.141e-08  -2.556e-02  -5.904e-02  -2.424e-02
    17   8.432e-01  -5.207e-03  -3.298e-02   2.249e-02  -1.032e-02  -6.250e-03
    18  -1.407e-09  -5.560e-08  -6.776e-08  -2.960e-02  -1.919e-02   3.436e-02
  MODE     6:   f= 66.879482 Hz,  T= 0.014952 sec
		X- modal participation factor =  -2.8514e-02 
		Y- modal participation factor =  -3.4854e-02 
		Z- modal participation factor =  -2.2512e-02 
  Joint   X-dsp       Y-dsp       Z-dsp       X-rot       Y-rot       Z-rot
     1   0.000e+00   0.000e+00   0.000e+00  -6.457e-05   1.412e-02   2.463e-02
     2  -2.831e-01   5.037e-01   2.462e+00   8.783e-02  -5.223e-02  -1.651e-02
     3  -1.096e-08  -1.252e-08   1.285e-08  -1.322e-02   9.105e-03  -1.035e-01
     4  -3.360e-01   1.838e+00  -2.407e+00   1.562e-01  -4.697e-02   2.539e-02
     5  -9.990e-01   2.231e+00   5.633e+00   5.512e-02  -4.692e-02   1.922e-02
     6  -5.204e-01  -6.752e+00   1.206e+00  -4.397e-02   3.203e-02   2.723e-02
     7  -1.228e+00   2.307e+00  -3.019e-01   4.145e-02  -1.892e-02  -1.582e-02
     8  -8.269e-01   2.186e+00   1.427e+00  -1.228e-01   8.052e-02  -3.176e-02
     9  -2.902e-01  -6.955e-01   1.116e+00   7.635e-02   3.153e-02   7.128e-02
    10  -1.970e+00  -2.097e+00   1.381e+00  -1.224e-01   2.756e-02  -3.864e-02
    11  -3.472e-01  -2.546e+00  -4.713e+00  -2.553e-02   5.537e-02  -4.279e-02
    12   1.586e-01   3.572e+00  -1.034e+00   5.440e-02   1.651e-02  -2.313e-02
    13  -1.021e+00  -4.993e+00   5.208e-01  -1.115e-01   9.190e-03   9.466e-03
    14   7.745e-03  -4.693e+00  -5.141e+00   1.921e-01   2.657e-02  -6.398e-03
    15  -6.865e-02   1.500e+00  -2.591e+00  -1.154e-01  -1.194e-02  -3.846e-02
    16  -3.135e-09  -9.535e-08  -9.608e-08  -1.945e-02  -2.188e-02   3.774e-02
    17  -3.888e-02  -2.601e-01  -3.104e-01   7.005e-02  -5.392e-02   3.936e-02
    18  -1.617e-08  -1.658e-07  -1.898e-07  -1.759e-01  -4.292e-02   5.203e-02
  MODE     7:   f= 68.764436 Hz,  T= 0.014542 sec
		X- modal participation factor =   8.8561e-02 
		Y- modal participation factor =   2.6073e-02 
		Z- modal participation factor =   9.9824e-04 
  Joint   X-dsp       Y-dsp       Z-dsp       X-rot       Y-rot       Z-rot
     1   0.000e+00   0.000e+00   0.000e+00   4.486e-02   1.272e-02  -5.786e-03
     2   1.524e+00   1.768e+00   1.220e+00  -1.447e-01  -5.690e-02   7.850e-02
     3   1.291e-08   2.140e-08   2.901e-08   8.621e-02  -2.779e-02   5.797e-02
     4   6.956e-01   3.473e+00  -3.355e-01  -4.748e-02   4.130e-02  -1.910e-02
     5   2.386e+00   4.259e+00   3.512e+00  -4.317e-02   1.587e-02  -2.220e-02
     6   8.594e-01   1.238e+00   1.423e+00   2.607e-01   6.439e-03  -6.113e-02
     7   1.519e+00   3.055e-02  -1.745e+00   2.506e-02  -1.058e-02  -3.425e-02
     8   2.920e+00   1.781e-02   1.292e+00   1.226e-01   6.123e-02  -4.637e-02
     9   1.507e+00  -3.950e+00   3.436e-01   5.256e-03  -3.585e-02  -5.859e-02
    10   2.201e+00  -2.417e+00   9.917e-01   1.217e-02   1.672e-02  -1.289e-02
    11   1.998e+00  -2.882e+00  -2.140e+00   1.120e-03   2.923e-02   1.698e-02
    12   1.684e+00  -1.825e+00   2.718e-01  -1.419e-01  -5.676e-02   1.052e-01
    13   1.234e+00  -1.322e+00   3.936e+00  -1.464e-01   2.760e-02   6.526e-03
    14   1.925e+00  -1.301e+00  -4.132e+00  -8.079e-03   4.675e-02   3.771e-02
    15   1.205e+00   6.786e+00  -2.405e-01  -3.498e-03  -2.931e-02   3.370e-02
    16   5.890e-08   5.683e-08  -1.731e-08  -9.043e-02   2.724e-03  -3.632e-02
    17   2.132e+00  -7.072e-02  -2.579e-01   3.881e-02  -2.044e-02   7.889e-03
    18   1.012e-07   1.171e-07  -1.164e-07  -2.258e-02  -5.395e-02  -1.194e-01
  MODE     8:   f= 76.130511 Hz,  T= 0.013135 sec
		X- modal participation factor =   2.8536e-02 
		Y- modal participation factor =   2.5980e-03 
		Z- modal participation factor =   4.7202e-02 
  Joint   X-dsp       Y-dsp       Z-dsp       X-rot       Y-rot       Z-rot
     1   0.000e+00   0.000e+00   0.000e+00   7.292e-02   2.412e-03   4.685e-03
     2   9.582e-01   7.493e-01   2.638e+00   1.289e-02  -1.008e-01   7.884e-05
     3  -1.269e-08  -2.898e-08   4.127e-08  -4.543e-02  -1.735e-02  -8.963e-02
     4   5.322e-01   1.644e+00  -2.999e-01   1.997e-01  -4.429e-02   1.499e-02
     5   3.763e-01   2.369e+00   5.247e+00  -4.160e-02  -5.484e-02   1.371e-02
     6   2.724e-01  -4.415e+00   2.357e+00  -9.225e-03   6.665e-02   3.701e-02
     7   7.173e-01   1.131e+00  -8.695e-01  -6.924e-02   3.536e-02  -8.673e-03
     8   1.153e+00   8.053e-01  -1.822e+00  -2.092e-02   2.703e-01  -3.860e-02
     9   1.060e+00   8.503e-01  -6.384e-01   7.714e-02   2.806e-03   3.837e-02
    10   8.134e-01  -1.090e+00  -4.758e-01  -3.827e-02  -4.703e-02  -4.319e-02
    11   1.045e+00  -1.852e+00  -3.149e+00   6.361e-02   1.476e-02   5.249e-03
    12   7.870e-01   1.205e+00  -1.821e+00  -1.133e-01  -1.215e-01  -6.733e-02
    13   4.833e-01   6.877e-02   1.159e+00   2.079e-01  -1.121e-02  -2.702e-04
    14  -2.737e-01   5.294e-01   2.278e+00  -3.187e-01  -2.083e-01   6.885e-02
    15   1.247e-01  -7.845e-01   1.241e+00  -5.306e-02  -4.407e-03   3.270e-02
    16   2.476e-08   1.148e-08   1.986e-07   1.193e-01   1.025e-01   1.480e-02
    17  -3.582e-01   4.004e-01   6.601e-01  -1.544e-01   6.943e-02  -4.008e-02
    18  -4.899e-08   2.115e-07   3.319e-07   2.656e-01   9.003e-02  -5.686e-02
  MODE     9:   f= 79.134159 Hz,  T= 0.012637 sec
		X- modal participation factor =   1.4761e-01 
		Y- modal participation factor =  -1.6452e-02 
		Z- modal participation factor =  -2.2555e-02 
  Joint   X-dsp       Y-dsp       Z-dsp       X-rot       Y-rot       Z-rot
     1   0.000e+00   0.000e+00   0.000e+00  -2.077e-01   1.697e-02  -2.128e-03
     2   3.816e+00  -2.172e-01  -2.041e+00   2.306e-01   2.115e-01  -4.487e-02
     3   8.564e-08   4.180e-08  -9.597e-08   3.400e-02  -5.813e-02  -5.772e-02
     4   2.725e+00   7.373e-01  -4.324e-01  -2.512e-02   2.063e-02  -4.325e-02
     5   3.978e+00   4.360e-01  -8.779e-01   7.989e-02  -1.888e-02   5.436e-02
     6   1.318e+00  -6.148e-01  -4.185e-01  -2.404e-01  -1.769e-01   6.082e-02
     7   2.834e+00   1.119e+00   1.620e+00  -4.133e-02   2.358e-02  -1.608e-02
     8   3.740e+00   9.690e-01   4.201e-01  -5.276e-02   6.709e-02   4.860e-02
     9   2.013e+00   2.447e+00   8.156e-01   5.380e-02  -8.753e-02   2.499e-03
    10   2.331e+00   1.838e-01  -5.456e-02   2.707e-02   8.059e-02  -5.962e-02
    11   3.063e+00   1.682e-01   1.609e+00   6.896e-02   4.058e-02  -5.362e-03
    12   1.840e+00  -2.096e+00   9.255e-01  -2.393e-02  -9.355e-02  -7.676e-02
    13   1.345e+00   6.666e-01  -8.811e-01   3.174e-02   1.695e-02  -4.177e-03
    14   2.200e+00   6.862e-01   7.052e-02   1.143e-01   5.988e-02   2.871e-02
    15   1.217e+00  -2.151e+00   6.420e-01  -7.613e-02  -5.221e-02   3.753e-02
    16   9.070e-08  -2.175e-08  -2.692e-08   4.378e-02   1.262e-02  -3.729e-02
    17   2.435e+00  -3.350e-02  -7.143e-02   2.454e-02   1.296e-04  -1.233e-02
    18   1.679e-07  -8.381e-08  -2.449e-08  -9.846e-02  -7.038e-02   5.041e-03
  MODE    10:   f= 82.142923 Hz,  T= 0.012174 sec
		X- modal participation factor =   5.5423e-02 
		Y- modal participation factor =  -1.9895e-03 
		Z- modal participation factor =   1.2883e-02 
  Joint   X-dsp       Y-dsp       Z-dsp       X-rot       Y-rot       Z-rot
     1   0.000e+00   0.000e+00   0.000e+00   1.204e-01  -4.833e-03  -3.864e-02
     2   1.475e+00   8.955e-01   6.795e-01  -2.367e-01  -5.071e-02   8.251e-02
     3   1.938e-08   7.589e-09   6.522e-08   6.495e-02  -3.284e-02   7.549e-02
     4   4.022e-01  -6.538e-01  -1.510e-01  -5.706e-02   8.661e-02  -5.944e-02
     5   1.362e+00  -1.012e+00  -3.026e-01   2.989e-02   1.436e-01  -8.014e-02
     6   6.478e-01  -5.672e-01   9.181e-02   2.021e-01  -1.311e-02  -1.491e-01
     7   9.479e-01  -8.978e-01  -1.952e+00   1.215e-01   6.515e-03  -1.729e-02
     8   7.460e-01  -6.269e-01  -3.416e-01  -9.847e-02  -1.931e-01   1.404e-01
     9   8.238e-01  -3.386e+00  -6.460e-01  -5.131e-02  -5.901e-02   1.173e-01
    10   1.022e+00   3.067e-01   2.558e-01  -8.145e-02   7.852e-02  -2.093e-02
    11   1.199e+00   5.377e-01  -1.025e+00  -5.959e-02   1.806e-01  -6.444e-02
    12   9.795e-01   3.297e+00  -1.863e-01   3.153e-01   6.032e-03  -4.251e-02
    13   5.843e-01  -5.692e-01  -3.324e-01   1.693e-01  -4.263e-02  -1.837e-02
    14   7.294e-01  -1.081e-01   6.159e-01   7.135e-03  -1.836e-01   1.974e-02
    15   4.257e-01  -2.207e+00   3.996e-01  -1.903e-01  -6.482e-02  -7.753e-02
    16   4.006e-08  -1.236e-07   1.235e-07   3.120e-01   1.476e-01   3.364e-02
    17   6.607e-01   1.068e-01   5.540e-01  -8.062e-02   3.867e-02  -2.976e-02
    18  -2.735e-09  -2.015e-07   2.663e-07  -1.176e-01   1.592e-02   1.062e-01
M A T R I X    I T E R A T I O N S: 21
There are 10 modes below 82.142923 Hz. ... All 10 modes were found.

