________________________________________________________________________________
Frame3DD version: 20091203               http://frame3dd.sf.net/
GPL Copyright (C) 1992-2009, Henri P. Gavin 
Frame3DD is distributed in the hope that it will be useful but with no warranty.
For details see the GNU Public Licence: http://www.fsf.org/copyleft/gpl.html
________________________________________________________________________________

Example D: dynamic properties of an un-restrained frame with a triangular section 
Thu Dec  3 23:56:32 2009
________________________________________________________________________________
In 2D problems the Y-axis is vertical.  In 3D problems the Z-axis is vertical.
________________________________________________________________________________
   24 JOINTS             0 FIXED JOINTS      30 FRAME ELEMENTS   1 LOAD CASES   
________________________________________________________________________________
J O I N T   D A T A                                         R E S T R A I N T S
  Joint      X              Y              Z         radius  Fx Fy Fz Mx My Mz
    1    -120.000000       0.000000    -210.000000   10.000   0  0  0  0  0  0
    2       0.000000       0.000000    -210.000000    0.000   0  0  0  0  0  0
    3     120.000000       0.000000    -210.000000   10.000   0  0  0  0  0  0
    4      60.000000     115.000000    -210.000000    0.000   0  0  0  0  0  0
    5       0.000000     230.000000    -210.000000   10.000   0  0  0  0  0  0
    6     -60.000000     115.000000    -210.000000    0.000   0  0  0  0  0  0
    7    -120.000000       0.000000     -90.000000    0.000   0  0  0  0  0  0
    8     120.000000       0.000000     -90.000000    0.000   0  0  0  0  0  0
    9       0.000000     230.000000     -90.000000    0.000   0  0  0  0  0  0
   10    -120.000000       0.000000       0.000000   10.000   0  0  0  0  0  0
   11       0.000000       0.000000       0.000000    0.000   0  0  0  0  0  0
   12     120.000000       0.000000       0.000000   10.000   0  0  0  0  0  0
   13      60.000000     115.000000       0.000000    0.000   0  0  0  0  0  0
   14       0.000000     230.000000       0.000000   10.000   0  0  0  0  0  0
   15     -60.000000     115.000000       0.000000    0.000   0  0  0  0  0  0
   16    -120.000000       0.000000      90.000000    0.000   0  0  0  0  0  0
   17     120.000000       0.000000      90.000000    0.000   0  0  0  0  0  0
   18       0.000000     230.000000      90.000000    0.000   0  0  0  0  0  0
   19    -120.000000       0.000000     210.000000   10.000   0  0  0  0  0  0
   20       0.000000       0.000000     210.000000    0.000   0  0  0  0  0  0
   21     120.000000       0.000000     210.000000   10.000   0  0  0  0  0  0
   22      60.000000     115.000000     210.000000    0.000   0  0  0  0  0  0
   23       0.000000     230.000000     210.000000   10.000   0  0  0  0  0  0
   24     -60.000000     115.000000     210.000000    0.000   0  0  0  0  0  0
F R A M E   E L E M E N T   D A T A					(local)
  Elmnt  J1    J2     Ax   Asy   Asz    Jxx     Iyy     Izz       E       G roll  density
    1     1     2  125.0 100.0 100.0 5000.0  2500.0  2500.0  29000.0 11500.0   0 7.32e-07
    2     2     3  125.0 100.0 100.0 5000.0  2500.0  2500.0  29000.0 11500.0   0 7.32e-07
    3     3     4  125.0 100.0 100.0 5000.0  2500.0  2500.0  29000.0 11500.0   0 7.32e-07
    4     4     5  125.0 100.0 100.0 5000.0  2500.0  2500.0  29000.0 11500.0   0 7.32e-07
    5     5     6  125.0 100.0 100.0 5000.0  2500.0  2500.0  29000.0 11500.0   0 7.32e-07
    6     6     1  125.0 100.0 100.0 5000.0  2500.0  2500.0  29000.0 11500.0   0 7.32e-07
    7     1     7  125.0 100.0 100.0 5000.0  2500.0  2500.0  29000.0 11500.0   0 7.32e-07
    8     3     8  125.0 100.0 100.0 5000.0  2500.0  2500.0  29000.0 11500.0   0 7.32e-07
    9     5     9  125.0 100.0 100.0 5000.0  2500.0  2500.0  29000.0 11500.0   0 7.32e-07
   10     7    10  125.0 100.0 100.0 5000.0  2500.0  2500.0  29000.0 11500.0   0 7.32e-07
   11     8    12  125.0 100.0 100.0 5000.0  2500.0  2500.0  29000.0 11500.0   0 7.32e-07
   12     9    14  125.0 100.0 100.0 5000.0  2500.0  2500.0  29000.0 11500.0   0 7.32e-07
   13    10    11  125.0 100.0 100.0 5000.0  2500.0  2500.0  29000.0 11500.0   0 7.32e-07
   14    11    12  125.0 100.0 100.0 5000.0  2500.0  2500.0  29000.0 11500.0   0 7.32e-07
   15    12    13  125.0 100.0 100.0 5000.0  2500.0  2500.0  29000.0 11500.0   0 7.32e-07
   16    13    14  125.0 100.0 100.0 5000.0  2500.0  2500.0  29000.0 11500.0   0 7.32e-07
   17    14    15  125.0 100.0 100.0 5000.0  2500.0  2500.0  29000.0 11500.0   0 7.32e-07
   18    15    10  125.0 100.0 100.0 5000.0  2500.0  2500.0  29000.0 11500.0   0 7.32e-07
   19    10    16  125.0 100.0 100.0 5000.0  2500.0  2500.0  29000.0 11500.0   0 7.32e-07
   20    12    17  125.0 100.0 100.0 5000.0  2500.0  2500.0  29000.0 11500.0   0 7.32e-07
   21    14    18  125.0 100.0 100.0 5000.0  2500.0  2500.0  29000.0 11500.0   0 7.32e-07
   22    16    19  125.0 100.0 100.0 5000.0  2500.0  2500.0  29000.0 11500.0   0 7.32e-07
   23    17    21  125.0 100.0 100.0 5000.0  2500.0  2500.0  29000.0 11500.0   0 7.32e-07
   24    18    23  125.0 100.0 100.0 5000.0  2500.0  2500.0  29000.0 11500.0   0 7.32e-07
   25    19    20  125.0 100.0 100.0 5000.0  2500.0  2500.0  29000.0 11500.0   0 7.32e-07
   26    20    21  125.0 100.0 100.0 5000.0  2500.0  2500.0  29000.0 11500.0   0 7.32e-07
   27    21    22  125.0 100.0 100.0 5000.0  2500.0  2500.0  29000.0 11500.0   0 7.32e-07
   28    22    23  125.0 100.0 100.0 5000.0  2500.0  2500.0  29000.0 11500.0   0 7.32e-07
   29    23    24  125.0 100.0 100.0 5000.0  2500.0  2500.0  29000.0 11500.0   0 7.32e-07
   30    24    19  125.0 100.0 100.0 5000.0  2500.0  2500.0  29000.0 11500.0   0 7.32e-07
  Include shear deformations.
  Neglect geometric stiffness.

L O A D   C A S E   1   O F   1  ... 

   Gravity X =  0.0    Gravity Y =  0.0    Gravity Z =  0.0 
   0 concentrated loads
   0 uniformly distributed loads
   0 trapezoidally distributed loads
   0 concentrated point loads
   0 temperature loads
   0 prescribed displacements

E L A S T I C   S T I F F N E S S   A N A L Y S I S   via  L D L'  decomposition


L O A D   C A S E   1   O F   1  ... 

J O I N T   D I S P L A C E M E N T S					(global)
  Joint   X-dsp       Y-dsp       Z-dsp       X-rot       Y-rot       Z-rot
F R A M E   E L E M E N T   E N D   F O R C E S				(local)
  Elmnt  Joint      Nx          Vy         Vz        Txx        Myy        Mzz
     1      1      0.0         0.0        0.0        0.0        0.0        0.0  
     1      2      0.0         0.0        0.0        0.0        0.0        0.0  
     2      2      0.0         0.0        0.0        0.0        0.0        0.0  
     2      3      0.0         0.0        0.0        0.0        0.0        0.0  
     3      3      0.0         0.0        0.0        0.0        0.0        0.0  
     3      4      0.0         0.0        0.0        0.0        0.0        0.0  
     4      4      0.0         0.0        0.0        0.0        0.0        0.0  
     4      5      0.0         0.0        0.0        0.0        0.0        0.0  
     5      5      0.0         0.0        0.0        0.0        0.0        0.0  
     5      6      0.0         0.0        0.0        0.0        0.0        0.0  
     6      6      0.0         0.0        0.0        0.0        0.0        0.0  
     6      1      0.0         0.0        0.0        0.0        0.0        0.0  
     7      1      0.0         0.0        0.0        0.0        0.0        0.0  
     7      7      0.0         0.0        0.0        0.0        0.0        0.0  
     8      3      0.0         0.0        0.0        0.0        0.0        0.0  
     8      8      0.0         0.0        0.0        0.0        0.0        0.0  
     9      5      0.0         0.0        0.0        0.0        0.0        0.0  
     9      9      0.0         0.0        0.0        0.0        0.0        0.0  
    10      7      0.0         0.0        0.0        0.0        0.0        0.0  
    10     10      0.0         0.0        0.0        0.0        0.0        0.0  
    11      8      0.0         0.0        0.0        0.0        0.0        0.0  
    11     12      0.0         0.0        0.0        0.0        0.0        0.0  
    12      9      0.0         0.0        0.0        0.0        0.0        0.0  
    12     14      0.0         0.0        0.0        0.0        0.0        0.0  
    13     10      0.0         0.0        0.0        0.0        0.0        0.0  
    13     11      0.0         0.0        0.0        0.0        0.0        0.0  
    14     11      0.0         0.0        0.0        0.0        0.0        0.0  
    14     12      0.0         0.0        0.0        0.0        0.0        0.0  
    15     12      0.0         0.0        0.0        0.0        0.0        0.0  
    15     13      0.0         0.0        0.0        0.0        0.0        0.0  
    16     13      0.0         0.0        0.0        0.0        0.0        0.0  
    16     14      0.0         0.0        0.0        0.0        0.0        0.0  
    17     14      0.0         0.0        0.0        0.0        0.0        0.0  
    17     15      0.0         0.0        0.0        0.0        0.0        0.0  
    18     15      0.0         0.0        0.0        0.0        0.0        0.0  
    18     10      0.0         0.0        0.0        0.0        0.0        0.0  
    19     10      0.0         0.0        0.0        0.0        0.0        0.0  
    19     16      0.0         0.0        0.0        0.0        0.0        0.0  
    20     12      0.0         0.0        0.0        0.0        0.0        0.0  
    20     17      0.0         0.0        0.0        0.0        0.0        0.0  
    21     14      0.0         0.0        0.0        0.0        0.0        0.0  
    21     18      0.0         0.0        0.0        0.0        0.0        0.0  
    22     16      0.0         0.0        0.0        0.0        0.0        0.0  
    22     19      0.0         0.0        0.0        0.0        0.0        0.0  
    23     17      0.0         0.0        0.0        0.0        0.0        0.0  
    23     21      0.0         0.0        0.0        0.0        0.0        0.0  
    24     18      0.0         0.0        0.0        0.0        0.0        0.0  
    24     23      0.0         0.0        0.0        0.0        0.0        0.0  
    25     19      0.0         0.0        0.0        0.0        0.0        0.0  
    25     20      0.0         0.0        0.0        0.0        0.0        0.0  
    26     20      0.0         0.0        0.0        0.0        0.0        0.0  
    26     21      0.0         0.0        0.0        0.0        0.0        0.0  
    27     21      0.0         0.0        0.0        0.0        0.0        0.0  
    27     22      0.0         0.0        0.0        0.0        0.0        0.0  
    28     22      0.0         0.0        0.0        0.0        0.0        0.0  
    28     23      0.0         0.0        0.0        0.0        0.0        0.0  
    29     23      0.0         0.0        0.0        0.0        0.0        0.0  
    29     24      0.0         0.0        0.0        0.0        0.0        0.0  
    30     24      0.0         0.0        0.0        0.0        0.0        0.0  
    30     19      0.0         0.0        0.0        0.0        0.0        0.0  
R E A C T I O N S							(global)
  Joint       Fx          Fy          Fz         Mxx         Myy         Mzz
R M S   E Q U I L I B R I U M    E R R O R:       nan

M O D A L   A N A L Y S I S   R E S U L T S
  Total Mass:  3.235929e-01     Structural Mass:  3.235929e-01 
J O I N T   M A S S E S	(diagonal of the mass matrix)			(global)
  Joint X-mass      Y-mass      Z-mass      X-inrta     Y-inrta     Z-inrta
     1 1.20815e-02 1.22497e-02 1.21818e-02 3.23512e+00 3.60830e+00 3.61496e+00
     2 7.32000e-03 8.19317e-03 8.19317e-03 2.92800e-01 3.07022e+00 3.07022e+00
     3 1.20815e-02 1.22497e-02 1.21818e-02 3.23512e+00 3.60830e+00 3.61496e+00
     4 8.64979e-03 8.11311e-03 8.85052e-03 3.10723e+00 1.07616e+00 3.86690e+00
     5 1.27464e-02 1.22097e-02 1.25105e-02 4.64233e+00 2.61127e+00 4.01330e+00
     6 8.64979e-03 8.11311e-03 8.85052e-03 3.10723e+00 1.07616e+00 3.86690e+00
     7 7.17970e-03 7.17970e-03 6.40500e-03 2.19234e+00 2.19234e+00 2.56200e-01
     8 7.17970e-03 7.17970e-03 6.40500e-03 2.19234e+00 2.19234e+00 2.56200e-01
     9 7.17970e-03 7.17970e-03 6.40500e-03 2.19234e+00 2.19234e+00 2.56200e-01
    10 1.41511e-02 1.43194e-02 1.40118e-02 3.01448e+00 3.38765e+00 3.68816e+00
    11 7.32000e-03 8.19317e-03 8.19317e-03 2.92800e-01 3.07022e+00 3.07022e+00
    12 1.41511e-02 1.43194e-02 1.40118e-02 3.01448e+00 3.38765e+00 3.68816e+00
    13 8.64979e-03 8.11311e-03 8.85052e-03 3.10723e+00 1.07616e+00 3.86690e+00
    14 1.48160e-02 1.42793e-02 1.43405e-02 4.42169e+00 2.39063e+00 4.08650e+00
    15 8.64979e-03 8.11311e-03 8.85052e-03 3.10723e+00 1.07616e+00 3.86690e+00
    16 7.17970e-03 7.17970e-03 6.40500e-03 2.19234e+00 2.19234e+00 2.56200e-01
    17 7.17970e-03 7.17970e-03 6.40500e-03 2.19234e+00 2.19234e+00 2.56200e-01
    18 7.17970e-03 7.17970e-03 6.40500e-03 2.19234e+00 2.19234e+00 2.56200e-01
    19 1.20815e-02 1.22497e-02 1.21818e-02 3.23512e+00 3.60830e+00 3.61496e+00
    20 7.32000e-03 8.19317e-03 8.19317e-03 2.92800e-01 3.07022e+00 3.07022e+00
    21 1.20815e-02 1.22497e-02 1.21818e-02 3.23512e+00 3.60830e+00 3.61496e+00
    22 8.64979e-03 8.11311e-03 8.85052e-03 3.10723e+00 1.07616e+00 3.86690e+00
    23 1.27464e-02 1.22097e-02 1.25105e-02 4.64233e+00 2.61127e+00 4.01330e+00
    24 8.64979e-03 8.11311e-03 8.85052e-03 3.10723e+00 1.07616e+00 3.86690e+00
  Use consistent mass matrix.
N A T U R A L   F R E Q U E N C I E S   & 
M A S S   N O R M A L I Z E D   M O D E   S H A P E S 
 convergence tolerance: 5.000e-05 
  MODE     1:   f= 0.000002 Hz,  T= 433643.552257 sec
		X- modal participation factor =   5.6761e-01 
		Y- modal participation factor =   1.5002e-02 
		Z- modal participation factor =  -2.5234e-02 
  Joint   X-dsp       Y-dsp       Z-dsp       X-rot       Y-rot       Z-rot
     1   1.754e+00   1.307e-01  -1.099e-01   4.438e-04  -1.972e-11   4.602e-11
     2   1.754e+00   1.307e-01  -1.099e-01   4.438e-04  -1.975e-11   4.617e-11
     3   1.754e+00   1.307e-01  -1.099e-01   4.438e-04  -1.972e-11   4.602e-11
     4   1.754e+00   1.307e-01  -6.280e-02   4.438e-04  -1.967e-11   4.579e-11
     5   1.754e+00   1.307e-01  -1.569e-02   4.438e-04  -1.966e-11   4.570e-11
     6   1.754e+00   1.307e-01  -6.280e-02   4.438e-04  -1.967e-11   4.579e-11
     7   1.754e+00   8.187e-02  -1.099e-01   4.438e-04  -1.972e-11   4.599e-11
     8   1.754e+00   8.187e-02  -1.099e-01   4.438e-04  -1.972e-11   4.599e-11
     9   1.754e+00   8.187e-02  -1.569e-02   4.438e-04  -1.966e-11   4.568e-11
    10   1.754e+00   4.636e-02  -1.099e-01   4.438e-04  -1.972e-11   4.597e-11
    11   1.754e+00   4.636e-02  -1.099e-01   4.438e-04  -1.975e-11   4.612e-11
    12   1.754e+00   4.636e-02  -1.099e-01   4.438e-04  -1.972e-11   4.597e-11
    13   1.754e+00   4.636e-02  -6.280e-02   4.438e-04  -1.967e-11   4.574e-11
    14   1.754e+00   4.636e-02  -1.569e-02   4.438e-04  -1.966e-11   4.566e-11
    15   1.754e+00   4.636e-02  -6.280e-02   4.438e-04  -1.967e-11   4.574e-11
    16   1.754e+00   1.086e-02  -1.099e-01   4.438e-04  -1.971e-11   4.596e-11
    17   1.754e+00   1.086e-02  -1.099e-01   4.438e-04  -1.971e-11   4.595e-11
    18   1.754e+00   1.086e-02  -1.569e-02   4.438e-04  -1.966e-11   4.564e-11
    19   1.754e+00  -3.797e-02  -1.099e-01   4.438e-04  -1.972e-11   4.593e-11
    20   1.754e+00  -3.797e-02  -1.099e-01   4.438e-04  -1.975e-11   4.607e-11
    21   1.754e+00  -3.797e-02  -1.099e-01   4.438e-04  -1.972e-11   4.593e-11
    22   1.754e+00  -3.797e-02  -6.280e-02   4.438e-04  -1.967e-11   4.569e-11
    23   1.754e+00  -3.797e-02  -1.569e-02   4.438e-04  -1.966e-11   4.561e-11
    24   1.754e+00  -3.797e-02  -6.280e-02   4.438e-04  -1.967e-11   4.569e-11
  MODE     2:   f= 0.000001 Hz,  T= 779454.350660 sec
		X- modal participation factor =   9.1542e-03 
		Y- modal participation factor =   3.9305e-01 
		Z- modal participation factor =   6.3049e-02 
  Joint   X-dsp       Y-dsp       Z-dsp       X-rot       Y-rot       Z-rot
     1   2.829e-02  -2.501e-01   7.493e-01  -7.709e-03  -3.004e-11  -4.649e-12
     2   2.829e-02  -2.501e-01   7.493e-01  -7.709e-03  -3.009e-11  -4.656e-12
     3   2.829e-02  -2.501e-01   7.493e-01  -7.709e-03  -3.004e-11  -4.649e-12
     4   2.829e-02  -2.501e-01  -6.891e-02  -7.709e-03  -2.997e-11  -4.617e-12
     5   2.829e-02  -2.501e-01  -8.871e-01  -7.709e-03  -2.995e-11  -4.617e-12
     6   2.829e-02  -2.501e-01  -6.891e-02  -7.709e-03  -2.997e-11  -4.617e-12
     7   2.829e-02   5.979e-01   7.493e-01  -7.709e-03  -3.004e-11  -4.689e-12
     8   2.829e-02   5.979e-01   7.493e-01  -7.709e-03  -3.004e-11  -4.689e-12
     9   2.829e-02   5.979e-01  -8.871e-01  -7.709e-03  -2.996e-11  -4.656e-12
    10   2.829e-02   1.215e+00   7.493e-01  -7.709e-03  -3.004e-11  -4.717e-12
    11   2.829e-02   1.215e+00   7.493e-01  -7.709e-03  -3.009e-11  -4.732e-12
    12   2.829e-02   1.215e+00   7.493e-01  -7.709e-03  -3.004e-11  -4.717e-12
    13   2.829e-02   1.215e+00  -6.891e-02  -7.709e-03  -2.997e-11  -4.693e-12
    14   2.829e-02   1.215e+00  -8.871e-01  -7.709e-03  -2.995e-11  -4.685e-12
    15   2.829e-02   1.215e+00  -6.891e-02  -7.709e-03  -2.997e-11  -4.693e-12
    16   2.829e-02   1.831e+00   7.493e-01  -7.709e-03  -3.004e-11  -4.746e-12
    17   2.829e-02   1.831e+00   7.493e-01  -7.709e-03  -3.004e-11  -4.746e-12
    18   2.829e-02   1.831e+00  -8.871e-01  -7.709e-03  -2.996e-11  -4.713e-12
    19   2.829e-02   2.679e+00   7.493e-01  -7.709e-03  -3.004e-11  -4.786e-12
    20   2.829e-02   2.679e+00   7.493e-01  -7.709e-03  -3.009e-11  -4.809e-12
    21   2.829e-02   2.679e+00   7.493e-01  -7.709e-03  -3.004e-11  -4.785e-12
    22   2.829e-02   2.679e+00  -6.891e-02  -7.709e-03  -2.997e-11  -4.769e-12
    23   2.829e-02   2.679e+00  -8.871e-01  -7.709e-03  -2.995e-11  -4.752e-12
    24   2.829e-02   2.679e+00  -6.891e-02  -7.709e-03  -2.997e-11  -4.769e-12
  MODE     3:   f= 0.000001 Hz,  T= 881814.024970 sec
		X- modal participation factor =   2.3738e-02 
		Y- modal participation factor =  -3.4230e-02 
		Z- modal participation factor =   5.6465e-01 
  Joint   X-dsp       Y-dsp       Z-dsp       X-rot       Y-rot       Z-rot
     1   7.336e-02   9.269e-02   1.670e+00   1.045e-03  -2.850e-11   3.398e-12
     2   7.336e-02   9.269e-02   1.670e+00   1.045e-03  -2.854e-11   3.417e-12
     3   7.336e-02   9.269e-02   1.670e+00   1.045e-03  -2.850e-11   3.399e-12
     4   7.336e-02   9.269e-02   1.781e+00   1.045e-03  -2.843e-11   3.389e-12
     5   7.336e-02   9.269e-02   1.892e+00   1.045e-03  -2.841e-11   3.375e-12
     6   7.336e-02   9.269e-02   1.781e+00   1.045e-03  -2.843e-11   3.389e-12
     7   7.336e-02  -2.222e-02   1.670e+00   1.045e-03  -2.849e-11   3.361e-12
     8   7.336e-02  -2.222e-02   1.670e+00   1.045e-03  -2.849e-11   3.361e-12
     9   7.336e-02  -2.222e-02   1.892e+00   1.045e-03  -2.842e-11   3.338e-12
    10   7.336e-02  -1.058e-01   1.670e+00   1.045e-03  -2.849e-11   3.334e-12
    11   7.336e-02  -1.058e-01   1.670e+00   1.045e-03  -2.854e-11   3.344e-12
    12   7.336e-02  -1.058e-01   1.670e+00   1.045e-03  -2.849e-11   3.334e-12
    13   7.336e-02  -1.058e-01   1.781e+00   1.045e-03  -2.843e-11   3.317e-12
    14   7.336e-02  -1.058e-01   1.892e+00   1.045e-03  -2.841e-11   3.311e-12
    15   7.336e-02  -1.058e-01   1.781e+00   1.045e-03  -2.843e-11   3.317e-12
    16   7.336e-02  -1.893e-01   1.670e+00   1.045e-03  -2.849e-11   3.307e-12
    17   7.336e-02  -1.893e-01   1.670e+00   1.045e-03  -2.849e-11   3.307e-12
    18   7.336e-02  -1.893e-01   1.892e+00   1.045e-03  -2.842e-11   3.284e-12
    19   7.336e-02  -3.043e-01   1.670e+00   1.045e-03  -2.850e-11   3.269e-12
    20   7.336e-02  -3.043e-01   1.670e+00   1.045e-03  -2.854e-11   3.272e-12
    21   7.336e-02  -3.043e-01   1.670e+00   1.045e-03  -2.850e-11   3.269e-12
    22   7.336e-02  -3.043e-01   1.781e+00   1.045e-03  -2.843e-11   3.245e-12
    23   7.336e-02  -3.043e-01   1.892e+00   1.045e-03  -2.841e-11   3.247e-12
    24   7.336e-02  -3.043e-01   1.781e+00   1.045e-03  -2.843e-11   3.245e-12
  MODE     4:   f= 0.000001 Hz,  T= 1240625.102711 sec
		X- modal participation factor =   2.7596e-02 
		Y- modal participation factor =  -4.0952e-01 
		Z- modal participation factor =   1.2392e-02 
  Joint   X-dsp       Y-dsp       Z-dsp       X-rot       Y-rot       Z-rot
     1   8.528e-02  -2.685e+00   5.756e-01  -7.470e-03   1.470e-12  -2.388e-12
     2   8.528e-02  -2.685e+00   5.756e-01  -7.470e-03   1.472e-12  -2.396e-12
     3   8.528e-02  -2.685e+00   5.756e-01  -7.470e-03   1.470e-12  -2.388e-12
     4   8.528e-02  -2.685e+00  -2.173e-01  -7.470e-03   1.466e-12  -2.376e-12
     5   8.528e-02  -2.685e+00  -1.010e+00  -7.470e-03   1.465e-12  -2.371e-12
     6   8.528e-02  -2.685e+00  -2.173e-01  -7.470e-03   1.466e-12  -2.376e-12
     7   8.528e-02  -1.863e+00   5.756e-01  -7.470e-03   1.469e-12  -2.386e-12
     8   8.528e-02  -1.863e+00   5.756e-01  -7.470e-03   1.469e-12  -2.386e-12
     9   8.528e-02  -1.863e+00  -1.010e+00  -7.470e-03   1.466e-12  -2.369e-12
    10   8.528e-02  -1.266e+00   5.756e-01  -7.470e-03   1.470e-12  -2.384e-12
    11   8.528e-02  -1.266e+00   5.756e-01  -7.470e-03   1.472e-12  -2.392e-12
    12   8.528e-02  -1.266e+00   5.756e-01  -7.470e-03   1.470e-12  -2.384e-12
    13   8.528e-02  -1.266e+00  -2.173e-01  -7.470e-03   1.466e-12  -2.372e-12
    14   8.528e-02  -1.266e+00  -1.010e+00  -7.470e-03   1.465e-12  -2.368e-12
    15   8.528e-02  -1.266e+00  -2.173e-01  -7.470e-03   1.466e-12  -2.372e-12
    16   8.528e-02  -6.679e-01   5.756e-01  -7.470e-03   1.469e-12  -2.383e-12
    17   8.528e-02  -6.679e-01   5.756e-01  -7.470e-03   1.469e-12  -2.383e-12
    18   8.528e-02  -6.679e-01  -1.010e+00  -7.470e-03   1.466e-12  -2.367e-12
    19   8.528e-02   1.538e-01   5.756e-01  -7.470e-03   1.470e-12  -2.381e-12
    20   8.528e-02   1.538e-01   5.756e-01  -7.470e-03   1.472e-12  -2.388e-12
    21   8.528e-02   1.538e-01   5.756e-01  -7.470e-03   1.470e-12  -2.381e-12
    22   8.528e-02   1.538e-01  -2.173e-01  -7.470e-03   1.466e-12  -2.368e-12
    23   8.528e-02   1.538e-01  -1.010e+00  -7.470e-03   1.465e-12  -2.365e-12
    24   8.528e-02   1.538e-01  -2.173e-01  -7.470e-03   1.466e-12  -2.368e-12
  MODE     5:   f= 0.015922 Hz,  T= 62.807631 sec
		X- modal participation factor =  -1.0924e-09 
		Y- modal participation factor =  -1.0588e-09 
		Z- modal participation factor =  -1.5767e-09 
  Joint   X-dsp       Y-dsp       Z-dsp       X-rot       Y-rot       Z-rot
     1   2.105e+00  -2.994e-03  -1.220e+00  -1.914e-05  -1.108e-02   2.514e-05
     2   2.105e+00  -1.490e-10  -6.055e-09   1.644e-11  -1.110e-02   2.821e-05
     3   2.105e+00   2.994e-03   1.220e+00   1.914e-05  -1.108e-02   2.514e-05
     4   2.102e+00   1.493e-03   6.100e-01   2.675e-05  -1.105e-02   2.801e-05
     5   2.099e+00  -1.490e-10  -2.565e-09   1.644e-11  -1.104e-02   2.484e-05
     6   2.102e+00  -1.493e-03  -6.100e-01  -2.675e-05  -1.105e-02   2.801e-05
     7   8.862e-01  -1.233e-03  -1.220e+00  -1.456e-05  -1.108e-02   1.059e-05
     8   8.862e-01   1.233e-03   1.220e+00   1.456e-05  -1.108e-02   1.059e-05
     9   8.838e-01  -1.957e-09  -2.565e-09   1.644e-11  -1.105e-02   1.046e-05
    10  -2.820e-09  -4.127e-09  -1.220e+00  -1.719e-05  -1.108e-02   7.755e-12
    11  -2.820e-09  -3.272e-09  -6.055e-09   1.644e-11  -1.110e-02   7.779e-12
    12  -2.820e-09  -2.417e-09   1.220e+00   1.719e-05  -1.108e-02   7.755e-12
    13  -3.641e-09  -2.845e-09   6.100e-01   2.714e-05  -1.105e-02   7.715e-12
    14  -4.459e-09  -3.272e-09  -2.565e-09   1.644e-11  -1.105e-02   7.701e-12
    15  -3.641e-09  -3.699e-09  -6.100e-01  -2.714e-05  -1.105e-02   7.715e-12
    16  -8.862e-01   1.233e-03  -1.220e+00  -1.456e-05  -1.108e-02  -1.059e-05
    17  -8.862e-01  -1.233e-03   1.220e+00   1.456e-05  -1.108e-02  -1.059e-05
    18  -8.838e-01  -4.587e-09  -2.565e-09   1.644e-11  -1.105e-02  -1.046e-05
    19  -2.105e+00   2.994e-03  -1.220e+00  -1.914e-05  -1.108e-02  -2.514e-05
    20  -2.105e+00  -6.395e-09  -6.055e-09   1.644e-11  -1.110e-02  -2.821e-05
    21  -2.105e+00  -2.994e-03   1.220e+00   1.914e-05  -1.108e-02  -2.514e-05
    22  -2.102e+00  -1.493e-03   6.100e-01   2.675e-05  -1.105e-02  -2.801e-05
    23  -2.099e+00  -6.395e-09  -2.565e-09   1.644e-11  -1.104e-02  -2.484e-05
    24  -2.102e+00   1.493e-03  -6.100e-01  -2.675e-05  -1.105e-02  -2.801e-05
  MODE     6:   f= 0.032973 Hz,  T= 30.327397 sec
		X- modal participation factor =   1.6391e-09 
		Y- modal participation factor =  -1.8995e-11 
		Z- modal participation factor =   2.4864e-11 
  Joint   X-dsp       Y-dsp       Z-dsp       X-rot       Y-rot       Z-rot
     1  -1.139e+00   1.753e+00  -1.813e-09  -1.999e-08  -1.196e-08  -1.590e-02
     2  -1.139e+00   8.740e-10  -2.762e-10   4.909e-12   5.681e-09  -1.595e-02
     3  -1.139e+00  -1.753e+00   1.260e-09   2.000e-08  -1.196e-08  -1.590e-02
     4   5.436e-01  -8.750e-01  -4.143e-08  -6.944e-09  -1.043e-10  -1.582e-02
     5   2.221e+00   8.740e-10   7.658e-10   4.909e-12   2.943e-08  -1.579e-02
     6   5.436e-01   8.750e-01   4.192e-08   6.954e-09  -1.043e-10  -1.582e-02
     7  -1.139e+00   1.753e+00  -1.268e-09  -1.878e-08  -1.109e-08  -1.590e-02
     8  -1.139e+00  -1.753e+00   7.151e-10   1.879e-08  -1.109e-08  -1.590e-02
     9   2.221e+00   3.340e-10   7.658e-10   4.909e-12   2.407e-08  -1.579e-02
    10  -1.139e+00   1.753e+00  -8.712e-10   4.901e-12  -5.403e-12  -1.590e-02
    11  -1.139e+00  -5.871e-11  -2.762e-10   4.909e-12  -5.411e-12  -1.595e-02
    12  -1.139e+00  -1.753e+00   3.187e-10   4.918e-12  -5.403e-12  -1.590e-02
    13   5.436e-01  -8.750e-01   5.423e-10   4.922e-12  -5.390e-12  -1.582e-02
    14   2.221e+00  -5.871e-11   7.658e-10   4.909e-12  -5.387e-12  -1.579e-02
    15   5.436e-01   8.750e-01  -5.268e-11   4.896e-12  -5.390e-12  -1.582e-02
    16  -1.139e+00   1.753e+00  -4.747e-10   1.879e-08   1.108e-08  -1.590e-02
    17  -1.139e+00  -1.753e+00  -7.775e-11  -1.878e-08   1.108e-08  -1.590e-02
    18   2.221e+00  -4.514e-10   7.658e-10   4.909e-12  -2.408e-08  -1.579e-02
    19  -1.139e+00   1.753e+00   7.036e-11   2.000e-08   1.195e-08  -1.590e-02
    20  -1.139e+00  -9.914e-10  -2.762e-10   4.909e-12  -5.692e-09  -1.595e-02
    21  -1.139e+00  -1.753e+00  -6.228e-10  -1.999e-08   1.195e-08  -1.590e-02
    22   5.436e-01  -8.750e-01   4.252e-08   6.954e-09   9.355e-11  -1.582e-02
    23   2.221e+00  -9.914e-10   7.658e-10   4.909e-12  -2.944e-08  -1.579e-02
    24   5.436e-01   8.750e-01  -4.203e-08  -6.944e-09   9.355e-11  -1.582e-02
  MODE     7:   f= 8.748399 Hz,  T= 0.114307 sec
		X- modal participation factor =   3.6840e-15 
		Y- modal participation factor =   8.1698e-16 
		Z- modal participation factor =  -5.1683e-16 
  Joint   X-dsp       Y-dsp       Z-dsp       X-rot       Y-rot       Z-rot
     1  -1.487e+00   2.414e+00   1.983e-01   5.707e-03   4.471e-03  -2.006e-02
     2  -1.488e+00   3.006e-09   1.133e-09  -1.578e-11   5.353e-04  -2.298e-02
     3  -1.487e+00  -2.414e+00  -1.983e-01  -5.707e-03   4.471e-03  -2.006e-02
     4   8.544e-01  -1.194e+00  -8.397e-02   2.581e-03   1.173e-03  -2.300e-02
     5   3.142e+00  -1.358e-09   5.493e-10   9.791e-12  -7.795e-03  -1.931e-02
     6   8.544e-01   1.194e+00   8.397e-02  -2.581e-03   1.173e-03  -2.300e-02
     7  -6.770e-01   1.111e+00   1.984e-01   1.525e-02   9.050e-03  -8.455e-03
     8  -6.770e-01  -1.111e+00  -1.984e-01  -1.525e-02   9.050e-03  -8.455e-03
     9   1.459e+00  -4.417e-10   5.530e-10  -1.932e-11  -1.963e-02  -8.137e-03
    10   5.163e-09   8.169e-10   1.984e-01   1.043e-02   6.848e-03   1.383e-10
    11   5.187e-09   4.652e-10   1.078e-09  -6.767e-12  -6.030e-04  -8.044e-11
    12   5.107e-09  -2.641e-10  -1.984e-01  -1.043e-02   6.848e-03   1.401e-10
    13  -1.614e-08  -1.118e-08  -8.610e-02   4.236e-03   1.192e-03   3.883e-11
    14   5.398e-09   2.774e-10   5.448e-10   1.103e-11  -1.432e-02  -2.984e-10
    15  -1.425e-08   1.078e-08   8.610e-02  -4.236e-03   1.192e-03   4.021e-11
    16   6.770e-01  -1.111e+00   1.984e-01   1.525e-02   9.050e-03   8.455e-03
    17   6.770e-01   1.111e+00  -1.984e-01  -1.525e-02   9.050e-03   8.455e-03
    18  -1.459e+00  -8.671e-11   5.587e-10   7.554e-13  -1.963e-02   8.137e-03
    19   1.487e+00  -2.414e+00   1.983e-01   5.707e-03   4.471e-03   2.006e-02
    20   1.488e+00   8.922e-10   1.424e-10  -7.013e-12   5.353e-04   2.298e-02
    21   1.487e+00   2.414e+00  -1.983e-01  -5.707e-03   4.471e-03   2.006e-02
    22  -8.544e-01   1.194e+00  -8.397e-02   2.581e-03   1.173e-03   2.300e-02
    23  -3.142e+00  -3.760e-10   5.626e-10   8.550e-12  -7.795e-03   1.931e-02
    24  -8.544e-01  -1.194e+00   8.397e-02  -2.581e-03   1.173e-03   2.300e-02
  MODE     8:   f= 11.547642 Hz,  T= 0.086598 sec
		X- modal participation factor =  -6.7644e-17 
		Y- modal participation factor =   2.0347e-15 
		Z- modal participation factor =   5.4322e-15 
  Joint   X-dsp       Y-dsp       Z-dsp       X-rot       Y-rot       Z-rot
     1  -1.416e-03   1.099e+00   1.274e+00  -4.741e-03   1.682e-03   1.910e-03
     2  -2.038e-07   1.263e+00   1.240e+00  -4.751e-03  -8.613e-10   1.342e-09
     3   1.416e-03   1.099e+00   1.274e+00  -4.741e-03  -1.682e-03  -1.910e-03
     4   8.470e-02   1.143e+00  -5.881e-01  -1.937e-02  -7.634e-03   4.793e-04
     5  -2.147e-07   1.097e+00  -2.498e+00  -7.941e-03  -1.798e-09   3.038e-09
     6  -8.470e-02   1.143e+00  -5.881e-01  -1.937e-02   7.634e-03  -4.793e-04
     7  -2.472e-02   6.058e-01   1.275e+00   9.472e-03  -7.797e-04   8.059e-04
     8   2.472e-02   6.058e-01   1.275e+00   9.472e-03   7.797e-04  -8.058e-04
     9   5.058e-07   5.575e-01  -2.499e+00   1.096e-02   7.596e-09  -2.042e-08
    10   6.273e-07   1.195e-07   1.274e+00   2.753e-03   2.124e-03   1.638e-08
    11   6.301e-07  -1.453e-08   1.214e+00   2.759e-03   1.669e-10  -9.984e-09
    12   6.205e-07  -1.647e-08   1.274e+00   2.753e-03  -2.124e-03   1.813e-08
    13  -2.028e-06  -1.375e-06  -5.693e-01  -2.041e-02  -1.208e-02   4.622e-09
    14   6.520e-07   5.314e-08  -2.497e+00  -1.337e-03  -4.356e-09  -3.702e-08
    15  -1.735e-06   1.331e-06  -5.694e-01  -2.041e-02   1.208e-02   5.237e-09
    16   2.472e-02  -6.058e-01   1.275e+00   9.472e-03  -7.797e-04  -8.058e-04
    17  -2.472e-02  -6.058e-01   1.275e+00   9.472e-03   7.797e-04   8.059e-04
    18   3.726e-07  -5.575e-01  -2.499e+00   1.096e-02  -3.543e-09  -2.592e-08
    19   1.416e-03  -1.099e+00   1.274e+00  -4.741e-03   1.682e-03  -1.910e-03
    20   5.403e-08  -1.263e+00   1.240e+00  -4.751e-03   4.156e-09  -2.343e-09
    21  -1.416e-03  -1.099e+00   1.274e+00  -4.741e-03  -1.682e-03   1.910e-03
    22  -8.470e-02  -1.143e+00  -5.881e-01  -1.937e-02  -7.634e-03  -4.793e-04
    23   5.139e-08  -1.097e+00  -2.498e+00  -7.941e-03  -1.259e-09  -9.771e-09
    24   8.470e-02  -1.143e+00  -5.881e-01  -1.937e-02   7.634e-03   4.793e-04
  MODE     9:   f= 12.345501 Hz,  T= 0.081001 sec
		X- modal participation factor =  -3.2989e-17 
		Y- modal participation factor =  -1.1799e-15 
		Z- modal participation factor =  -3.4250e-15 
  Joint   X-dsp       Y-dsp       Z-dsp       X-rot       Y-rot       Z-rot
     1  -1.118e+00   2.164e-01  -2.230e+00   2.075e-03  -8.145e-03  -4.183e-04
     2  -1.119e+00  -4.382e-07   1.852e-07  -1.740e-09  -2.635e-02  -2.735e-03
     3  -1.118e+00  -2.164e-01   2.230e+00  -2.075e-03  -8.145e-03  -4.183e-04
     4  -1.089e+00  -1.988e-01   1.097e+00  -8.214e-03  -1.034e-02  -1.713e-03
     5  -7.102e-01   1.954e-07   1.748e-07   3.325e-09  -5.012e-03  -4.452e-03
     6  -1.089e+00   1.988e-01  -1.097e+00   8.214e-03  -1.034e-02  -1.713e-03
     7  -5.995e-01   1.322e-01  -2.231e+00   6.053e-04   1.108e-02  -1.765e-04
     8  -5.995e-01  -1.322e-01   2.231e+00  -6.053e-04   1.108e-02  -1.765e-04
     9  -4.566e-01   1.498e-07   1.777e-07   9.760e-10   6.601e-03  -1.879e-03
    10  -5.391e-07  -1.532e-07  -2.229e+00   3.217e-03  -3.535e-04  -1.066e-08
    11  -5.389e-07   1.028e-07   3.595e-07  -2.246e-09  -3.009e-02   7.991e-09
    12  -5.275e-07  -3.738e-08   2.229e+00  -3.217e-03  -3.535e-04  -1.664e-08
    13   1.820e-06   1.169e-06   1.066e+00  -1.284e-02  -4.698e-03  -2.980e-09
    14  -5.599e-07  -9.544e-08   1.763e-07   4.929e-09   2.664e-03   2.924e-08
    15   1.165e-06  -1.024e-06  -1.066e+00   1.284e-02  -4.698e-03  -4.752e-09
    16   5.995e-01  -1.322e-01  -2.231e+00   6.053e-04   1.108e-02   1.765e-04
    17   5.995e-01   1.322e-01   2.231e+00  -6.053e-04   1.108e-02   1.765e-04
    18   4.566e-01  -1.247e-07   1.787e-07  -3.084e-09   6.601e-03   1.879e-03
    19   1.118e+00  -2.164e-01  -2.230e+00   2.075e-03  -8.145e-03   4.183e-04
    20   1.119e+00  -2.445e-07   1.895e-07  -3.414e-09  -2.635e-02   2.735e-03
    21   1.118e+00   2.164e-01   2.230e+00  -2.075e-03  -8.145e-03   4.183e-04
    22   1.089e+00   1.988e-01   1.097e+00  -8.214e-03  -1.034e-02   1.713e-03
    23   7.102e-01   1.191e-07   1.771e-07   2.294e-09  -5.012e-03   4.452e-03
    24   1.089e+00  -1.988e-01  -1.097e+00   8.214e-03  -1.034e-02   1.713e-03
  MODE    10:   f= 13.227107 Hz,  T= 0.075602 sec
		X- modal participation factor =  -5.7382e-15 
		Y- modal participation factor =   1.1096e-15 
		Z- modal participation factor =  -9.9656e-17 
  Joint   X-dsp       Y-dsp       Z-dsp       X-rot       Y-rot       Z-rot
     1   1.476e+00   1.013e-01  -1.569e-02  -3.383e-03  -1.170e-02  -2.876e-03
     2   1.478e+00   3.465e-06   8.498e-07  -8.513e-09   5.427e-03   9.689e-06
     3   1.476e+00  -1.013e-01   1.569e-02   3.383e-03  -1.170e-02  -2.876e-03
     4   1.873e+00   1.035e-01   2.610e-01   9.962e-03  -1.265e-02  -1.591e-03
     5   1.676e+00  -1.401e-06   1.063e-07   7.688e-09  -2.210e-02   3.631e-03
     6   1.873e+00  -1.035e-01  -2.610e-01  -9.962e-03  -1.265e-02  -1.591e-03
     7  -9.860e-01   3.520e-02  -6.611e-03   2.670e-03  -2.362e-02   6.883e-04
     8  -9.860e-01  -3.520e-02   6.611e-03  -2.670e-03  -2.362e-02   6.882e-04
     9  -1.269e+00  -1.332e-06   1.040e-07  -1.666e-08  -2.381e-02  -9.948e-04
    10  -2.109e+00  -1.164e-01   3.958e-07  -2.993e-08   2.236e-08   3.279e-03
    11  -2.112e+00   1.505e-06  -7.253e-08  -2.390e-09  -3.591e-09   2.399e-06
    12  -2.109e+00   1.164e-01  -3.245e-07   2.492e-08   1.352e-08   3.279e-03
    13  -2.606e+00  -1.366e-01   2.174e-06   4.715e-09  -9.674e-09   1.939e-03
    14  -2.349e+00   1.152e-08   1.003e-07  -4.160e-09  -2.543e-08  -4.357e-03
    15  -2.606e+00   1.366e-01  -3.371e-06   1.902e-10  -1.115e-08   1.939e-03
    16  -9.860e-01   3.520e-02   6.612e-03  -2.670e-03   2.362e-02   6.883e-04
    17  -9.860e-01  -3.520e-02  -6.612e-03   2.670e-03   2.362e-02   6.882e-04
    18  -1.269e+00   3.047e-07   1.133e-07   3.163e-10   2.381e-02  -9.948e-04
    19   1.476e+00   1.013e-01   1.569e-02   3.383e-03   1.170e-02  -2.876e-03
    20   1.478e+00  -3.083e-08  -6.112e-07   1.125e-09  -5.427e-03   9.653e-06
    21   1.476e+00  -1.013e-01  -1.569e-02  -3.383e-03   1.170e-02  -2.876e-03
    22   1.873e+00   1.034e-01  -2.610e-01  -9.962e-03   1.265e-02  -1.591e-03
    23   1.676e+00  -1.826e-07   1.282e-07   8.071e-10   2.210e-02   3.631e-03
    24   1.873e+00  -1.034e-01   2.610e-01   9.962e-03   1.265e-02  -1.591e-03
  MODE    11:   f= 13.477467 Hz,  T= 0.074198 sec
		X- modal participation factor =   7.1137e-16 
		Y- modal participation factor =   5.7006e-15 
		Z- modal participation factor =  -8.2298e-16 
  Joint   X-dsp       Y-dsp       Z-dsp       X-rot       Y-rot       Z-rot
     1   1.146e-03  -1.574e+00   8.244e-03  -1.761e-02  -4.062e-03  -3.304e-03
     2  -5.953e-07  -1.872e+00   2.454e-01  -1.767e-02  -4.035e-09   5.627e-09
     3  -1.147e-03  -1.574e+00   8.244e-03  -1.761e-02   4.062e-03   3.304e-03
     4  -1.557e-01  -1.656e+00  -1.788e-01   8.978e-04   9.591e-03  -8.181e-04
     5  -6.427e-07  -1.572e+00  -1.726e-02  -9.446e-03   4.560e-09   1.844e-08
     6   1.557e-01  -1.656e+00  -1.788e-01   8.978e-04  -9.591e-03   8.181e-04
     7  -8.430e-02   1.144e+00   3.474e-03  -2.348e-02   1.190e-03   8.571e-04
     8   8.430e-02   1.144e+00   3.474e-03  -2.348e-02  -1.190e-03  -8.571e-04
     9   5.827e-07   9.745e-01  -7.274e-03  -2.588e-02   1.037e-08  -1.745e-08
    10  -3.533e-03   2.229e+00  -3.488e-08   2.368e-11   1.208e-09   3.881e-03
    11   8.581e-07   2.605e+00  -3.121e-07   1.131e-09  -2.675e-10  -1.202e-08
    12   3.535e-03   2.229e+00   1.811e-08   2.125e-09  -1.587e-09  -3.881e-03
    13   1.985e-01   2.331e+00   1.017e-07   3.678e-10  -1.103e-09   9.852e-04
    14   8.943e-07   2.222e+00  -1.194e-07  -3.789e-09  -1.685e-09  -4.319e-08
    15  -1.985e-01   2.331e+00   4.081e-07  -3.512e-10  -1.121e-09  -9.852e-04
    16  -8.429e-02   1.144e+00  -3.474e-03   2.348e-02  -1.190e-03   8.571e-04
    17   8.430e-02   1.144e+00  -3.474e-03   2.348e-02   1.190e-03  -8.571e-04
    18   2.777e-07   9.745e-01   7.274e-03   2.588e-02  -1.128e-08  -2.119e-08
    19   1.146e-03  -1.574e+00  -8.244e-03   1.761e-02   4.062e-03  -3.304e-03
    20  -3.816e-07  -1.872e+00  -2.454e-01   1.767e-02   2.760e-09   3.125e-09
    21  -1.147e-03  -1.574e+00  -8.244e-03   1.761e-02  -4.062e-03   3.304e-03
    22  -1.557e-01  -1.656e+00   1.788e-01  -8.978e-04  -9.591e-03  -8.181e-04
    23  -4.314e-07  -1.572e+00   1.726e-02   9.446e-03   1.961e-09   9.773e-09
    24   1.557e-01  -1.656e+00   1.788e-01  -8.978e-04   9.591e-03   8.181e-04
  MODE    12:   f= 18.828904 Hz,  T= 0.053110 sec
		X- modal participation factor =   2.9940e-15 
		Y- modal participation factor =   3.5875e-16 
		Z- modal participation factor =  -9.3444e-17 
  Joint   X-dsp       Y-dsp       Z-dsp       X-rot       Y-rot       Z-rot
     1  -1.315e+00   1.860e+00   2.395e-03   1.509e-02   1.005e-02  -1.329e-02
     2  -1.318e+00   6.140e-05   1.512e-04  -1.378e-06  -4.866e-03  -1.913e-02
     3  -1.315e+00  -1.860e+00  -2.372e-03  -1.509e-02   1.005e-02  -1.329e-02
     4   4.857e-01  -9.237e-01   1.007e-02   4.255e-03   1.391e-03  -1.931e-02
     5   2.251e+00  -1.766e-05   7.232e-05   1.946e-06  -1.957e-02  -1.268e-02
     6   4.856e-01   9.237e-01  -1.032e-02  -4.255e-03   1.391e-03  -1.931e-02
     7   6.983e-01  -9.861e-01   1.060e-03   2.635e-02   1.899e-02   2.443e-03
     8   6.983e-01   9.861e-01  -1.038e-03  -2.635e-02   1.899e-02   2.438e-03
     9  -1.207e+00  -6.211e-05   7.316e-05  -6.015e-07  -3.134e-02   2.433e-03
    10   1.583e+00  -2.209e+00   8.408e-05  -3.625e-06   1.887e-06   1.388e-02
    11   1.587e+00   2.604e-04   1.645e-04  -8.003e-07  -4.438e-09   2.365e-02
    12   1.584e+00   2.209e+00  -6.373e-05   2.053e-06   2.490e-06   1.387e-02
    13  -5.445e-01   1.103e+00   2.565e-04   5.615e-07  -8.180e-07   2.383e-02
    14  -2.653e+00  -6.747e-05   7.233e-05   1.689e-06  -2.644e-06   1.342e-02
    15  -5.448e-01  -1.103e+00  -6.582e-04  -1.533e-07  -8.445e-07   2.383e-02
    16   6.986e-01  -9.860e-01  -8.896e-04  -2.635e-02  -1.899e-02   2.443e-03
    17   6.986e-01   9.859e-01   9.086e-04   2.635e-02  -1.899e-02   2.441e-03
    18  -1.207e+00  -5.454e-05   7.445e-05  -1.487e-06   3.135e-02   2.429e-03
    19  -1.315e+00   1.860e+00  -2.226e-03  -1.510e-02  -1.005e-02  -1.329e-02
    20  -1.318e+00  -1.362e-04  -9.117e-06  -1.563e-06   4.868e-03  -1.913e-02
    21  -1.315e+00  -1.860e+00   2.243e-03   1.509e-02  -1.005e-02  -1.328e-02
    22   4.852e-01  -9.240e-01  -9.914e-03  -4.252e-03  -1.391e-03  -1.931e-02
    23   2.251e+00   6.836e-05   7.533e-05   3.715e-07   1.957e-02  -1.269e-02
    24   4.854e-01   9.240e-01   9.810e-03   4.254e-03  -1.392e-03  -1.931e-02
  MODE    13:   f= 28.284882 Hz,  T= 0.035355 sec
		X- modal participation factor =   2.0969e-17 
		Y- modal participation factor =  -6.0877e-17 
		Z- modal participation factor =  -6.9823e-17 
  Joint   X-dsp       Y-dsp       Z-dsp       X-rot       Y-rot       Z-rot
     1   3.271e-03  -2.627e-02   2.190e-01  -2.656e-02   2.162e-02  -8.368e-04
     2  -9.838e-04  -9.581e-02  -1.262e+00  -2.690e-02  -2.325e-05  -1.930e-06
     3  -5.193e-03  -2.592e-02   2.191e-01  -2.652e-02  -2.154e-02   8.608e-04
     4  -4.380e-02  -5.752e-02  -2.628e+00   6.199e-03  -1.130e-02  -1.753e-04
     5  -1.019e-03  -4.624e-02   3.421e-01   4.017e-02   3.428e-05  -2.669e-05
     6   4.171e-02  -5.768e-02  -2.635e+00   6.254e-03   1.134e-02   1.833e-04
     7   1.233e+00   1.444e+00   2.436e-01   5.135e-03  -4.183e-03  -2.440e-04
     8  -1.223e+00   1.444e+00   2.437e-01   5.133e-03   4.261e-03   4.781e-04
     9   6.409e-03  -2.257e+00   3.745e-01  -8.367e-03   4.610e-05  -2.511e-04
    10   6.508e-03   9.917e-04   2.600e-01   2.756e-02  -2.380e-02   1.908e-04
    11   6.547e-03   4.995e-04   2.075e+00   2.795e-02  -6.778e-06  -1.084e-04
    12   6.460e-03  -2.934e-04   2.600e-01   2.760e-02   2.383e-02   1.908e-04
    13  -2.180e-02  -1.483e-02   3.764e+00  -5.247e-03   1.338e-02   5.408e-05
    14   6.769e-03   3.525e-04   3.957e-01  -4.280e-02  -1.882e-05  -4.086e-04
    15  -1.984e-02   1.454e-02   3.761e+00  -5.247e-03  -1.340e-02   5.511e-05
    16  -1.221e+00  -1.442e+00   2.437e-01   5.144e-03  -4.242e-03   5.433e-04
    17   1.236e+00  -1.447e+00   2.437e-01   5.167e-03   4.206e-03  -2.645e-04
    18   4.780e-03   2.257e+00   3.746e-01  -8.341e-03  -3.822e-05  -2.996e-04
    19  -2.950e-03   2.401e-02   2.191e-01  -2.649e-02   2.153e-02   1.013e-03
    20   1.362e-03   1.012e-01  -1.263e+00  -2.688e-02   2.601e-05  -3.459e-05
    21   5.672e-03   2.366e-02   2.190e-01  -2.657e-02  -2.163e-02  -8.847e-04
    22   4.261e-02   5.433e-02  -2.636e+00   6.244e-03  -1.133e-02   2.251e-04
    23   1.544e-03   4.390e-02   3.421e-01   4.017e-02   9.492e-06  -1.395e-04
    24  -5.451e-02   6.223e-02  -2.627e+00   6.210e-03   1.133e-02  -1.897e-04
  MODE    14:   f= 31.636629 Hz,  T= 0.031609 sec
		X- modal participation factor =  -1.4057e-17 
		Y- modal participation factor =   1.0031e-17 
		Z- modal participation factor =  -5.2018e-17 
  Joint   X-dsp       Y-dsp       Z-dsp       X-rot       Y-rot       Z-rot
     1   3.957e-03  -1.669e-02   1.012e-01   2.838e-02  -2.667e-02   2.004e-04
     2   2.701e-03  -1.506e-02   2.235e+00   2.890e-02   3.203e-05  -4.313e-05
     3   1.396e-03  -1.759e-02   9.578e-02   2.848e-02   2.671e-02  -6.009e-05
     4  -8.232e-03  -2.575e-02   4.181e+00  -6.409e-03   1.524e-02   5.833e-05
     5   3.445e-03  -2.247e-02   1.285e-01  -4.730e-02  -8.622e-05  -1.542e-04
     6  -3.603e-03  -1.589e-02   4.167e+00  -6.480e-03  -1.530e-02  -2.667e-05
     7  -6.541e-01  -6.836e-01   4.460e-02  -9.775e-03   8.791e-03   1.551e-03
     8   6.585e-01  -6.816e-01   3.916e-02  -9.835e-03  -8.819e-03  -1.347e-03
     9   2.442e-03   1.202e+00   5.577e-02   1.498e-02   3.419e-05  -2.211e-04
    10  -1.197e-02   2.311e-02   2.988e-03  -1.383e-04   3.353e-05   2.503e-03
    11   3.108e-03   2.200e-01   5.083e-03  -5.263e-05   1.109e-05  -6.795e-05
    12   1.814e-02   2.246e-02  -2.351e-03   3.723e-05   8.043e-05  -2.257e-03
    13   1.227e-01   1.146e-01   8.753e-03   1.232e-05   1.961e-06   5.403e-04
    14   3.073e-03   8.896e-02   2.341e-03   4.256e-05  -4.742e-05  -2.644e-04
    15  -1.495e-01   1.321e-01  -1.935e-02   2.539e-06  -3.477e-05  -4.672e-04
    16  -6.502e-01  -6.763e-01  -3.855e-02   9.843e-03  -8.777e-03   1.572e-03
    17   6.653e-01  -6.831e-01  -4.394e-02   9.814e-03   8.819e-03  -1.322e-03
    18   5.580e-03   1.202e+00  -5.103e-02  -1.502e-02   5.948e-05  -2.706e-04
    19   5.899e-03  -1.714e-02  -9.520e-02  -2.849e-02   2.667e-02   2.497e-04
    20   4.729e-03  -1.735e-02  -2.230e+00  -2.894e-02   4.865e-05  -6.904e-05
    21   3.484e-03  -1.789e-02  -1.005e-01  -2.843e-02  -2.670e-02  -1.255e-06
    22  -1.263e-02  -2.931e-02  -4.174e+00   6.515e-03  -1.532e-02   8.045e-05
    23   4.661e-03  -2.295e-02  -1.238e-01   4.741e-02  -1.044e-04  -2.701e-04
    24  -1.095e-02  -1.171e-02  -4.188e+00   6.408e-03   1.524e-02  -3.974e-06
M A T R I X    I T E R A T I O N S: 6
There are 14 modes below 31.636630 Hz. ... All 14 modes were found.

