________________________________________________________________________________
FRAME3DD version: 20090226               http://frame3dd.sf.net/
GPL Copyright (C) 1992-2009, Henri P. Gavin 
FRAME3DD is distributed in the hope that it will be useful but with no warranty.
For details see the GNU Public Licence: http://www.fsf.org/copyleft/gpl.html
________________________________________________________________________________

Example E: a three dimensional structure showing lateral-torsional dynamic modes(units: kip  in) 
Thu Feb 26 16:55:53 2009
________________________________________________________________________________
12 JOINTS;    15 MEMBERS;    1 LOAD CASES;  3 FIXED JOINTS;  
For 2D problems, the Y-axis is vertical. 
For 3D problems, the Z-axis is vertical. 
________________________________________________________________________________
J O I N T   D A T A                                         R E S T R A I N T S
  Joint      X              Y              Z         radius  Fx Fy Fz Mx My Mz
    1       0.000000       0.000000       0.000000    0.000   0  0  0  0  0  0
    2      72.000000       0.000000       0.000000    0.000   0  0  0  0  0  0
    3     144.000000       0.000000       0.000000    0.000   0  0  0  0  0  0
    4     144.000000      36.000000       0.000000    0.000   0  0  0  0  0  0
    5     144.000000      72.000000       0.000000    0.000   0  0  0  0  0  0
    6      72.000000      72.000000       0.000000    0.000   0  0  0  0  0  0
    7       0.000000      72.000000       0.000000    0.000   0  0  0  0  0  0
    8       0.000000      36.000000       0.000000    0.000   0  0  0  0  0  0
    9       0.000000       0.000000    -120.000000    0.000   1  1  1  1  1  1
   10     144.000000       0.000000    -120.000000    0.000   1  1  1  1  1  1
   11      72.000000      72.000000    -120.000000    0.000   1  1  1  1  1  1
   12      72.000000      36.000000       0.000000    0.000   0  0  0  0  0  0
B E A M   D A T A							(local)
  Beam   J1    J2     Ax   Asy   Asz    Jxx     Iyy     Izz       E       G roll
    1     1     2 1100.0 800.0 800.0 1000.0   500.0   500.0 999000.0 11500.0   0
    2     2     3 1100.0 800.0 800.0 1000.0   500.0   500.0 999000.0 11500.0   0
    3     3     4 1100.0 800.0 800.0 1000.0   500.0   500.0 999000.0 11500.0   0
    4     4     5 1100.0 800.0 800.0 1000.0   500.0   500.0 999000.0 11500.0   0
    5     5     6 1100.0 800.0 800.0 1000.0   500.0   500.0 999000.0 11500.0   0
    6     6     7 1100.0 800.0 800.0 1000.0   500.0   500.0 999000.0 11500.0   0
    7     7     8 1100.0 800.0 800.0 1000.0   500.0   500.0 999000.0 11500.0   0
    8     8     1 1100.0 800.0 800.0 1000.0   500.0   500.0 999000.0 11500.0   0
    9     9     1 1100.0 800.0 800.0    1.0   110.0   110.0  29000.0 11500.0   0
   10    10     3 1100.0 800.0 800.0    1.0   110.0   110.0  29000.0 11500.0   0
   11    11     6 1100.0 800.0 800.0    1.0   110.0   110.0  29000.0 11500.0   0
   12    12     2 1100.0 800.0 800.0 1000.0   500.0   500.0 999000.0 11500.0   0
   13    12     4 1100.0 800.0 800.0 1000.0   500.0   500.0 999000.0 11500.0   0
   14    12     6 1100.0 800.0 800.0 1000.0   500.0   500.0 999000.0 11500.0   0
   15    12     8 1100.0 800.0 800.0 1000.0   500.0   500.0 999000.0 11500.0   0
  Include shear deformations.
  Include geometric stiffness.

L O A D   C A S E   1   O F   1  ... 

   1 joints  with concentrated loads
   0 elements with uniformly distributed loads
   0 elements with concentrated point loads
   0 elements with temperature loads
   0 joints  with prescribed displacements
 J O I N T   L O A D S  +  E Q U I V A L E N T   J O I N T   L O A D S  (global)
  Joint       Fx          Fy          Fz          Mxx         Myy         Mzz
     3       0.000     100.000    -100.000       0.000       0.000       0.000

E L A S T I C   S T I F F N E S S   A N A L Y S I S   via  L D L'  decomposition


L O A D   C A S E   1   O F   1  ... 

J O I N T   D I S P L A C E M E N T S					(global)
  Joint    X-dsp       Y-dsp       Z-dsp       X-rot       Y-rot       Z-rot
     1    0.626879   -0.245441    0.000158    0.001779    0.000025    0.025119
     2    0.626880    1.563255    0.001379   -0.000005   -0.000015    0.025125
     3    0.626880    3.372947   -0.000213   -0.002097    0.000083    0.025126
     4   -0.277435    3.372946   -0.071302   -0.001888    0.001036    0.025123
     5   -1.181752    3.372946   -0.137629   -0.001821    0.001946    0.025127
     6   -1.181751    1.563254   -0.000322   -0.000099    0.001796    0.025125
     7   -1.181751   -0.245442    0.127325    0.001744    0.001751    0.025119
     8   -0.277435   -0.245441    0.064164    0.001764    0.000847    0.025120
    12   -0.277435    1.563255    0.001157   -0.000014    0.000940    0.025123
B E A M   E N D   F O R C E S						(local)
  Beam   Joint      Nx          Vy         Vz         Txx        Myy        Mzz
     1      1    -14.537t      1.060    -22.711    284.863   1095.373     13.339
     1      2     14.537t     -1.060     22.711   -284.863    539.828     89.308
     2      2     -1.899t     -9.197    -12.364    334.279   -234.860   -340.268
     2      3      1.899t      9.197     12.364   -334.279   1125.085   -318.495
     3      3     20.788c     15.317    -55.789   -304.407   3907.478    316.087
     3      4    -20.788c    -15.317     55.789    304.407  -1900.549    216.540
     4      4      8.767c     15.053    -36.857   -290.634   1601.275    216.390
     4      5     -8.767c    -15.053     36.857    290.634   -274.994    317.594
     5      5     15.053c     -8.767    -36.857    274.995    290.634   -317.594
     5      6    -15.053c      8.767     36.857   -274.995   2365.157   -340.863
     6      6      0.420c      1.453      0.751    294.364   -342.838     89.200
     6      7     -0.420c     -1.453     -0.751   -294.364    288.815     14.645
     7      7      1.453c     -0.420      0.751   -288.815   -294.364    -14.645
     7      8     -1.453c      0.420     -0.751    288.815    267.234     -1.798
     8      8      2.107c     -0.424     19.423   -262.441   -551.350     -1.413
     8      1     -2.107c      0.424    -19.423    262.441   -148.005    -15.747
     9      9    -42.134t      3.168     14.114     -2.407   -834.292    232.935
     9      1     42.134t     -3.168    -14.114      2.407   -832.932    136.859
    10     10     56.575c    -70.015     13.418     -2.408   -825.005  -4350.900
    10      3    -56.575c     70.015    -13.418      2.408   -820.678  -4241.757
    11     11     85.559c    -33.153    -27.532     -2.408   1656.266  -2058.570
    11      6    -85.559c     33.153     27.532      2.408   1748.699  -2053.484
    12     12     10.258c     12.638     10.347   -304.968   -323.081    194.749
    12      2    -10.258c    -12.638    -10.347    304.968    -49.416    250.961
    13     12      0.264c    -12.021     18.932    299.274  -1349.336   -433.034
    13      4     -0.264c     12.021    -18.932   -299.274    -13.772   -432.929
    14     12     22.933c     12.899    -47.951   -273.620   -307.923    194.380
    14      6    -22.933c    -12.899     47.951    273.620   2034.114    249.256
    15     12      0.003c      0.654     18.672    284.116  -1317.988     43.905
    15      8     -0.003c     -0.654    -18.672   -284.116    -26.374      3.211
R E A C T I O N S							(global)
  Joint       Fx          Fy          Fz         Mxx         Myy         Mzz
     9     -14.114       3.168     -42.134    -232.935    -834.292      -2.407
    10     -13.418     -70.015      56.575    4350.900    -825.005      -2.408
    11      27.532     -33.153      85.559    2058.570    1656.266      -2.408
R M S   E Q U I L I B R I U M    E R R O R: 7.786e-06

M O D A L   A N A L Y S I S   R E S U L T S
  Total Mass:  4.200085e+00     Structural Mass:  8.120851e-01 
J O I N T   M A S S E S	(diagonal of the mass matrix)			(global)
  Joint X-mass      Y-mass      Z-mass      X-inrta     Y-inrta     Z-inrta
     1 6.60295e-02 6.71282e-02 6.45616e-02 1.36371e+01 1.61360e+01 3.22713e+00
     2 4.94555e-02 5.27701e-02 5.38872e-02 3.94893e-01 5.74351e+00 6.09446e+00
     3 6.60295e-02 6.71282e-02 6.45616e-02 1.36371e+01 1.61360e+01 3.22713e+00
     4 4.09049e-02 4.08866e-02 4.31207e-02 7.37054e-01 2.88494e+00 3.58683e+00
     5 3.01201e-02 3.12189e-02 3.23360e-02 3.77316e-01 2.87615e+00 3.22710e+00
     6 8.53648e-02 8.86794e-02 8.61128e-02 1.36547e+01 1.90033e+01 6.09448e+00
     7 3.01201e-02 3.12189e-02 3.23360e-02 3.77316e-01 2.87615e+00 3.22710e+00
     8 4.09049e-02 4.08866e-02 4.31207e-02 7.37054e-01 2.88494e+00 3.58683e+00
     9 1.00830e+03 1.00830e+03 1.00830e+03 1.00830e+03 1.00830e+03 1.00830e+03
    10 1.00830e+03 1.00830e+03 1.00830e+03 1.00830e+03 1.00830e+03 1.00830e+03
    11 1.00830e+03 1.00830e+03 1.00830e+03 1.00830e+03 1.00830e+03 1.00830e+03
    12 3.44824e+00 3.45044e+00 3.45267e+00 7.54631e-01 5.75229e+00 8.45824e+02
  Use consistent mass matrix.
N A T U R A L   F R E Q U E N C I E S   & 
M A S S   N O R M A L I Z E D   M O D E   S H A P E S 
 convergence tolerance: 1.000e-05 
  MODE     1:   f= 0.626770 Hz,  T= 1.595480 sec
		X- modal participation factor =  -2.0114e+00 
		Y- modal participation factor =   1.4622e-01 
		Z- modal participation factor =   1.0344e-04 
  Joint   X-dsp       Y-dsp       Z-dsp       X-rot       Y-rot       Z-rot
     1  -4.475e-01  -6.202e-02  -4.499e-05  -2.625e-04  -3.181e-05   1.365e-03
     2  -4.475e-01   3.606e-02   4.569e-05  -3.080e-07   1.213e-05   1.363e-03
     3  -4.475e-01   1.341e-01   5.229e-05   2.553e-04  -2.991e-05   1.364e-03
     4  -4.967e-01   1.341e-01   9.502e-03   2.665e-04  -1.312e-04   1.363e-03
     5  -5.457e-01   1.341e-01   1.919e-02   2.690e-04  -2.568e-04   1.361e-03
     6  -5.457e-01   3.606e-02  -7.295e-06  -2.448e-06  -2.848e-04   1.361e-03
     7  -5.457e-01  -6.202e-02  -1.942e-02  -2.708e-04  -2.611e-04   1.361e-03
     8  -4.967e-01  -6.202e-02  -9.657e-03  -2.694e-04  -1.356e-04   1.363e-03
     9  -3.973e-13  -6.191e-14  -5.188e-17   1.781e-12  -1.148e-11   1.430e-18
    10  -3.973e-13   1.258e-13   6.030e-17  -3.628e-12  -1.148e-11   1.430e-18
    11  -4.781e-13   3.201e-14  -8.412e-18  -9.250e-13  -1.382e-11   1.427e-18
    12  -4.967e-01   3.606e-02   3.333e-05  -5.258e-07  -1.329e-04   1.363e-03
  MODE     2:   f= 0.640430 Hz,  T= 1.561451 sec
		X- modal participation factor =   1.4694e-01 
		Y- modal participation factor =   2.0176e+00 
		Z- modal participation factor =   1.1874e-03 
  Joint   X-dsp       Y-dsp       Z-dsp       X-rot       Y-rot       Z-rot
     1   3.764e-02   4.945e-01   5.464e-05  -2.334e-05  -6.634e-06   4.129e-05
     2   3.764e-02   4.976e-01   4.987e-04  -2.336e-06  -1.023e-06   3.936e-05
     3   3.764e-02   5.002e-01   4.724e-05  -7.919e-05   1.188e-05   3.726e-05
     4   3.623e-02   5.002e-01  -2.114e-03  -4.850e-05   4.410e-05   3.853e-05
     5   3.481e-02   5.002e-01  -3.657e-03  -4.094e-05   5.838e-05   3.752e-05
     6   3.481e-02   4.976e-01  -1.018e-04  -3.210e-05   2.918e-05   3.950e-05
     7   3.481e-02   4.945e-01   3.965e-04   1.512e-05  -3.350e-06   4.154e-05
     8   3.623e-02   4.945e-01  -8.566e-05   7.669e-06  -1.587e-05   4.022e-05
     9   3.513e-14   4.586e-13   6.578e-17  -1.325e-11   1.015e-12   4.519e-20
    10   3.464e-14   4.624e-13   5.688e-17  -1.336e-11   1.001e-12   4.078e-20
    11   3.154e-14   4.613e-13  -1.226e-16  -1.333e-11   9.121e-13   4.324e-20
    12   3.623e-02   4.976e-01   3.968e-04  -5.445e-06   1.408e-05   3.940e-05
  MODE     3:   f= 1.611863 Hz,  T= 0.620400 sec
		X- modal participation factor =  -1.5614e-01 
		Y- modal participation factor =   1.5111e-02 
		Z- modal participation factor =   2.3368e-05 
  Joint   X-dsp       Y-dsp       Z-dsp       X-rot       Y-rot       Z-rot
     1  -6.950e-01   1.332e+00  -2.274e-05  -1.576e-03  -5.259e-05  -1.845e-02
     2  -6.951e-01   3.729e-03   1.566e-05  -2.470e-07   1.830e-05  -1.844e-02
     3  -6.950e-01  -1.324e+00   2.395e-05   1.575e-03  -5.172e-05  -1.845e-02
     4  -3.097e-02  -1.324e+00   5.521e-02   1.498e-03  -7.671e-04  -1.845e-02
     5   6.332e-01  -1.324e+00   1.085e-01   1.467e-03  -1.508e-03  -1.845e-02
     6   6.332e-01   3.729e-03  -1.202e-06  -3.495e-07  -1.483e-03  -1.845e-02
     7   6.332e-01   1.332e+00  -1.085e-01  -1.467e-03  -1.508e-03  -1.845e-02
     8  -3.097e-02   1.332e+00  -5.524e-02  -1.499e-03  -7.680e-04  -1.845e-02
     9  -4.080e-12   7.567e-12  -1.734e-16  -2.189e-10  -1.179e-10  -1.279e-16
    10  -4.080e-12  -7.524e-12   1.827e-16   2.177e-10  -1.179e-10  -1.279e-16
    11   3.977e-12   2.188e-14  -9.169e-18  -6.322e-13   1.146e-10  -1.279e-16
    12  -3.097e-02   3.729e-03   7.175e-06  -2.131e-07  -7.664e-04  -1.846e-02
  MODE     4:   f= 9.477523 Hz,  T= 0.105513 sec
		X- modal participation factor =   3.3055e-02 
		Y- modal participation factor =  -1.1251e-04 
		Z- modal participation factor =   2.8218e-04 
  Joint   X-dsp       Y-dsp       Z-dsp       X-rot       Y-rot       Z-rot
     1  -1.697e-02   2.811e-02  -2.453e-03  -4.497e-02  -3.048e-04  -3.956e-04
     2  -1.697e-02  -3.031e-05   7.908e-05  -3.810e-09  -5.393e-05  -3.925e-04
     3  -1.697e-02  -2.816e-02   2.449e-03   4.498e-02  -3.016e-04  -3.955e-04
     4  -2.595e-03  -2.816e-02   1.629e+00   4.506e-02  -2.254e-02  -3.985e-04
     5   1.197e-02  -2.816e-02   3.247e+00   4.474e-02  -4.471e-02  -3.996e-04
     6   1.197e-02  -3.031e-05   7.814e-06  -1.901e-06  -4.515e-02  -3.947e-04
     7   1.197e-02   2.811e-02  -3.247e+00  -4.474e-02  -4.470e-02  -3.996e-04
     8  -2.595e-03   2.811e-02  -1.628e+00  -4.505e-02  -2.254e-02  -3.985e-04
     9  -1.692e-12  -2.585e-10  -6.458e-13   7.153e-09  -5.101e-11  -9.503e-17
    10  -1.704e-12   2.586e-10   6.457e-13  -7.155e-09  -5.132e-11  -9.497e-17
    11   2.678e-10  -1.854e-14   1.432e-15   5.210e-13   7.418e-09  -9.466e-17
    12  -2.596e-03  -3.032e-05   6.903e-05  -9.857e-07  -2.269e-02  -4.074e-04
M A T R I X    I T E R A T I O N S: 3
There are 4 modes below 9.477523 Hz. ... All 4 modes were found.

