________________________________________________________________________________
Frame3DD version: 20100105               http://frame3dd.sf.net/
GPL Copyright (C) 1992-2010, Henri P. Gavin 
Frame3DD is distributed in the hope that it will be useful but with no warranty.
For details see the GNU Public Licence: http://www.fsf.org/copyleft/gpl.html
________________________________________________________________________________

Example F: a seismically-isolated building model (units: N  mm  ton) 
Mon Nov 26 22:38:26 2012
________________________________________________________________________________
In 2D problems the Y-axis is vertical.  In 3D problems the Z-axis is vertical.
________________________________________________________________________________
   36 NODES             14 FIXED NODES       58 FRAME ELEMENTS   1 LOAD CASES   
________________________________________________________________________________
N O D E   D A T A                                           R E S T R A I N T S
  Node       X              Y              Z         radius  Fx Fy Fz Mx My Mz
    1    2000.000000   -1500.000000       0.000000  150.000   1  0  1  0  0  1
    2    2000.000000   -1200.000000       0.000000    0.000   1  0  0  0  0  0
    3    2000.000000    1200.000000       0.000000    0.000   1  0  0  0  0  0
    4    2000.000000    1500.000000       0.000000  150.000   1  0  1  0  0  1
    5       0.000000   -1500.000000       0.000000  150.000   1  0  1  0  0  1
    6       0.000000       0.000000       0.000000    0.000   0  0  0  0  0  0
    7       0.000000    1500.000000       0.000000  150.000   1  0  1  0  0  1
    8   -2000.000000   -1500.000000       0.000000  150.000   1  0  1  0  0  1
    9   -2000.000000   -1200.000000       0.000000    0.000   1  0  0  0  0  0
   10   -2000.000000    1200.000000       0.000000    0.000   1  0  0  0  0  0
   11   -2000.000000    1500.000000       0.000000  150.000   1  0  1  0  0  1
   12    2000.000000   -1200.000000    -512.000000    0.000   1  1  1  1  1  1
   13    2000.000000    1200.000000    -512.000000    0.000   1  1  1  1  1  1
   14   -2000.000000   -1200.000000    -512.000000    0.000   1  1  1  1  1  1
   15   -2000.000000    1200.000000    -512.000000    0.000   1  1  1  1  1  1
   16    2000.000000   -1500.000000    1912.000000  100.000   0  0  0  0  0  0
   17    2000.000000    1500.000000    1912.000000  100.000   0  0  0  0  0  0
   18       0.000000   -1500.000000    1912.000000  100.000   0  0  0  0  0  0
   19       0.000000       0.000000    1912.000000    0.000   0  0  0  0  0  0
   20       0.000000    1500.000000    1912.000000  100.000   0  0  0  0  0  0
   21   -2000.000000   -1500.000000    1912.000000  100.000   0  0  0  0  0  0
   22   -2000.000000    1500.000000    1912.000000  100.000   0  0  0  0  0  0
   23    2000.000000   -1500.000000    3712.000000  100.000   0  0  0  0  0  0
   24    2000.000000    1500.000000    3712.000000  100.000   0  0  0  0  0  0
   25       0.000000   -1500.000000    3712.000000  100.000   0  0  0  0  0  0
   26       0.000000       0.000000    3712.000000    0.000   0  0  0  0  0  0
   27       0.000000    1500.000000    3712.000000  100.000   0  0  0  0  0  0
   28   -2000.000000   -1500.000000    3712.000000  100.000   0  0  0  0  0  0
   29   -2000.000000    1500.000000    3712.000000  100.000   0  0  0  0  0  0
   30    2000.000000   -1500.000000    5387.000000  100.000   0  0  0  0  0  0
   31    2000.000000    1500.000000    5387.000000  100.000   0  0  0  0  0  0
   32       0.000000   -1500.000000    5387.000000  100.000   0  0  0  0  0  0
   33       0.000000       0.000000    5387.000000    0.000   0  0  0  0  0  0
   34       0.000000    1500.000000    5387.000000  100.000   0  0  0  0  0  0
   35   -2000.000000   -1500.000000    5387.000000  100.000   0  0  0  0  0  0
   36   -2000.000000    1500.000000    5387.000000  100.000   0  0  0  0  0  0
F R A M E   E L E M E N T   D A T A					(local)
  Elmnt  J1    J2     Ax   Asy   Asz    Jxx     Iyy     Izz       E       G roll  density
    1     1    16 2592.0 1200.0 900.0 87160.0 10108000.0 1502000.0 200000.0 79300.0   0 7.85e-09
    2    16    23 2592.0 1200.0 900.0 87160.0 10108000.0 1502000.0 200000.0 79300.0   0 7.85e-09
    3    23    30 2592.0 1200.0 900.0 87160.0 10108000.0 1502000.0 200000.0 79300.0   0 7.85e-09
    4     4    17 2592.0 1200.0 900.0 87160.0 10108000.0 1502000.0 200000.0 79300.0   0 7.85e-09
    5    17    24 2592.0 1200.0 900.0 87160.0 10108000.0 1502000.0 200000.0 79300.0   0 7.85e-09
    6    24    31 2592.0 1200.0 900.0 87160.0 10108000.0 1502000.0 200000.0 79300.0   0 7.85e-09
    7     5    18 2592.0 1200.0 900.0 87160.0 10108000.0 1502000.0 200000.0 79300.0   0 7.85e-09
    8    18    25 2592.0 1200.0 900.0 87160.0 10108000.0 1502000.0 200000.0 79300.0   0 7.85e-09
    9    25    32 2592.0 1200.0 900.0 87160.0 10108000.0 1502000.0 200000.0 79300.0   0 7.85e-09
   10     7    20 2592.0 1200.0 900.0 87160.0 10108000.0 1502000.0 200000.0 79300.0   0 7.85e-09
   11    20    27 2592.0 1200.0 900.0 87160.0 10108000.0 1502000.0 200000.0 79300.0   0 7.85e-09
   12    27    34 2592.0 1200.0 900.0 87160.0 10108000.0 1502000.0 200000.0 79300.0   0 7.85e-09
   13     8    21 2592.0 1200.0 900.0 87160.0 10108000.0 1502000.0 200000.0 79300.0   0 7.85e-09
   14    21    28 2592.0 1200.0 900.0 87160.0 10108000.0 1502000.0 200000.0 79300.0   0 7.85e-09
   15    28    35 2592.0 1200.0 900.0 87160.0 10108000.0 1502000.0 200000.0 79300.0   0 7.85e-09
   16    11    22 2592.0 1200.0 900.0 87160.0 10108000.0 1502000.0 200000.0 79300.0   0 7.85e-09
   17    22    29 2592.0 1200.0 900.0 87160.0 10108000.0 1502000.0 200000.0 79300.0   0 7.85e-09
   18    29    36 2592.0 1200.0 900.0 87160.0 10108000.0 1502000.0 200000.0 79300.0   0 7.85e-09
   19     1     2 11700.0 6000.0 3000.0 765000.0 199328000.0 67522000.0 200000.0 79300.0   0 7.85e-09
   20     2     3 11700.0 6000.0 3000.0 765000.0 199328000.0 67522000.0 200000.0 79300.0   0 7.85e-09
   21     3     4 11700.0 6000.0 3000.0 765000.0 199328000.0 67522000.0 200000.0 79300.0   0 7.85e-09
   22     5     6 11700.0 6000.0 3000.0 76500000768.0 199328000.0 67522000.0 200000.0 79300.0   0 7.85e-09
   23     6     7 11700.0 6000.0 3000.0 76500000768.0 199328000.0 67522000.0 200000.0 79300.0   0 7.85e-09
   24     8     9 11700.0 6000.0 3000.0 765000.0 199328000.0 67522000.0 200000.0 79300.0   0 7.85e-09
   25     9    10 11700.0 6000.0 3000.0 765000.0 199328000.0 67522000.0 200000.0 79300.0   0 7.85e-09
   26    10    11 11700.0 6000.0 3000.0 765000.0 199328000.0 67522000.0 200000.0 79300.0   0 7.85e-09
   27     1     5 11700.0 6000.0 3000.0 765000.0 199328000.0 67522000.0 200000.0 79300.0   0 7.85e-09
   28     5     8 11700.0 6000.0 3000.0 765000.0 199328000.0 67522000.0 200000.0 79300.0   0 7.85e-09
   29     4     7 11700.0 6000.0 3000.0 765000.0 199328000.0 67522000.0 200000.0 79300.0   0 7.85e-09
   30     7    11 11700.0 6000.0 3000.0 765000.0 199328000.0 67522000.0 200000.0 79300.0   0 7.85e-09
   31    16    17 3910.0 2000.0 1050.0 114840.0 16006000.0 5629000.0 200000.0 79300.0   0 7.85e-09
   32    18    19 3910.0 2000.0 1050.0 11484000256.0 16006000.0 5629000.0 200000.0 79300.0   0 7.85e-09
   33    19    20 3910.0 2000.0 1050.0 11484000256.0 16006000.0 5629000.0 200000.0 79300.0   0 7.85e-09
   34    21    22 3910.0 2000.0 1050.0 114840.0 16006000.0 5629000.0 200000.0 79300.0   0 7.85e-09
   35    16    18 3910.0 2000.0 1050.0 114840.0 16006000.0 5629000.0 200000.0 79300.0   0 7.85e-09
   36    18    21 3910.0 2000.0 1050.0 114840.0 16006000.0 5629000.0 200000.0 79300.0   0 7.85e-09
   37    17    20 3910.0 2000.0 1050.0 114840.0 16006000.0 5629000.0 200000.0 79300.0   0 7.85e-09
   38    20    22 3910.0 2000.0 1050.0 114840.0 16006000.0 5629000.0 200000.0 79300.0   0 7.85e-09
   39    23    24 3910.0 2000.0 1050.0 114840.0 16006000.0 5629000.0 200000.0 79300.0   0 7.85e-09
   40    25    26 3910.0 2000.0 1050.0 11484000256.0 16006000.0 5629000.0 200000.0 79300.0   0 7.85e-09
   41    26    27 3910.0 2000.0 1050.0 11484000256.0 16006000.0 5629000.0 200000.0 79300.0   0 7.85e-09
   42    28    29 3910.0 2000.0 1050.0 114840.0 16006000.0 5629000.0 200000.0 79300.0   0 7.85e-09
   43    23    25 3910.0 2000.0 1050.0 114840.0 16006000.0 5629000.0 200000.0 79300.0   0 7.85e-09
   44    25    28 3910.0 2000.0 1050.0 114840.0 16006000.0 5629000.0 200000.0 79300.0   0 7.85e-09
   45    24    27 3910.0 2000.0 1050.0 114840.0 16006000.0 5629000.0 200000.0 79300.0   0 7.85e-09
   46    27    29 3910.0 2000.0 1050.0 114840.0 16006000.0 5629000.0 200000.0 79300.0   0 7.85e-09
   47    30    31 3910.0 2000.0 1050.0 114840.0 16006000.0 5629000.0 200000.0 79300.0   0 7.85e-09
   48    32    33 3910.0 2000.0 1050.0 11484000256.0 16006000.0 5629000.0 200000.0 79300.0   0 7.85e-09
   49    33    34 3910.0 2000.0 1050.0 11484000256.0 16006000.0 5629000.0 200000.0 79300.0   0 7.85e-09
   50    35    36 3910.0 2000.0 1050.0 114840.0 16006000.0 5629000.0 200000.0 79300.0   0 7.85e-09
   51    30    32 3910.0 2000.0 1050.0 114840.0 16006000.0 5629000.0 200000.0 79300.0   0 7.85e-09
   52    32    35 3910.0 2000.0 1050.0 114840.0 16006000.0 5629000.0 200000.0 79300.0   0 7.85e-09
   53    31    34 3910.0 2000.0 1050.0 114840.0 16006000.0 5629000.0 200000.0 79300.0   0 7.85e-09
   54    34    36 3910.0 2000.0 1050.0 114840.0 16006000.0 5629000.0 200000.0 79300.0   0 7.85e-09
   55     2    12 17671.0 9000.0 9000.0 49700000.0 24800000.0 24800000.0  20000.0     1.2   0 7.85e-09
   56     3    13 17671.0 9000.0 9000.0 49700000.0 24800000.0 24800000.0  24000.0     1.2   0 7.85e-09
   57     9    14 17671.0 9000.0 9000.0 49700000.0 24800000.0 24800000.0  20000.0     1.2   0 7.85e-09
   58    10    15 17671.0 9000.0 9000.0 49700000.0 24800000.0 24800000.0  20000.0     1.2   0 7.85e-09
  Include shear deformations.
  Include geometric stiffness.

L O A D   C A S E   1   O F   1  ... 

   Gravity X =  0.0    Gravity Y =  0.0    Gravity Z =  -9806.330 
  25 concentrated loads
   0 uniformly distributed loads
   0 trapezoidally distributed loads
   0 concentrated point loads
   0 temperature loads
   0 prescribed displacements
 N O D A L   L O A D S  +  E Q U I V A L E N T   N O D A L   L O A D S  (global)
  Node        Fx          Fy          Fz          Mxx         Myy         Mzz
     1       0.000       0.000  -11026.514   -6754.968 -300220.779       0.000
     2       0.000       0.000   -1564.133 -425562.964       0.000       0.000
     3       0.000       0.000   -1564.133  425562.964       0.000       0.000
     4       0.000       0.000  -11026.514    6754.968 -300220.779       0.000
     5       0.000       0.000  -12467.573 -168874.192       0.007       0.000
     6       0.000       0.000   -1350.994       0.000       0.000       0.000
     7       0.000       0.000  -12467.573  168874.192       0.007       0.000
     8       0.000       0.000  -11026.514   -6754.968  300220.786       0.000
     9       0.000       0.000   -1564.133 -425562.964       0.000       0.000
    10       0.000       0.000   -1564.133  425562.964       0.000       0.000
    11       0.000       0.000  -11026.514    6754.968  300220.786       0.000
    12       0.000       0.000    -348.239       0.000       0.000       0.000
    13       0.000       0.000    -348.239       0.000       0.000       0.000
    14       0.000       0.000    -348.239       0.000       0.000       0.000
    15       0.000       0.000    -348.239       0.000       0.000       0.000
    16       0.000       0.000  -10922.807 -225742.937 -100330.197       0.000
    17       0.000       0.000  -10922.807  225742.937 -100330.197       0.000
    18       0.000       0.000  -10998.054  -56435.734      -0.003       0.000
    19       0.000       0.000    -451.486       0.000       0.000       0.000
    20       0.000       0.000  -10998.054   56435.734      -0.003       0.000
    21       0.000       0.000  -10922.807 -225742.937  100330.194       0.000
    22       0.000       0.000  -10922.807  225742.937  100330.194       0.000
    23       0.000       0.000  -10899.162 -225742.937 -100330.197       0.000
    24       0.000       0.000  -10899.162  225742.937 -100330.197       0.000
    25       0.000       0.000  -10974.410  -56435.734      -0.003       0.000
    26       0.000       0.000    -451.486       0.000       0.000       0.000
    27       0.000       0.000  -10974.410   56435.734      -0.003       0.000
    28       0.000       0.000  -10899.162 -225742.937  100330.194       0.000
    29       0.000       0.000  -10899.162  225742.937  100330.194       0.000
    30       0.000       0.000  -10719.584 -225742.937 -100330.197       0.000
    31       0.000       0.000  -10719.584  225742.937 -100330.197       0.000
    32       0.000       0.000  -10794.832  -56435.734      -0.003       0.000
    33       0.000     100.000    -451.486       0.000       0.000       0.000
    34       0.000       0.000  -10794.832   56435.734      -0.003       0.000
    35       0.000       0.000  -10719.584 -225742.937  100330.194       0.000
    36       0.000       0.000  -10719.584  225742.937  100330.194       0.000

E L A S T I C   S T I F F N E S S   A N A L Y S I S   via  L D L'  decomposition


L O A D   C A S E   1   O F   1  ... 

N O D E   D I S P L A C E M E N T S  					(global)
  Node    X-dsp       Y-dsp       Z-dsp       X-rot       Y-rot       Z-rot
     1    0.0         1.364826    0.0        -0.000013   -0.000004    0.0     
     2    0.0         1.364827   -0.001999   -0.000013   -0.000001    0.0     
     3    0.0         1.364871   -0.001832    0.000012   -0.000001    0.0     
     4    0.0         1.364876    0.0         0.000012   -0.000004    0.0     
     5    0.0         1.365104    0.0        -0.000020    0.0         0.0     
     6    0.0         1.365130   -0.020836    0.000000    0.0         0.0     
     7    0.0         1.365156    0.0         0.000020    0.0         0.0     
     8    0.0         1.364822    0.0        -0.000013    0.000004    0.0     
     9    0.0         1.364823   -0.002024   -0.000013    0.000001    0.0     
    10    0.0         1.364867   -0.001985    0.000012    0.000001    0.0     
    11    0.0         1.364871    0.0         0.000012    0.000004    0.0     
    16    0.000027    1.390862   -0.104082   -0.000059   -0.000006   -0.000000
    17    0.000018    1.390960   -0.104366    0.000050   -0.000006   -0.000000
    18    0.000005    1.391004   -0.107268   -0.000056    0.0         0.000000
    19    0.000000    1.391041   -0.163171    0.000002    0.0         0.0     
    20   -0.000005    1.391078   -0.107598    0.000047    0.0         0.000000
    21   -0.000017    1.390809   -0.104082   -0.000059    0.000006    0.000000
    22   -0.000028    1.390906   -0.104366    0.000050    0.000006    0.000000
    23    0.000067    1.416712   -0.170670   -0.000051   -0.000006   -0.000001
    24    0.000059    1.416792   -0.171109    0.000043   -0.000006   -0.000001
    25    0.000007    1.418384   -0.175869   -0.000049    0.0         0.0     
    26    0.000000    1.418422   -0.227236    0.000002    0.0         0.0     
    27   -0.000007    1.418461   -0.176397    0.000040    0.0         0.0     
    28   -0.000052    1.416680   -0.170670   -0.000051    0.000006    0.000001
    29   -0.000073    1.416759   -0.171110    0.000043    0.000006    0.000001
    30   -0.000187    1.433984   -0.201093   -0.000069   -0.000011   -0.000004
    31   -0.000171    1.433653   -0.201578    0.000065   -0.000011   -0.000004
    32    0.000008    1.444017   -0.207303   -0.000067    0.0         0.0     
    33    0.000000    1.443949   -0.272160    0.000001    0.0         0.0     
    34   -0.000008    1.443703   -0.207896    0.000061    0.0         0.0     
    35    0.000203    1.433957   -0.201093   -0.000069    0.000011    0.000004
    36    0.000155    1.433627   -0.201578    0.000065    0.000011    0.000004
F R A M E   E L E M E N T   E N D   F O R C E S				(local)
  Elmnt  Node       Nx          Vy         Vz        Txx        Myy        Mzz
     1      1  32655.238c     26.222     40.476      0.267 -31120.771  13278.879
     1     16 -32273.734c    -26.222    -40.476     -0.267 -36144.938  29532.696
     2     16  21754.256c     53.724     50.245      2.768 -40739.812  44253.416
     2     23 -21395.100c    -53.724    -50.245     -2.768 -39648.802  41174.800
     3     23  10859.434c     78.305     77.508     16.426 -50468.940  53943.849
     3     30 -10525.219c    -78.305    -77.508    -16.426 -63850.270  61372.487
     4      4  32743.965c    -59.575     40.491      0.206 -31113.247 -43065.670
     4     17 -32362.461c     59.575    -40.491     -0.206 -36176.943 -56615.148
     5     17  21804.403c    -86.666     50.373      2.827 -40843.620 -70928.698
     5     24 -21445.246c     86.666    -50.373     -2.827 -39749.470 -68182.554
     6     24  10875.423c   -106.535     77.912     16.479 -50736.839 -74134.171
     6     31 -10541.208c    106.535    -77.912    -16.479 -64178.047 -83136.959
     7      5  33649.214c     29.007      0.024     -0.053    -19.865  17523.503
     7     18 -33267.710c    -29.007     -0.024      0.053    -19.582  29893.348
     8     18  22406.210c     49.155      0.012      0.019     -9.934  40183.760
     8     25 -22047.053c    -49.155     -0.012     -0.019    -10.048  37891.317
     9     25  11214.814c     66.102      0.004      0.006     -3.237  45132.332
     9     32 -10880.599c    -66.102     -0.004     -0.006     -3.261  52100.844
    10      7  33752.151c    -62.216     -0.022     -0.054     18.487 -47307.909
    10     20 -33370.647c     62.216      0.022      0.054     18.649 -56775.409
    11     20  22470.381c    -83.243     -0.013      0.020     10.146 -68135.895
    11     27 -22111.224c     83.243      0.013     -0.020     10.096 -65544.013
    12     27  11237.601c   -109.634     -0.004      0.006      3.210 -76676.631
    12     34 -10903.386c    109.634      0.004     -0.006      3.249 -85251.506
    13      8  32655.185c     26.370    -40.445     -0.348  31091.064  13442.287
    13     21 -32273.681c    -26.370     40.445      0.348  36122.896  29615.618
    14     21  21754.238c     53.691    -50.240     -2.748  40738.717  44220.555
    14     28 -21395.081c    -53.691     50.240      2.748  39641.559  41154.274
    15     28  10859.431c     78.303    -77.507    -16.419  50469.351  53943.370
    15     35 -10525.216c    -78.303     77.507     16.419  63848.554  61369.970
    16     11  32744.018c    -59.808    -40.524     -0.288  31145.292 -43344.442
    16     22 -32362.514c     59.808     40.524      0.288  36198.938 -56721.268
    17     22  21804.421c    -86.660    -50.378     -2.805  40844.546 -70917.646
    17     29 -21445.265c     86.660     50.378      2.805  39756.624 -68184.764
    18     29  10875.427c   -106.541    -77.913    -16.473  50736.466 -74139.124
    18     36 -10541.211c    106.541     77.913     16.473  64179.764 -83141.203
    19      1    -18.027t      0.0      294.873  -1178.751 -13007.604      0.0  
    19      2     18.027t      0.0      -24.674   1178.751 -10958.409      0.0  
    20      2    -43.057t      0.0     1056.026     -3.670   6068.872      0.0  
    20      3     43.057t      0.0     1105.564      3.670  53376.065      0.0  
    21      3    -67.855t      0.0       63.757   1237.145 -32079.759      0.0  
    21      4     67.855t      0.0      206.442  -1237.145  42781.060      0.0  
    22      5    -45.527t      0.0     1339.956     18.256 -18058.875      0.0  
    22      6     45.527t      0.0       11.038    -18.256 -878959.929      0.0  
    23      6    -45.527t      0.0      -11.038     18.256 878959.929      0.0  
    23      7     45.527t      0.0     1362.031    -18.256  47860.839      0.0  
    24      8    -18.045t      0.0      287.177   1177.816 -13178.190      0.0  
    24      9     18.045t      0.0      -16.979  -1177.816  -9633.474      0.0  
    25      9    -43.027t      0.0     1065.916      0.006   4546.070      0.0  
    25     10     43.027t      0.0     1095.674     -0.006  31163.387      0.0  
    26     10    -68.217t      0.0      -73.541  -1177.577 -11780.178      0.0  
    26     11     68.217t      0.0      343.739   1177.577  43076.121      0.0  
    27      1      0.0         8.195    699.288   -271.275 -32299.521   6965.991
    27      5      0.0        -8.195   1102.037    271.275 374635.697   6965.991
    28      5      0.0        -8.325   1102.056    264.097 -374637.306  -7076.027
    28      8      0.0         8.325    699.269   -264.097  32268.880  -7076.027
    29      4      0.0         8.280    699.326    284.610 -32350.392   7037.853
    29      7      0.0        -8.280   1101.999   -284.610 374622.055   7037.853
    30      7      0.0        -8.409   1102.015   -268.321 -374621.824  -7148.049
    30     11      0.0         8.409    699.310    268.321  32322.868  -7148.049
    31     16    -27.285t     -0.103    432.286      0.051 -73803.451   -149.506
    31     17     27.285t      0.103    470.685     -0.051 127562.188   -137.612
    32     18    -20.610t      0.016    431.903     19.026 -70042.573     22.027
    32     19     20.610t     -0.016     19.583    -19.026 -218580.357      0.080
    33     19    -20.610t      0.016    -19.583     19.026 218580.357     -0.080
    33     20     20.610t     -0.016    471.069    -19.026 124874.799     22.187
    34     21    -27.075t      0.124    432.270     -0.027 -73853.369    179.075
    34     22     27.075t     -0.124    470.701      0.027 127657.077    167.438
    35     16     -9.666t      0.217    287.192     17.339 -76884.700    147.005
    35     18      9.666t     -0.217    314.790    -17.339 101722.794    243.293
    36     18     -9.671t     -0.246    314.808    -17.197 -101733.284   -265.391
    36     21      9.671t      0.246    287.173     17.197  76861.586   -176.675
    37     17     -9.984t      0.193    287.373    -18.342 -77020.614    134.991
    37     20      9.984t     -0.193    314.608     18.342 101531.753    213.026
    38     20     -9.978t     -0.222    314.590     18.163 -101521.984   -235.287
    38     22      9.978t      0.222    287.391    -18.163  77043.510   -164.921
    39     23    -22.224t     -1.206    434.626      0.047 -95125.226  -1688.972
    39     24     22.224t      1.206    468.346     -0.047 142332.972  -1687.972
    40     25    -21.671t      0.005    430.351     10.730 -83010.467      7.378
    40     26     21.671t     -0.005     21.135    -10.730 -203439.775     -0.008
    41     26    -21.671t      0.005    -21.135     10.730 203439.775      0.008
    41     27     21.671t     -0.005    472.621    -10.730 142188.148      7.361
    42     28    -22.245t      1.213    434.616     -0.039 -95104.248   1698.885
    42     29     22.245t     -1.213    468.356      0.039 142340.138   1697.860
    43     23    -26.057t      2.357    301.040      6.577 -90117.696   1675.314
    43     25     26.057t     -2.357    300.942     -6.577  90029.527   2567.751
    44     25    -26.054t     -2.367    300.947     -6.604 -90032.082  -2575.116
    44     28     26.054t      2.367    301.034      6.604  90110.871  -1685.214
    45     24    -28.745t      2.355    301.477    -16.246 -90486.356   1674.320
    45     27     28.745t     -2.355    300.504     16.246  89610.085   2565.178
    46     27    -28.748t     -2.365    300.498     16.250 -89607.509  -2572.525
    46     29     28.748t      2.365    301.483    -16.250  90493.129  -1684.193
    47     30     92.412c     -7.176    443.710      0.118 -61384.800 -10042.434
    47     31    -92.412c      7.176    459.262     -0.118  83158.532 -10050.549
    48     32     37.884c      0.002    439.655      3.118 -52076.216      3.152
    48     33    -37.884c     -0.002     11.831     -3.118 -247403.090      0.001
    49     33    137.884c      0.002    -11.831      3.118 247403.090     -0.001
    49     34   -137.884c     -0.002    463.317     -3.118  85208.364      3.153
    50     35     92.414c      7.179    443.707     -0.115 -61382.285  10046.666
    50     36    -92.414c     -7.179    459.265      0.115  83162.771  10054.784
    51     30     84.684c     14.107    281.510     12.313 -63850.153  10058.859
    51     32    -84.684c    -14.107    320.471    -12.313  98915.061  15334.372
    52     32     84.686c    -14.111    320.472    -12.315 -98915.204 -15337.518
    52     35    -84.686c     14.111    281.509     12.315  63848.439 -10063.085
    53     31     70.736c     14.123    281.946    -21.574 -64178.165  10067.027
    53     34    -70.736c    -14.123    320.035     21.574  98458.330  15355.186
    54     34     70.733c    -14.127    320.034     21.568 -98458.199 -15358.333
    54     36    -70.733c     14.127    281.947    -21.568  64179.879 -10071.256
    55      2   1031.352c     25.030      0.007      0.0    -1175.081  -4889.536
    55     12  -1727.830c    -25.030     -0.007      0.0     1171.734  19587.749
    56      3   1169.320c     24.798      0.006      0.0    -1240.815  21296.306
    56     13  -1865.798c    -24.798     -0.006      0.0     1237.868  -6528.458
    57      9   1048.937c     24.982     -0.007      0.0     1177.810  -5087.404
    57     14  -1745.415c    -24.982      0.007      0.0    -1174.455  19785.005
    58     10   1022.133c     25.190     -0.007      0.0     1177.583  19383.209
    58     15  -1718.611c    -25.190      0.007      0.0    -1174.228  -4615.422
R E A C T I O N S							(global)
  Node        Fx          Fy          Fz         Mxx         Myy         Mzz
     1     -40.476       0.0     33649.399       0.0         0.0      6966.259
     2       0.007       0.0         0.0         0.0         0.0         0.0  
     3       0.006       0.0         0.0         0.0         0.0         0.0  
     4     -40.491       0.0     33649.733       0.0         0.0      7038.058
     5      -0.024       0.0     37193.262       0.0         0.0      -110.089
     7       0.022       0.0     37318.196       0.0         0.0      -110.250
     8      40.445       0.0     33641.631       0.0         0.0     -7076.375
     9      -0.007       0.0         0.0         0.0         0.0         0.0  
    10      -0.007       0.0         0.0         0.0         0.0         0.0  
    11      40.524       0.0     33787.068       0.0         0.0     -7148.337
    12      -0.007     -25.030    1727.830   19587.749    1171.734       0.0  
    13      -0.006     -24.798    1865.798   -6528.458    1237.868       0.0  
    14       0.007     -24.982    1745.415   19785.005   -1174.455       0.0  
    15       0.007     -25.190    1718.611   -4615.422   -1174.228       0.0  
R M S    R E L A T I V E    E Q U I L I B R I U M    E R R O R: 3.805e-19

M O D A L   A N A L Y S I S   R E S U L T S
  Total Mass:  2.006849e+01     Structural Mass:  4.068489e+00 
N O D A L   M A S S E S	(diagonal of the mass matrix)			(global)
  Node  X-mass      Y-mass      Z-mass      X-inrta     Y-inrta     Z-inrta
     1 1.41933e+08 9.21876e-02 1.41933e+08 1.44772e+03 8.79030e+03 1.41933e+08
     2 1.41933e+08 1.09497e-01 1.22823e-01 1.28696e+04 1.96012e+02 1.23731e+04
     3 1.41933e+08 1.09497e-01 1.22823e-01 1.28696e+04 1.96012e+02 1.23731e+04
     4 1.41933e+08 9.21876e-02 1.41933e+08 1.44772e+03 8.79030e+03 1.41933e+08
     5 1.41933e+08 1.97471e-01 1.41933e+08 4.63062e+03 3.16467e+05 1.41933e+08
     6 4.10319e+00 4.09184e+00 4.10485e+00 4.75653e+06 4.22052e+06 2.65361e+07
     7 1.41933e+08 1.97471e-01 1.41933e+08 4.63062e+03 3.16467e+05 1.41933e+08
     8 1.41933e+08 9.21876e-02 1.41933e+08 1.44772e+03 8.79030e+03 1.41933e+08
     9 1.41933e+08 1.09497e-01 1.22823e-01 1.28696e+04 1.96012e+02 1.23731e+04
    10 1.41933e+08 1.09497e-01 1.22823e-01 1.28696e+04 1.96012e+02 1.23731e+04
    11 1.41933e+08 9.21876e-02 1.41933e+08 1.44772e+03 8.79030e+03 1.41933e+08
    12 1.41933e+08 1.41933e+08 1.41933e+08 1.41933e+08 1.41933e+08 1.41933e+08
    13 1.41933e+08 1.41933e+08 1.41933e+08 1.41933e+08 1.41933e+08 1.41933e+08
    14 1.41933e+08 1.41933e+08 1.41933e+08 1.41933e+08 1.41933e+08 1.41933e+08
    15 1.41933e+08 1.41933e+08 1.41933e+08 1.41933e+08 1.41933e+08 1.41933e+08
    16 8.28376e-02 8.15897e-02 8.23041e-02 1.04340e+04 4.89687e+03 1.02615e+04
    17 8.28376e-02 8.15897e-02 8.23041e-02 1.04340e+04 4.89687e+03 1.02615e+04
    18 8.62169e-02 8.90704e-02 8.81300e-02 3.50339e+03 5.23427e+04 5.69693e+03
    19 4.03427e+00 4.03069e+00 4.03440e+00 4.75202e+06 3.71015e+06 2.65320e+07
    20 8.62169e-02 8.90704e-02 8.81300e-02 3.50339e+03 5.23427e+04 5.69693e+03
    21 8.28376e-02 8.15897e-02 8.23041e-02 1.04340e+04 4.89687e+03 1.02615e+04
    22 8.28376e-02 8.15897e-02 8.23041e-02 1.04340e+04 4.89687e+03 1.02615e+04
    23 8.10535e-02 7.97996e-02 8.06967e-02 9.98975e+03 4.45053e+03 1.02614e+04
    24 8.10535e-02 7.97996e-02 8.06967e-02 9.98975e+03 4.45053e+03 1.02614e+04
    25 8.44328e-02 8.72803e-02 8.65226e-02 3.05918e+03 5.18964e+04 5.69688e+03
    26 4.03427e+00 4.03069e+00 4.03440e+00 4.75202e+06 3.71015e+06 2.65320e+07
    27 8.44328e-02 8.72803e-02 8.65226e-02 3.05918e+03 5.18964e+04 5.69688e+03
    28 8.10535e-02 7.97996e-02 8.06967e-02 9.98975e+03 4.45053e+03 1.02614e+04
    29 8.10535e-02 7.97996e-02 8.06967e-02 9.98975e+03 4.45053e+03 1.02614e+04
    30 6.73970e-02 6.61882e-02 6.84884e-02 8.85677e+03 3.30135e+03 1.02610e+04
    31 6.73970e-02 6.61882e-02 6.84884e-02 8.85677e+03 3.30135e+03 1.02610e+04
    32 7.07764e-02 7.36689e-02 7.43142e-02 1.92621e+03 5.07472e+04 5.69647e+03
    33 4.03427e+00 4.03069e+00 4.03440e+00 4.75202e+06 3.71015e+06 2.65320e+07
    34 7.07764e-02 7.36689e-02 7.43142e-02 1.92621e+03 5.07472e+04 5.69647e+03
    35 6.73970e-02 6.61882e-02 6.84884e-02 8.85677e+03 3.30135e+03 1.02610e+04
    36 6.73970e-02 6.61882e-02 6.84884e-02 8.85677e+03 3.30135e+03 1.02610e+04
  Use consistent mass matrix.
N A T U R A L   F R E Q U E N C I E S   & 
M A S S   N O R M A L I Z E D   M O D E   S H A P E S 
 convergence tolerance: 1.000e-06 
  MODE     1:   f= 0.303105 Hz,  T= 3.299181 sec
		X- modal participation factor =   2.5307e-08 
		Y- modal participation factor =   4.4674e+00 
		Z- modal participation factor =  -7.5099e-08 
  Node    X-dsp       Y-dsp       Z-dsp       X-rot       Y-rot       Z-rot
     1   0.000e+00   2.208e-01   0.000e+00  -3.425e-08  -2.950e-11   1.833e-11
     2   0.000e+00   2.208e-01  -2.463e-06  -2.906e-08  -8.390e-12  -8.468e-13
     3   3.723e-23   2.208e-01   2.239e-06  -2.824e-08   7.352e-12   1.054e-11
     4  -7.786e-21   2.208e-01   6.281e-19  -3.340e-08   2.949e-11   1.833e-11
     5   0.000e+00   2.209e-01  -4.766e-21  -2.634e-08   1.755e-14   1.833e-11
     6   6.188e-09   2.209e-01  -6.868e-10   4.628e-09   4.204e-16  -3.975e-12
     7   1.630e-21   2.209e-01   9.605e-19  -2.633e-08  -1.670e-14   1.833e-11
     8   0.000e+00   2.208e-01   2.835e-24  -3.400e-08   3.267e-11   5.653e-15
     9   0.000e+00   2.208e-01  -2.430e-06  -2.880e-08   9.272e-12  -2.611e-16
    10   1.148e-26   2.208e-01   2.430e-06  -2.879e-08  -9.272e-12   3.250e-15
    11  -2.401e-24   2.208e-01   1.405e-18  -3.400e-08  -3.267e-11   5.654e-15
    12   1.500e-25   1.346e-17  -5.629e-18  -4.041e-15  -2.687e-20  -3.056e-25
    13  -1.315e-25   1.327e-17   6.140e-18  -4.057e-15   2.826e-20   3.778e-24
    14  -1.658e-25   1.344e-17  -5.554e-18  -4.041e-15   2.969e-20  -9.417e-29
    15   1.658e-25   1.348e-17   5.554e-18  -4.040e-15  -2.969e-20   1.174e-27
    16  -5.435e-07   2.236e-01   1.040e-05  -3.977e-07  -3.363e-11  -1.488e-07
    17   5.435e-07   2.236e-01  -1.040e-05  -3.978e-07   3.363e-11  -1.488e-07
    18   3.505e-08   2.240e-01   1.079e-05  -4.250e-07   2.082e-13   9.122e-11
    19  -8.793e-11   2.240e-01  -2.419e-09   1.663e-07  -2.607e-16  -7.030e-12
    20  -3.506e-08   2.240e-01  -1.079e-05  -4.250e-07  -2.087e-13   9.097e-11
    21   6.135e-07   2.236e-01   1.040e-05  -3.978e-07   5.910e-11   1.490e-07
    22  -6.135e-07   2.236e-01  -1.040e-05  -3.978e-07  -5.910e-11   1.490e-07
    23  -6.055e-07   2.256e-01   1.483e-05  -2.432e-07   9.635e-11  -1.675e-07
    24   6.055e-07   2.256e-01  -1.483e-05  -2.432e-07  -9.635e-11  -1.675e-07
    25   5.155e-08   2.260e-01   1.523e-05  -2.464e-07   1.145e-13   5.670e-11
    26   7.281e-12   2.260e-01  -8.511e-10   8.736e-08  -9.652e-18   2.762e-11
    27  -5.155e-08   2.260e-01  -1.523e-05  -2.464e-07  -1.145e-13   5.672e-11
    28   7.086e-07   2.256e-01   1.483e-05  -2.432e-07  -8.805e-11   1.676e-07
    29  -7.086e-07   2.256e-01  -1.483e-05  -2.432e-07   8.805e-11   1.676e-07
    30  -6.039e-07   2.265e-01   1.585e-05  -8.826e-08   1.603e-10  -1.694e-07
    31   6.039e-07   2.265e-01  -1.585e-05  -8.826e-08  -1.603e-10  -1.694e-07
    32   5.621e-08   2.269e-01   1.624e-05  -8.883e-08   3.478e-14   4.831e-11
    33  -1.653e-12   2.269e-01   1.833e-10   2.060e-08  -1.318e-17   3.677e-11
    34  -5.622e-08   2.269e-01  -1.624e-05  -8.883e-08  -3.481e-14   4.831e-11
    35   7.164e-07   2.265e-01   1.585e-05  -8.826e-08  -1.570e-10   1.695e-07
    36  -7.164e-07   2.265e-01  -1.585e-05  -8.826e-08   1.570e-10   1.695e-07
  MODE     2:   f= 1.721850 Hz,  T= 0.580771 sec
		X- modal participation factor =  -3.2637e-06 
		Y- modal participation factor =  -9.5278e-07 
		Z- modal participation factor =  -3.6651e-07 
  Node    X-dsp       Y-dsp       Z-dsp       X-rot       Y-rot       Z-rot
     1   0.000e+00   5.228e-04   0.000e+00  -1.844e-07   1.352e-06   4.340e-14
     2   0.000e+00   5.228e-04  -1.281e-05  -1.380e-07   3.845e-07  -2.005e-15
     3   8.817e-26   5.228e-04   1.165e-05  -1.338e-07  -3.369e-07   2.495e-14
     4  -1.843e-23   5.228e-04   8.375e-18  -1.800e-07  -1.352e-06   4.340e-14
     5   0.000e+00   2.057e-07   2.184e-16   2.795e-13   1.625e-08   4.341e-14
     6   1.496e-11   2.058e-07  -1.772e-09  -5.156e-13  -2.352e-11  -9.833e-15
     7   3.969e-24   2.058e-07  -2.184e-16   5.518e-12  -1.629e-08   4.341e-14
     8   0.000e+00  -5.224e-04   2.625e-18   1.831e-07   1.352e-06   4.339e-14
     9   0.000e+00  -5.224e-04   1.264e-05   1.366e-07   3.837e-07  -2.004e-15
    10   8.814e-26  -5.224e-04  -1.264e-05   1.366e-07  -3.837e-07   2.494e-14
    11  -1.843e-23  -5.224e-04  -1.505e-17   1.830e-07  -1.352e-06   4.339e-14
    12  -7.035e-21   3.106e-20  -2.927e-17  -4.515e-16   1.231e-15  -7.488e-28
    13   6.165e-21   3.067e-20   3.194e-17  -5.238e-16  -1.295e-15   9.255e-27
    14  -7.020e-21  -3.100e-20   2.888e-17   4.471e-16   1.229e-15  -7.478e-28
    15   7.020e-21  -3.109e-20  -2.888e-17   4.471e-16  -1.229e-15   9.318e-27
    16   3.179e-02   2.391e-02  -3.563e-04  -3.315e-06   1.460e-05   1.915e-05
    17  -3.179e-02   2.391e-02   3.563e-04  -3.315e-06  -1.460e-05   1.915e-05
    18   3.188e-02  -8.084e-08  -5.970e-10   3.159e-11   2.491e-07   8.343e-06
    19  -2.625e-07  -8.088e-08   1.367e-10  -1.305e-11  -4.028e-11   5.930e-05
    20  -3.188e-02  -8.085e-08   9.345e-11   3.049e-11  -2.492e-07   8.343e-06
    21   3.179e-02  -2.391e-02   3.563e-04   3.315e-06   1.460e-05   1.915e-05
    22  -3.179e-02  -2.391e-02  -3.563e-04   3.315e-06  -1.460e-05   1.915e-05
    23   6.149e-02   4.386e-02  -5.187e-04  -2.147e-06   9.702e-06   3.634e-05
    24  -6.149e-02   4.386e-02   5.188e-04  -2.147e-06  -9.702e-06   3.634e-05
    25   6.158e-02  -1.732e-07  -7.411e-10   9.458e-12   2.106e-07   1.491e-05
    26  -4.844e-07  -1.733e-07  -2.767e-10  -3.565e-12  -3.208e-11   1.157e-04
    27  -6.158e-02  -1.732e-07   3.265e-10   9.640e-12  -2.106e-07   1.491e-05
    28   6.149e-02  -4.386e-02   5.187e-04   2.147e-06   9.702e-06   3.634e-05
    29  -6.149e-02  -4.386e-02  -5.188e-04   2.147e-06  -9.702e-06   3.634e-05
    30   7.578e-02   5.277e-02  -5.638e-04  -5.163e-07   4.427e-06   4.441e-05
    31  -7.579e-02   5.277e-02   5.638e-04  -5.163e-07  -4.427e-06   4.441e-05
    32   7.588e-02  -2.008e-07  -7.668e-10   2.910e-12   7.281e-08   1.773e-05
    33   1.432e-07  -2.009e-07  -2.074e-10  -6.671e-13  -9.131e-12   1.432e-04
    34  -7.588e-02  -2.008e-07   3.546e-10   2.902e-12  -7.283e-08   1.773e-05
    35   7.578e-02  -5.277e-02   5.638e-04   5.163e-07   4.427e-06   4.441e-05
    36  -7.579e-02  -5.277e-02  -5.638e-04   5.163e-07  -4.427e-06   4.441e-05
  MODE     3:   f= 2.162815 Hz,  T= 0.462360 sec
		X- modal participation factor =  -8.5120e-07 
		Y- modal participation factor =   3.7730e-07 
		Z- modal participation factor =   2.2988e-07 
  Node    X-dsp       Y-dsp       Z-dsp       X-rot       Y-rot       Z-rot
     1   0.000e+00  -3.425e-04   0.000e+00   1.161e-07   8.157e-07  -2.844e-14
     2   0.000e+00  -3.425e-04   8.063e-06   8.687e-08   2.320e-07   1.314e-15
     3  -5.778e-26  -3.425e-04  -7.332e-06   8.422e-08  -2.033e-07  -1.635e-14
     4   1.208e-23  -3.425e-04  -5.273e-18   1.133e-07  -8.155e-07  -2.844e-14
     5   0.000e+00  -1.753e-07   1.318e-16  -3.875e-13   7.119e-09  -2.844e-14
     6  -9.697e-12  -1.754e-07   1.120e-09   3.612e-13  -1.337e-11   6.618e-15
     7  -2.602e-24  -1.754e-07  -1.318e-16  -3.693e-12  -7.145e-09  -2.844e-14
     8   0.000e+00   3.422e-04   1.150e-18  -1.152e-07   8.157e-07  -2.842e-14
     9   0.000e+00   3.422e-04  -7.956e-06  -8.602e-08   2.315e-07   1.313e-15
    10  -5.775e-26   3.422e-04   7.956e-06  -8.601e-08  -2.315e-07  -1.634e-14
    11   1.207e-23   3.422e-04   6.660e-18  -1.152e-07  -8.157e-07  -2.842e-14
    12  -4.303e-21  -2.106e-20   1.843e-17   2.846e-16   7.430e-16   5.004e-28
    13   3.771e-21  -2.080e-20  -2.011e-17   3.301e-16  -7.814e-16  -6.186e-27
    14  -4.293e-21   2.101e-20  -1.818e-17  -2.818e-16   7.413e-16   4.997e-28
    15   4.293e-21   2.107e-20   1.818e-17  -2.818e-16  -7.413e-16  -6.226e-27
    16   1.576e-02  -1.409e-02   2.212e-04   3.361e-07   2.273e-06   7.243e-06
    17  -1.576e-02  -1.409e-02  -2.212e-04   3.364e-07  -2.273e-06   7.243e-06
    18   1.598e-02   3.143e-08   4.884e-10  -2.466e-11   1.110e-08  -3.063e-05
    19  -1.074e-07   3.146e-08  -4.275e-10   1.003e-11  -2.627e-12   1.486e-04
    20  -1.598e-02   3.144e-08  -7.937e-10  -2.391e-11  -1.111e-08  -3.063e-05
    21   1.576e-02   1.409e-02  -2.212e-04  -3.363e-07   2.273e-06   7.243e-06
    22  -1.576e-02   1.409e-02   2.212e-04  -3.362e-07  -2.273e-06   7.243e-06
    23   6.399e-03  -5.462e-03   4.818e-04  -2.417e-06  -7.519e-06   2.992e-06
    24  -6.399e-03  -5.462e-03  -4.818e-04  -2.417e-06   7.519e-06   2.992e-06
    25   6.462e-03   1.175e-07   6.440e-10  -9.722e-12  -1.347e-07  -1.221e-05
    26  -7.569e-08   1.175e-07  -9.584e-11   3.486e-12   5.540e-12   5.968e-05
    27  -6.463e-03   1.175e-07  -8.958e-10  -9.816e-12   1.347e-07  -1.221e-05
    28   6.399e-03   5.462e-03  -4.818e-04   2.417e-06  -7.519e-06   2.992e-06
    29  -6.399e-03   5.462e-03   4.818e-04   2.417e-06   7.519e-06   2.992e-06
    30  -1.197e-02   9.050e-03   5.895e-04  -1.862e-06  -6.586e-06  -5.872e-06
    31   1.197e-02   9.050e-03  -5.896e-04  -1.862e-06   6.586e-06  -5.872e-06
    32  -1.210e-02   1.481e-07   6.758e-10  -3.421e-12  -8.563e-08   2.197e-05
    33   1.333e-08   1.482e-07  -1.445e-10   6.422e-13   6.092e-12  -1.097e-04
    34   1.210e-02   1.481e-07  -9.263e-10  -3.380e-12   8.565e-08   2.197e-05
    35  -1.197e-02  -9.050e-03  -5.895e-04   1.862e-06  -6.586e-06  -5.872e-06
    36   1.197e-02  -9.050e-03   5.895e-04   1.862e-06   6.586e-06  -5.872e-06
  MODE     4:   f= 2.239566 Hz,  T= 0.446515 sec
		X- modal participation factor =  -2.2831e-07 
		Y- modal participation factor =   2.3315e-07 
		Z- modal participation factor =   1.4741e-07 
  Node    X-dsp       Y-dsp       Z-dsp       X-rot       Y-rot       Z-rot
     1   0.000e+00  -2.277e-04   0.000e+00   7.439e-08   3.464e-07  -1.890e-14
     2   0.000e+00  -2.277e-04   5.167e-06   5.567e-08   9.852e-08   8.731e-16
     3  -3.840e-26  -2.277e-04  -4.699e-06   5.397e-08  -8.633e-08  -1.086e-14
     4   8.027e-24  -2.277e-04  -3.379e-18   7.260e-08  -3.463e-07  -1.890e-14
     5   0.000e+00  -1.192e-07   5.597e-17  -2.867e-13   1.818e-09  -1.890e-14
     6  -6.435e-12  -1.192e-07   7.184e-10   2.382e-13  -5.316e-12   4.423e-15
     7  -1.731e-24  -1.192e-07  -5.596e-17  -2.406e-12  -1.829e-09  -1.890e-14
     8   0.000e+00   2.274e-04   2.938e-19  -7.385e-08   3.464e-07  -1.889e-14
     9   0.000e+00   2.274e-04  -5.099e-06  -5.512e-08   9.830e-08   8.727e-16
    10  -3.838e-26   2.274e-04   5.098e-06  -5.512e-08  -9.830e-08  -1.086e-14
    11   8.023e-24   2.274e-04   4.712e-18  -7.384e-08  -3.464e-07  -1.889e-14
    12  -1.832e-21  -1.412e-20   1.181e-17   1.825e-16   3.155e-16   3.339e-28
    13   1.605e-21  -1.395e-20  -1.289e-17   2.117e-16  -3.318e-16  -4.127e-27
    14  -1.828e-21   1.409e-20  -1.165e-17  -1.807e-16   3.148e-16   3.334e-28
    15   1.828e-21   1.413e-20   1.165e-17  -1.807e-16  -3.148e-16  -4.154e-27
    16   5.148e-03  -8.433e-03  -3.900e-05  -8.678e-07  -1.989e-06   4.215e-06
    17  -5.148e-03  -8.433e-03   3.900e-05  -8.676e-07   1.989e-06   4.215e-06
    18   5.341e-03   1.807e-08   3.379e-10  -1.662e-11  -3.017e-08  -2.394e-05
    19  -2.394e-08   1.808e-08  -2.398e-10   6.830e-12   4.292e-12   1.099e-04
    20  -5.341e-03   1.807e-08  -4.677e-10  -1.615e-11   3.018e-08  -2.394e-05
    21   5.148e-03   8.433e-03   3.900e-05   8.677e-07  -1.989e-06   4.215e-06
    22  -5.148e-03   8.433e-03  -3.900e-05   8.677e-07   1.989e-06   4.215e-06
    23  -7.116e-03   9.376e-03  -1.224e-04  -9.277e-08  -3.429e-07  -6.139e-06
    24   7.116e-03   9.376e-03   1.224e-04  -9.277e-08   3.429e-07  -6.139e-06
    25  -7.349e-03   7.844e-08   4.496e-10  -6.906e-12   4.481e-09   3.051e-05
    26   3.041e-08   7.850e-08  -3.233e-11   2.534e-12   4.421e-12  -1.436e-04
    27   7.349e-03   7.844e-08  -5.567e-10  -6.970e-12  -4.472e-09   3.051e-05
    28  -7.116e-03  -9.376e-03   1.224e-04   9.277e-08  -3.429e-07  -6.139e-06
    29   7.116e-03  -9.376e-03  -1.224e-04   9.275e-08   3.429e-07  -6.139e-06
    30   3.503e-03  -4.598e-03  -2.086e-04   1.698e-06   4.649e-06   3.023e-06
    31  -3.502e-03  -4.598e-03   2.086e-04   1.698e-06  -4.649e-06   3.023e-06
    32   3.612e-03   1.006e-07   4.730e-10  -2.448e-12   4.205e-08  -1.499e-05
    33  -6.475e-08   1.007e-07  -6.353e-11   5.135e-13  -1.051e-12   7.059e-05
    34  -3.612e-03   1.006e-07  -5.796e-10  -2.425e-12  -4.206e-08  -1.499e-05
    35   3.503e-03   4.598e-03   2.086e-04  -1.698e-06   4.649e-06   3.023e-06
    36  -3.502e-03   4.598e-03  -2.086e-04  -1.698e-06  -4.649e-06   3.023e-06
  MODE     5:   f= 3.333949 Hz,  T= 0.299945 sec
		X- modal participation factor =   7.0838e-07 
		Y- modal participation factor =   5.5797e-02 
		Z- modal participation factor =   3.5416e-06 
  Node    X-dsp       Y-dsp       Z-dsp       X-rot       Y-rot       Z-rot
     1   0.000e+00   2.764e-01   0.000e+00   1.406e-06  -9.463e-10   2.294e-11
     2   0.000e+00   2.764e-01   9.761e-05   1.049e-06  -2.692e-10  -1.060e-12
     3   4.664e-23   2.764e-01  -8.876e-05   1.017e-06   2.359e-10   1.319e-11
     4  -9.744e-21   2.764e-01  -6.489e-17   1.373e-06   9.462e-10   2.294e-11
     5   0.000e+00   2.794e-01  -1.529e-19   1.406e-06   1.138e-13   2.296e-11
     6   1.582e-07   2.796e-01   8.387e-08  -2.507e-07  -1.482e-14  -5.953e-12
     7   3.005e-20   2.794e-01  -5.162e-17   1.406e-06  -1.414e-13   2.296e-11
     8   0.000e+00   2.764e-01   1.832e-23   1.396e-06   9.714e-10   2.643e-13
     9   0.000e+00   2.764e-01   9.631e-05   1.039e-06   2.757e-10  -1.221e-14
    10   5.373e-25   2.764e-01  -9.631e-05   1.038e-06  -2.757e-10   1.519e-13
    11  -1.123e-22   2.764e-01  -9.566e-17   1.396e-06  -9.713e-10   2.643e-13
    12   5.242e-24   2.033e-17   2.231e-16  -2.024e-15  -8.619e-19  -4.335e-25
    13  -4.595e-24   2.009e-17  -2.434e-16  -1.475e-15   9.066e-19   5.360e-24
    14  -5.370e-24   2.030e-17   2.201e-16  -2.058e-15   8.829e-19  -4.990e-27
    15   5.368e-24   2.035e-17  -2.201e-16  -2.058e-15  -8.828e-19   6.216e-26
    16  -2.000e-05   9.138e-02  -1.054e-03   3.294e-05  -6.018e-09  -5.468e-06
    17   2.001e-05   9.138e-02   1.054e-03   3.294e-05   6.019e-09  -5.468e-06
    18   2.690e-07   1.042e-01  -1.116e-03   3.657e-05   1.590e-12   7.222e-10
    19   6.679e-09   1.044e-01   2.128e-07  -1.628e-05   2.946e-13   7.892e-11
    20  -2.667e-07   1.042e-01   1.116e-03   3.657e-05  -1.003e-12   7.342e-10
    21   2.054e-05   9.138e-02  -1.054e-03   3.294e-05   6.185e-09   5.469e-06
    22  -2.054e-05   9.138e-02   1.054e-03   3.294e-05  -6.185e-09   5.469e-06
    23   5.210e-05  -1.230e-01  -1.609e-03   2.882e-05  -1.813e-09   1.319e-05
    24  -5.210e-05  -1.230e-01   1.609e-03   2.882e-05   1.814e-09   1.319e-05
    25   3.332e-07  -1.540e-01  -1.734e-03   3.592e-05   5.928e-13   5.304e-10
    26   2.490e-09  -1.543e-01   1.352e-07  -1.524e-05   2.107e-13  -1.088e-10
    27  -3.291e-07  -1.540e-01   1.734e-03   3.592e-05  -1.733e-13   5.301e-10
    28  -5.143e-05  -1.230e-01  -1.609e-03   2.882e-05   1.826e-09  -1.318e-05
    29   5.144e-05  -1.230e-01   1.609e-03   2.882e-05  -1.826e-09  -1.318e-05
    30   9.539e-05  -2.361e-01  -1.754e-03   1.213e-05  -4.719e-08   2.464e-05
    31  -9.539e-05  -2.361e-01   1.754e-03   1.213e-05   4.719e-08   2.464e-05
    32   3.290e-07  -2.942e-01  -1.897e-03   1.513e-05   1.501e-13   4.576e-10
    33   3.700e-09  -2.946e-01  -3.105e-08  -5.055e-06   9.515e-14  -1.433e-10
    34  -3.240e-07  -2.942e-01   1.897e-03   1.513e-05   3.962e-14   4.588e-10
    35  -9.473e-05  -2.361e-01  -1.754e-03   1.213e-05   4.719e-08  -2.464e-05
    36   9.474e-05  -2.361e-01   1.754e-03   1.213e-05  -4.719e-08  -2.464e-05
  MODE     6:   f= 3.584327 Hz,  T= 0.278992 sec
		X- modal participation factor =   3.5143e+00 
		Y- modal participation factor =  -4.4462e-10 
		Z- modal participation factor =   1.1721e-04 
  Node    X-dsp       Y-dsp       Z-dsp       X-rot       Y-rot       Z-rot
     1   0.000e+00  -2.278e-08   0.000e+00   6.845e-10   3.795e-06  -1.891e-18
     2   0.000e+00  -2.087e-08   6.641e-08   5.939e-10   1.114e-06  -4.432e-20
     3   1.950e-30   9.647e-09   6.194e-08  -5.849e-10   9.806e-07   5.513e-19
     4  -4.073e-28   1.155e-08   9.386e-20  -6.737e-10   3.794e-06   9.590e-19
     5   0.000e+00  -2.982e-09   6.132e-16  -3.825e-13   1.421e-06  -1.892e-18
     6   3.004e-11  -2.983e-09  -7.974e-13   2.130e-12   1.421e-06   3.502e-16
     7   5.523e-24  -2.982e-09   6.131e-16  -3.681e-13   1.421e-06   9.634e-19
     8   0.000e+00   1.692e-08   2.296e-16  -6.915e-10   3.795e-06  -1.652e-18
     9   0.000e+00   1.501e-08  -6.730e-08  -6.010e-10   1.117e-06  -5.532e-20
    10   2.434e-30  -1.550e-08  -6.717e-08   5.996e-10   1.117e-06   6.882e-19
    11  -5.084e-28  -1.741e-08   2.295e-16   6.897e-10   3.795e-06   1.197e-18
    12  -2.198e-20   1.016e-23   1.518e-19   1.902e-18   3.568e-15  -1.871e-32
    13  -1.934e-20  -1.080e-23   1.699e-19  -2.248e-18   3.769e-15   2.314e-31
    14  -2.203e-20  -1.074e-23  -1.538e-19  -1.925e-18   3.576e-15  -2.324e-32
    15  -2.203e-20   1.065e-23  -1.535e-19   1.920e-18   3.576e-15   2.894e-31
    16   9.607e-02  -4.958e-05  -2.178e-03   1.050e-08   4.198e-05   7.418e-06
    17   9.607e-02   4.935e-05  -2.178e-03  -1.048e-08   4.198e-05  -7.418e-06
    18   9.621e-02  -2.409e-09   4.813e-11   1.288e-13   2.469e-05  -2.104e-05
    19   1.417e-01  -2.415e-09   9.491e-10   8.588e-13   2.473e-05   6.911e-11
    20   9.621e-02  -2.411e-09   1.433e-09  -2.211e-13   2.469e-05   2.104e-05
    21   9.607e-02   4.958e-05   2.178e-03  -1.050e-08   4.198e-05   7.418e-06
    22   9.607e-02  -4.935e-05   2.178e-03   1.048e-08   4.198e-05  -7.418e-06
    23   1.934e-01  -9.961e-05  -3.245e-03   4.334e-09   3.042e-05   1.491e-05
    24   1.934e-01   9.939e-05  -3.245e-03  -4.354e-09   3.042e-05  -1.491e-05
    25   1.936e-01   1.937e-09   5.714e-11  -2.286e-13   2.028e-05  -4.232e-05
    26   2.851e-01   1.941e-09   7.585e-10   8.312e-13   2.031e-05   7.664e-11
    27   1.936e-01   1.937e-09   1.172e-09  -4.440e-13   2.028e-05   4.232e-05
    28   1.934e-01   9.961e-05   3.245e-03  -4.335e-09   3.042e-05   1.491e-05
    29   1.934e-01  -9.938e-05   3.245e-03   4.353e-09   3.042e-05  -1.491e-05
    30   2.433e-01  -1.251e-04  -3.533e-03  -7.277e-09   1.463e-05   1.876e-05
    31   2.433e-01   1.251e-04  -3.533e-03   7.258e-09   1.463e-05  -1.876e-05
    32   2.435e-01   4.186e-09   6.110e-11   2.493e-13   8.781e-06  -5.323e-05
    33   3.587e-01   4.195e-09   8.079e-10   6.226e-13   8.794e-06   8.344e-11
    34   2.435e-01   4.187e-09   1.165e-09  -9.892e-14   8.781e-06   5.323e-05
    35   2.433e-01   1.251e-04   3.533e-03   7.276e-09   1.463e-05   1.876e-05
    36   2.433e-01  -1.251e-04   3.533e-03  -7.259e-09   1.463e-05  -1.876e-05
  MODE     7:   f= 5.802451 Hz,  T= 0.172341 sec
		X- modal participation factor =  -1.0838e+00 
		Y- modal participation factor =  -2.6808e-09 
		Z- modal participation factor =  -8.3860e-05 
  Node    X-dsp       Y-dsp       Z-dsp       X-rot       Y-rot       Z-rot
     1   0.000e+00   1.285e-07   0.000e+00  -4.945e-09  -2.794e-06   1.066e-17
     2   0.000e+00   1.143e-07  -4.798e-07  -4.290e-09  -8.205e-07   4.935e-19
     3  -2.174e-29  -1.143e-07  -4.471e-07   4.221e-09  -7.221e-07  -6.134e-18
     4   4.532e-27  -1.286e-07  -6.779e-19   4.861e-09  -2.794e-06  -1.067e-17
     5   0.000e+00  -2.745e-08  -4.516e-16  -3.783e-14  -9.372e-07   1.068e-17
     6  -4.330e-11  -2.749e-08   6.237e-11  -2.877e-12  -9.378e-07  -7.709e-16
     7  -7.927e-24  -2.745e-08  -4.515e-16  -2.340e-13  -9.372e-07  -1.069e-17
     8   0.000e+00  -1.823e-07  -1.515e-16   4.995e-09  -2.794e-06   1.284e-17
     9   0.000e+00  -1.680e-07   4.862e-07   4.341e-09  -8.223e-07   3.926e-19
    10  -1.729e-29   6.055e-08   4.850e-07  -4.328e-09  -8.223e-07  -4.880e-18
    11   3.605e-27   7.483e-08  -1.506e-16  -4.977e-09  -2.794e-06  -8.488e-18
    12   1.865e-20  -8.625e-23  -1.097e-18  -1.374e-17  -2.627e-15   2.506e-31
    13   1.642e-20   8.473e-23  -1.226e-18   1.623e-17  -2.775e-15  -3.099e-30
    14   1.870e-20   8.210e-23   1.111e-18   1.390e-17  -2.633e-15   1.992e-31
    15   1.870e-20  -9.238e-23   1.108e-18  -1.386e-17  -2.633e-15  -2.479e-30
    16  -5.826e-02   3.379e-04  -9.928e-04  -4.114e-08  -7.990e-06  -5.351e-05
    17  -5.827e-02  -3.355e-04  -9.928e-04   4.080e-08  -7.991e-06   5.351e-05
    18  -5.900e-02   4.585e-08  -1.192e-10  -5.713e-12  -3.640e-06   1.460e-04
    19  -3.739e-01   4.607e-08  -1.376e-09   2.730e-12  -3.654e-06  -9.341e-11
    20  -5.900e-02   4.586e-08  -1.020e-09  -4.343e-12  -3.640e-06  -1.460e-04
    21  -5.826e-02  -3.379e-04   9.928e-04   4.113e-08  -7.990e-06  -5.351e-05
    22  -5.827e-02   3.355e-04   9.928e-04  -4.080e-08  -7.990e-06   5.351e-05
    23  -2.602e-02   1.522e-04  -2.152e-03   9.975e-08   2.511e-05  -2.384e-05
    24  -2.602e-02  -1.479e-04  -2.152e-03  -9.997e-08   2.511e-05   2.384e-05
    25  -2.631e-02   2.266e-08  -2.415e-10   8.365e-12   1.679e-05   6.509e-05
    26  -1.666e-01   2.277e-08  -9.216e-10  -6.471e-12   1.686e-05  -1.494e-10
    27  -2.631e-02   2.266e-08  -7.400e-10   8.972e-12   1.679e-05  -6.508e-05
    28  -2.602e-02  -1.521e-04   2.152e-03  -9.974e-08   2.511e-05  -2.384e-05
    29  -2.602e-02   1.479e-04   2.152e-03   9.997e-08   2.511e-05   2.384e-05
    30   4.372e-02  -2.496e-04  -2.637e-03   6.699e-08   2.259e-05   4.008e-05
    31   4.372e-02   2.548e-04  -2.637e-03  -6.706e-08   2.259e-05  -4.008e-05
    32   4.423e-02  -3.476e-08  -2.947e-10   5.893e-12   1.313e-05  -1.094e-04
    33   2.802e-01  -3.493e-08  -1.398e-09  -5.024e-12   1.318e-05  -1.283e-10
    34   4.423e-02  -3.476e-08  -7.008e-10   7.518e-12   1.313e-05   1.094e-04
    35   4.372e-02   2.496e-04   2.637e-03  -6.698e-08   2.259e-05   4.008e-05
    36   4.372e-02  -2.548e-04   2.637e-03   6.706e-08   2.259e-05  -4.008e-05
  MODE     8:   f= 5.994318 Hz,  T= 0.166825 sec
		X- modal participation factor =  -4.6192e-05 
		Y- modal participation factor =  -1.6552e-02 
		Z- modal participation factor =  -2.0393e-05 
  Node    X-dsp       Y-dsp       Z-dsp       X-rot       Y-rot       Z-rot
     1   0.000e+00  -1.913e-01   0.000e+00  -2.590e-06  -1.239e-08  -1.586e-11
     2   0.000e+00  -1.913e-01  -1.799e-04  -1.937e-06  -3.524e-09   7.338e-13
     3  -3.232e-23  -1.913e-01   1.636e-04  -1.878e-06   3.087e-09  -9.120e-12
     4   6.738e-21  -1.913e-01   1.182e-16  -2.528e-06   1.238e-08  -1.586e-11
     5   0.000e+00  -1.964e-01  -2.002e-18  -4.293e-06   3.531e-12  -1.589e-11
     6  -1.123e-05  -1.968e-01  -3.880e-06   7.913e-07   3.899e-12   7.375e-12
     7  -2.081e-18  -1.964e-01   1.643e-16  -4.287e-06   4.109e-12  -1.589e-11
     8   0.000e+00  -1.913e-01   5.762e-22  -2.571e-06   1.233e-08  -4.594e-13
     9   0.000e+00  -1.913e-01  -1.775e-04  -1.918e-06   3.500e-09   2.125e-14
    10  -9.360e-25  -1.913e-01   1.775e-04  -1.918e-06  -3.501e-09  -2.641e-13
    11   1.951e-22  -1.913e-01   1.749e-16  -2.571e-06  -1.233e-08  -4.594e-13
    12   8.131e-23  -1.948e-17  -4.112e-16  -1.791e-15  -1.128e-17   3.793e-25
    13  -7.118e-23  -1.931e-17   4.486e-16  -2.806e-15   1.187e-17  -4.691e-24
    14  -8.069e-23  -1.946e-17  -4.057e-16  -1.730e-15   1.121e-17   1.098e-26
    15   8.078e-23  -1.949e-17   4.057e-16  -1.730e-15  -1.121e-17  -1.366e-25
    16  -2.742e-04   1.258e-01  -3.262e-04  -2.317e-05  -1.028e-07  -7.121e-05
    17   2.742e-04   1.258e-01   3.262e-04  -2.318e-05   1.029e-07  -7.121e-05
    18  -5.747e-07   2.939e-01  -4.980e-04  -3.738e-05  -2.959e-12  -1.441e-09
    19  -1.273e-08   2.954e-01  -6.887e-07   2.822e-05   2.603e-13  -1.714e-11
    20   5.949e-07   2.939e-01   4.980e-04  -3.738e-05   3.578e-12  -1.476e-09
    21   2.731e-04   1.258e-01  -3.262e-04  -2.318e-05   1.024e-07   7.120e-05
    22  -2.731e-04   1.258e-01   3.262e-04  -2.318e-05  -1.024e-07   7.120e-05
    23  -1.576e-04   8.673e-02  -9.724e-04   2.433e-05   6.675e-08  -4.094e-05
    24   1.576e-04   8.673e-02   9.724e-04   2.433e-05  -6.676e-08  -4.094e-05
    25  -8.107e-07   1.833e-01  -1.221e-03   5.896e-05  -4.977e-12  -1.250e-09
    26   1.080e-07   1.842e-01   2.262e-07  -4.094e-05  -3.477e-12   5.820e-11
    27   8.468e-07   1.833e-01   1.221e-03   5.896e-05  -1.853e-12  -1.166e-09
    28   1.559e-04   8.673e-02  -9.724e-04   2.433e-05  -6.686e-08   4.094e-05
    29  -1.559e-04   8.673e-02   9.724e-04   2.433e-05   6.686e-08   4.094e-05
    30   1.913e-04  -1.132e-01  -1.252e-03   2.180e-05   6.035e-09   5.048e-05
    31  -1.913e-04  -1.132e-01   1.252e-03   2.180e-05  -6.056e-09   5.048e-05
    32  -8.792e-07  -2.323e-01  -1.531e-03   5.070e-05  -4.163e-12  -1.080e-09
    33  -8.078e-08  -2.335e-01  -2.616e-07  -3.435e-05  -3.807e-12   7.751e-11
    34   8.800e-07  -2.323e-01   1.531e-03   5.071e-05  -3.397e-12  -1.156e-09
    35  -1.930e-04  -1.132e-01  -1.252e-03   2.180e-05  -6.078e-09  -5.048e-05
    36   1.930e-04  -1.132e-01   1.252e-03   2.180e-05   6.074e-09  -5.048e-05
  MODE     9:   f= 6.116563 Hz,  T= 0.163491 sec
		X- modal participation factor =  -4.1653e-01 
		Y- modal participation factor =   3.5450e-09 
		Z- modal participation factor =  -3.1961e-05 
  Node    X-dsp       Y-dsp       Z-dsp       X-rot       Y-rot       Z-rot
     1   0.000e+00   1.794e-07   0.000e+00  -5.192e-09  -1.106e-06   1.488e-17
     2   0.000e+00   1.628e-07  -5.042e-07  -4.507e-09  -3.246e-07   4.616e-19
     3  -2.033e-29  -1.037e-07  -4.720e-07   4.457e-09  -2.857e-07  -5.737e-18
     4   4.238e-27  -1.203e-07  -7.148e-19   5.136e-09  -1.105e-06  -9.979e-18
     5   0.000e+00   4.623e-08  -1.787e-16   9.354e-13  -3.169e-07   1.491e-17
     6   1.333e-11   4.631e-08   8.374e-11   5.638e-13  -3.172e-07   2.188e-16
     7   2.442e-24   4.623e-08  -1.787e-16   7.006e-13  -3.169e-07  -9.995e-18
     8   0.000e+00  -8.972e-08  -5.123e-17   5.247e-09  -1.106e-06   1.128e-17
     9   0.000e+00  -7.307e-08   5.111e-07   4.562e-09  -3.254e-07   6.279e-19
    10  -2.766e-29   1.933e-07   5.118e-07  -4.569e-09  -3.254e-07  -7.803e-18
    11   5.765e-27   2.100e-07  -5.035e-17  -5.256e-09  -1.106e-06  -1.357e-17
    12   7.557e-21  -8.808e-23  -1.152e-18  -1.443e-17  -1.039e-15   2.415e-31
    13   6.651e-21   9.316e-23  -1.294e-18   1.713e-17  -1.098e-15  -2.987e-30
    14   7.574e-21   9.864e-23   1.168e-18   1.461e-17  -1.042e-15   3.283e-31
    15   7.574e-21  -8.638e-23   1.170e-18  -1.463e-17  -1.042e-15  -4.084e-30
    16  -1.820e-02   2.899e-04   1.237e-04   7.189e-08   5.666e-06  -4.663e-05
    17  -1.820e-02  -2.913e-04   1.237e-04  -7.164e-08   5.666e-06   4.663e-05
    18  -1.886e-02  -6.454e-08   8.666e-11   8.844e-12   3.646e-06   1.267e-04
    19  -2.920e-01  -6.488e-08  -6.870e-10  -7.547e-12   3.661e-06   2.383e-11
    20  -1.886e-02  -6.453e-08  -5.464e-10   9.633e-12   3.646e-06  -1.267e-04
    21  -1.820e-02  -2.899e-04  -1.237e-04  -7.188e-08   5.666e-06  -4.664e-05
    22  -1.820e-02   2.913e-04  -1.237e-04   7.166e-08   5.666e-06   4.663e-05
    23   2.268e-02  -3.626e-04   3.940e-04   1.531e-08   1.479e-06   5.793e-05
    24   2.268e-02   3.596e-04   3.940e-04  -1.513e-08   1.479e-06  -5.794e-05
    25   2.347e-02  -4.677e-08   2.379e-10  -1.361e-11   2.053e-07  -1.574e-04
    26   3.630e-01  -4.702e-08  -3.937e-10   9.367e-12   2.061e-07   9.129e-11
    27   2.347e-02  -4.677e-08  -6.401e-10  -1.335e-11   2.053e-07   1.574e-04
    28   2.268e-02   3.625e-04  -3.940e-04  -1.532e-08   1.479e-06   5.793e-05
    29   2.268e-02  -3.597e-04  -3.940e-04   1.512e-08   1.479e-06  -5.794e-05
    30  -1.084e-02   1.708e-04   6.742e-04  -1.358e-07  -1.312e-05  -2.770e-05
    31  -1.083e-02  -1.744e-04   6.742e-04   1.359e-07  -1.312e-05   2.770e-05
    32  -1.121e-02   5.314e-08   3.031e-10  -1.291e-11  -6.611e-06   7.524e-05
    33  -1.735e-01   5.343e-08  -7.398e-10   8.440e-12  -6.640e-06   8.494e-11
    34  -1.121e-02   5.314e-08  -7.147e-10  -1.194e-11  -6.611e-06  -7.524e-05
    35  -1.084e-02  -1.707e-04  -6.742e-04   1.358e-07  -1.312e-05  -2.770e-05
    36  -1.083e-02   1.744e-04  -6.742e-04  -1.359e-07  -1.312e-05   2.770e-05
  MODE    10:   f= 6.913952 Hz,  T= 0.144635 sec
		X- modal participation factor =   6.3947e-08 
		Y- modal participation factor =  -1.2481e-08 
		Z- modal participation factor =   1.5890e+00 
  Node    X-dsp       Y-dsp       Z-dsp       X-rot       Y-rot       Z-rot
     1   0.000e+00   3.967e-07   0.000e+00  -2.252e-09  -3.391e-08   3.289e-17
     2   0.000e+00   3.338e-07  -2.186e-07  -1.954e-09  -9.959e-09   2.818e-18
     3  -1.242e-28  -6.716e-07  -2.039e-07   1.925e-09  -8.765e-09  -3.501e-17
     4   2.587e-26  -7.344e-07  -3.092e-19   2.217e-09  -3.391e-08  -6.089e-17
     5   0.000e+00   3.033e-05  -5.482e-18  -1.079e-06  -5.327e-13   3.296e-17
     6   1.775e-08  -1.735e-07  -7.602e-04  -6.336e-13  -5.470e-13   4.574e-17
     7   3.288e-21  -3.068e-05  -2.382e-16   1.079e-06  -5.599e-13  -5.882e-17
     8   0.000e+00   3.968e-07  -8.613e-23  -2.275e-09   3.391e-08   2.488e-15
     9   0.000e+00   3.340e-07  -2.215e-07  -1.977e-09   9.981e-09   1.152e-16
    10  -5.076e-27  -6.714e-07  -2.212e-07   1.974e-09   9.981e-09  -1.431e-15
    11   1.057e-24  -7.342e-07  -3.798e-19   2.270e-09   3.391e-08  -2.488e-15
    12   2.468e-22  -1.000e-23  -4.995e-19  -6.264e-18  -3.189e-17   1.602e-30
    13   2.172e-22  -2.898e-23  -5.592e-19   7.415e-18  -3.368e-17  -1.982e-29
    14  -2.473e-22  -1.060e-23  -5.062e-19  -6.339e-18   3.196e-17   6.544e-29
    15  -2.473e-22  -2.840e-23  -5.054e-19   6.336e-18   3.196e-17  -8.137e-28
    16  -1.470e-05  -5.723e-07   2.866e-04   1.516e-07   1.131e-06   1.230e-07
    17  -1.470e-05   8.533e-07   2.866e-04  -1.517e-07   1.131e-06  -1.231e-07
    18   2.556e-10  -1.961e-04   4.243e-03   8.605e-05   1.670e-13   1.996e-12
    19  -1.576e-09   2.978e-07   9.715e-02   3.412e-10   1.682e-13   8.394e-14
    20   3.347e-10   1.967e-04   4.243e-03  -8.605e-05   1.674e-13   2.700e-13
    21   1.470e-05  -5.779e-07   2.866e-04   1.516e-07  -1.131e-06  -1.230e-07
    22   1.470e-05   8.477e-07   2.866e-04  -1.517e-07  -1.131e-06   1.232e-07
    23  -4.468e-05   1.736e-06   5.098e-04  -3.082e-07   1.397e-06  -2.895e-07
    24  -4.468e-05  -1.555e-06   5.098e-04   3.083e-07   1.397e-06   2.894e-07
    25   4.503e-10   4.631e-04   7.283e-03  -1.667e-04  -7.392e-14   1.026e-12
    26  -3.574e-10   2.015e-07  -1.649e-01  -6.273e-10  -7.709e-14  -1.678e-15
    27  -3.296e-10  -4.627e-04   7.283e-03   1.667e-04  -7.956e-14   6.357e-13
    28   4.468e-05   1.732e-06   5.098e-04  -3.082e-07  -1.397e-06   2.895e-07
    29   4.468e-05  -1.558e-06   5.098e-04   3.083e-07  -1.397e-06  -2.894e-07
    30   6.930e-05  -1.395e-06   6.245e-04   7.392e-07   5.007e-06   2.234e-07
    31   6.930e-05   1.113e-06   6.245e-04  -7.392e-07   5.007e-06  -2.233e-07
    32   5.059e-10  -3.577e-04   1.206e-02   4.177e-04  -2.545e-15   7.706e-13
    33  -6.776e-11  -2.802e-07   4.587e-01   1.817e-09  -3.315e-15  -2.541e-14
    34  -5.044e-10   3.572e-04   1.206e-02  -4.177e-04  -4.083e-15   7.078e-13
    35  -6.930e-05  -1.398e-06   6.245e-04   7.392e-07  -5.007e-06  -2.234e-07
    36  -6.930e-05   1.110e-06   6.245e-04  -7.392e-07  -5.007e-06   2.233e-07
  MODE    11:   f= 7.378768 Hz,  T= 0.135524 sec
		X- modal participation factor =  -4.5984e-07 
		Y- modal participation factor =  -8.0372e-08 
		Z- modal participation factor =   5.2473e-01 
  Node    X-dsp       Y-dsp       Z-dsp       X-rot       Y-rot       Z-rot
     1   0.000e+00  -3.204e-06   0.000e+00   7.484e-09  -4.540e-09  -2.656e-16
     2   0.000e+00  -2.978e-06   7.273e-07   6.498e-09  -1.333e-09  -3.342e-18
     3   1.474e-28   6.445e-07   6.823e-07  -6.445e-09  -1.173e-09   4.151e-17
     4  -3.067e-26   8.709e-07   1.033e-18  -7.426e-09  -4.538e-09   7.220e-17
     5   0.000e+00  -1.128e-04  -7.339e-19   3.989e-06  -3.798e-14  -2.663e-16
     6  -1.114e-07  -1.210e-06   2.828e-03   1.543e-11  -3.768e-14  -8.366e-17
     7  -2.064e-20   1.104e-04   8.650e-16  -3.989e-06  -3.875e-14   5.851e-17
     8   0.000e+00  -3.205e-06  -6.087e-24   7.561e-09   4.539e-09  -9.111e-15
     9   0.000e+00  -2.978e-06   7.371e-07   6.576e-09   1.336e-09  -4.214e-16
    10   1.858e-26   6.441e-07   7.400e-07  -6.607e-09   1.336e-09   5.234e-15
    11  -3.867e-24   8.705e-07   1.269e-18  -7.603e-09   4.539e-09   9.103e-15
    12   3.432e-23  -1.979e-22   1.662e-18   2.088e-17  -4.268e-18  -1.997e-30
    13   3.020e-23  -8.744e-23   1.871e-18  -2.478e-17  -4.508e-18   2.470e-29
    14  -3.439e-23  -1.956e-22   1.685e-18   2.113e-17   4.277e-18  -2.517e-28
    15  -3.439e-23  -9.105e-23   1.691e-18  -2.117e-17   4.277e-18   3.128e-27
    16  -1.716e-05   2.098e-06   2.224e-04  -4.643e-07   1.222e-07  -1.769e-07
    17  -1.715e-05   3.018e-07   2.224e-04   4.644e-07   1.222e-07   1.745e-07
    18  -2.824e-09   2.829e-04   1.323e-03  -3.140e-04  -3.250e-15  -6.448e-12
    19  -1.020e-10   4.132e-06  -3.541e-01  -2.299e-09   1.382e-14  -8.875e-15
    20   3.036e-09  -2.747e-04   1.323e-03   3.141e-04   3.159e-14  -6.697e-12
    21   1.716e-05   2.125e-06   2.224e-04  -4.643e-07  -1.222e-07   1.769e-07
    22   1.715e-05   3.290e-07   2.224e-04   4.644e-07  -1.222e-07  -1.745e-07
    23  -4.182e-05   3.436e-07   4.188e-04   3.652e-07   1.758e-06  -4.105e-07
    24  -4.182e-05  -3.906e-06   4.188e-04  -3.652e-07   1.758e-06   4.134e-07
    25  -4.259e-09   6.513e-04   7.395e-03   2.516e-04  -3.170e-14  -6.137e-12
    26  -7.262e-11  -5.175e-06   2.975e-01   6.388e-10  -2.308e-14   1.977e-13
    27   4.444e-09  -6.616e-04   7.395e-03  -2.516e-04  -1.334e-14  -6.293e-12
    28   4.181e-05   3.664e-07   4.188e-04   3.652e-07  -1.758e-06   4.105e-07
    29   4.183e-05  -3.883e-06   4.188e-04  -3.652e-07  -1.758e-06  -4.134e-07
    30   6.014e-05  -9.923e-07   5.106e-04   2.043e-07   3.806e-06   3.606e-07
    31   6.016e-05   2.717e-06   5.106e-04  -2.049e-07   3.806e-06  -3.621e-07
    32  -4.660e-09  -5.734e-04   9.476e-03   1.469e-04  -6.865e-15  -5.998e-12
    33  -2.643e-11   2.653e-06   1.821e-01   2.500e-09  -4.571e-15   2.586e-13
    34   4.830e-09   5.786e-04   9.476e-03  -1.470e-04  -2.016e-15  -6.110e-12
    35  -6.015e-05  -9.709e-07   5.106e-04   2.043e-07  -3.806e-06  -3.606e-07
    36  -6.015e-05   2.739e-06   5.106e-04  -2.049e-07  -3.806e-06   3.620e-07
  MODE    12:   f= 7.516728 Hz,  T= 0.133037 sec
		X- modal participation factor =  -1.2275e-04 
		Y- modal participation factor =  -5.6396e-03 
		Z- modal participation factor =  -3.7779e-05 
  Node    X-dsp       Y-dsp       Z-dsp       X-rot       Y-rot       Z-rot
     1   0.000e+00  -8.327e-02   0.000e+00  -1.426e-06  -1.555e-08  -6.902e-12
     2   0.000e+00  -8.327e-02  -9.907e-05  -1.067e-06  -4.425e-09   3.196e-13
     3  -1.409e-23  -8.327e-02   9.008e-05  -1.034e-06   3.876e-09  -3.969e-12
     4   2.932e-21  -8.327e-02   6.493e-17  -1.392e-06   1.554e-08  -6.902e-12
     5   0.000e+00  -8.591e-02  -2.514e-18  -3.466e-06   9.802e-12  -6.921e-12
     6  -2.980e-05  -8.614e-02  -1.036e-05   6.566e-07   1.023e-11   9.292e-12
     7  -5.522e-18  -8.591e-02   1.350e-16  -3.448e-06   1.022e-11  -6.925e-12
     8   0.000e+00  -8.327e-02   1.600e-21  -1.416e-06   1.551e-08  -2.381e-13
     9   0.000e+00  -8.327e-02  -9.775e-05  -1.056e-06   4.403e-09   1.102e-14
    10  -4.861e-25  -8.327e-02   9.775e-05  -1.056e-06  -4.404e-09  -1.369e-13
    11   1.011e-22  -8.327e-02   9.617e-17  -1.416e-06  -1.551e-08  -2.381e-13
    12   1.153e-22  -1.043e-17  -2.264e-16  -1.248e-15  -1.417e-17   1.938e-25
    13  -1.008e-22  -1.036e-17   2.470e-16  -1.806e-15   1.490e-17  -2.397e-24
    14  -1.145e-22  -1.042e-17  -2.234e-16  -1.214e-15   1.410e-17   6.682e-27
    15   1.148e-22  -1.044e-17   2.234e-16  -1.214e-15  -1.410e-17  -8.304e-26
    16  -2.985e-04   8.195e-02   1.556e-04   3.289e-06  -4.158e-08  -8.020e-05
    17   2.985e-04   8.195e-02  -1.556e-04   3.285e-06   4.160e-08  -8.020e-05
    18  -3.986e-07   2.712e-01  -3.741e-04   3.523e-05  -5.549e-12  -9.370e-10
    19   5.023e-09   2.734e-01   7.199e-06  -4.416e-05  -3.238e-12  -2.179e-12
    20   4.269e-07   2.712e-01   3.741e-04   3.522e-05  -6.252e-13  -9.542e-10
    21   2.977e-04   8.195e-02   1.556e-04   3.287e-06   4.128e-08   8.019e-05
    22  -2.977e-04   8.195e-02  -1.556e-04   3.287e-06  -4.128e-08   8.019e-05
    23   3.439e-04  -1.088e-01   3.626e-04   5.973e-07  -2.645e-07   8.941e-05
    24  -3.439e-04  -1.088e-01  -3.626e-04   5.974e-07   2.645e-07   8.941e-05
    25  -6.016e-07  -3.197e-01  -9.850e-04   7.369e-06  -4.098e-12  -8.819e-10
    26  -4.075e-09  -3.223e-01  -2.976e-06  -6.407e-06  -2.877e-12   2.722e-11
    27   6.450e-07  -3.197e-01   9.848e-04   7.374e-06  -1.370e-12  -9.074e-10
    28  -3.451e-04  -1.088e-01   3.625e-04   5.975e-07   2.644e-07  -8.941e-05
    29   3.452e-04  -1.088e-01  -3.625e-04   5.973e-07  -2.644e-07  -8.941e-05
    30  -1.868e-04   5.322e-02   5.826e-04  -1.858e-05  -1.168e-06  -4.589e-05
    31   1.868e-04   5.322e-02  -5.826e-04  -1.858e-05   1.168e-06  -4.589e-05
    32  -6.587e-07   1.615e-01  -1.594e-03  -8.967e-05  -1.168e-12  -8.590e-10
    33  -2.623e-09   1.628e-01  -3.126e-06   1.204e-04  -8.413e-13   3.595e-11
    34   7.058e-07   1.615e-01   1.594e-03  -8.966e-05  -4.429e-13  -8.856e-10
    35   1.854e-04   5.322e-02   5.826e-04  -1.858e-05   1.168e-06   4.589e-05
    36  -1.854e-04   5.322e-02  -5.826e-04  -1.858e-05  -1.168e-06   4.589e-05
  MODE    13:   f= 7.656772 Hz,  T= 0.130603 sec
		X- modal participation factor =   5.1106e-07 
		Y- modal participation factor =   1.1880e-08 
		Z- modal participation factor =   3.0699e+00 
  Node    X-dsp       Y-dsp       Z-dsp       X-rot       Y-rot       Z-rot
     1   0.000e+00   1.894e-06   0.000e+00  -5.932e-09  -8.427e-08   1.570e-16
     2   0.000e+00   1.703e-06  -5.762e-07  -5.149e-09  -2.475e-08   5.891e-18
     3  -2.598e-28  -1.344e-06  -5.390e-07   5.090e-09  -2.178e-08  -7.315e-17
     4   5.404e-26  -1.535e-06  -8.168e-19   5.863e-09  -8.426e-08  -1.272e-16
     5   0.000e+00   9.516e-05  -1.362e-17  -3.420e-06  -1.359e-12   1.574e-16
     6   1.280e-07   1.904e-07  -2.434e-03  -7.550e-12  -1.395e-12   2.160e-16
     7   2.371e-20  -9.478e-05  -7.589e-16   3.420e-06  -1.427e-12  -1.116e-16
     8   0.000e+00   1.894e-06  -2.198e-22  -5.993e-09   8.427e-08   7.753e-15
     9   0.000e+00   1.704e-06  -5.840e-07  -5.211e-09   2.480e-08   3.589e-16
    10  -1.583e-26  -1.344e-06  -5.846e-07   5.218e-09   2.480e-08  -4.457e-15
    11   3.293e-24  -1.534e-06  -1.004e-18   6.002e-09   8.427e-08  -7.751e-15
    12   6.520e-22   8.125e-23  -1.317e-18  -1.653e-17  -7.923e-17   3.627e-30
    13   5.739e-22  -3.593e-23  -1.478e-18   1.959e-17  -8.371e-17  -4.485e-29
    14  -6.535e-22   7.947e-23  -1.335e-18  -1.673e-17   7.941e-17   2.208e-28
    15  -6.535e-22  -3.378e-23  -1.336e-18   1.674e-17   7.941e-17  -2.745e-27
    16  -3.735e-05   8.461e-07   5.294e-04   3.375e-07   2.809e-06  -2.368e-07
    17  -3.736e-05  -1.467e-06   5.294e-04  -3.376e-07   2.809e-06   2.375e-07
    18   1.208e-09   3.767e-04   1.037e-02   2.664e-04   4.843e-13   4.947e-12
    19  -2.276e-09  -1.088e-06   3.350e-01   1.766e-09   4.865e-13   1.627e-13
    20   7.783e-10  -3.788e-04   1.037e-02  -2.664e-04   4.812e-13   1.947e-12
    21   3.736e-05   8.298e-07   5.294e-04   3.375e-07  -2.809e-06   2.368e-07
    22   3.736e-05  -1.483e-06   5.294e-04  -3.376e-07  -2.809e-06  -2.375e-07
    23  -4.597e-05  -1.417e-07   9.078e-04   3.544e-07   3.646e-06   1.453e-07
    24  -4.597e-05   1.310e-06   9.078e-04  -3.544e-07   3.646e-06  -1.462e-07
    25   1.818e-09  -2.285e-04   1.575e-02   2.818e-04  -2.199e-13   3.375e-12
    26  -8.386e-10   1.581e-06   3.625e-01   6.013e-10  -2.295e-13  -2.531e-14
    27  -1.188e-09   2.317e-04   1.575e-02  -2.818e-04  -2.369e-13   2.301e-12
    28   4.597e-05  -1.530e-07   9.078e-04   3.544e-07  -3.646e-06  -1.453e-07
    29   4.597e-05   1.298e-06   9.078e-04  -3.544e-07  -3.646e-06   1.462e-07
    30   1.081e-04  -1.560e-06   1.065e-03   1.659e-08   6.306e-06   2.818e-07
    31   1.081e-04   1.136e-06   1.065e-03  -1.641e-08   6.305e-06  -2.814e-07
    32   1.938e-09  -4.497e-04   1.624e-02   2.661e-05  -2.117e-14   2.833e-12
    33  -3.341e-10  -7.579e-07   5.935e-02  -4.849e-10  -2.354e-14  -7.983e-14
    34  -1.803e-09   4.482e-04   1.624e-02  -2.661e-05  -2.584e-14   2.466e-12
    35  -1.081e-04  -1.570e-06   1.065e-03   1.659e-08  -6.306e-06  -2.818e-07
    36  -1.081e-04   1.126e-06   1.065e-03  -1.641e-08  -6.305e-06   2.814e-07
  MODE    14:   f= 8.207842 Hz,  T= 0.121835 sec
		X- modal participation factor =  -1.2343e-03 
		Y- modal participation factor =   9.3987e-08 
		Z- modal participation factor =   5.4385e-09 
  Node    X-dsp       Y-dsp       Z-dsp       X-rot       Y-rot       Z-rot
     1   0.000e+00   1.792e-08   0.000e+00   6.519e-13  -7.094e-11   1.485e-18
     2   0.000e+00   1.791e-08   4.520e-11   4.874e-13  -2.097e-11  -6.825e-20
     3   3.010e-30   1.779e-08  -4.173e-11   4.785e-13  -1.793e-11   8.473e-19
     4  -6.260e-28   1.778e-08  -3.033e-23   6.431e-13  -6.890e-11   1.474e-18
     5   0.000e+00   2.351e-08  -1.160e-20   4.771e-12   3.418e-10   1.490e-18
     6  -4.030e-09   2.358e-08  -1.220e-10  -2.624e-11   3.495e-10   1.941e-04
     7  -2.408e-14   2.351e-08  -1.674e-20   4.982e-12   3.419e-10  -9.825e-12
     8   0.000e+00   2.496e-08   5.579e-20  -2.900e-13  -7.093e-11  -1.132e-19
     9   0.000e+00   2.496e-08  -1.991e-11  -2.159e-13  -2.101e-11   5.263e-21
    10  -2.327e-31   2.496e-08   2.076e-11  -2.235e-13  -2.044e-11  -6.522e-20
    11   4.819e-29   2.496e-08   5.581e-20  -2.987e-13  -6.893e-11  -1.134e-19
    12   4.213e-24   2.378e-24   1.033e-22   1.078e-21  -6.669e-20  -4.319e-32
    13   3.688e-24   2.345e-24  -1.144e-22   1.359e-21  -6.852e-20   5.342e-31
    14   4.222e-24   3.458e-24  -4.550e-23  -1.385e-21  -6.682e-20   4.420e-33
    15   4.203e-24   3.461e-24   4.744e-23  -1.410e-21  -6.500e-20  -5.483e-32
    16   4.471e-07  -6.320e-08  -1.393e-09   1.010e-11   2.114e-10  -1.997e-10
    17   4.940e-07  -6.398e-08  -1.632e-09   1.056e-11   2.319e-10   1.593e-10
    18   4.477e-07  -1.372e-08   8.588e-10   8.885e-12  -1.089e-10   2.333e-10
    19  -4.461e-08  -1.385e-08  -1.750e-12  -2.398e-11  -1.142e-10   4.642e-13
    20   4.947e-07  -1.372e-08  -8.590e-10   8.879e-12  -1.086e-10  -3.018e-10
    21   4.471e-07   6.213e-08   1.451e-09  -6.942e-12   2.109e-10  -2.108e-10
    22   4.940e-07   6.291e-08   1.574e-09  -7.420e-12   2.324e-10   1.481e-10
    23   7.310e-07  -1.080e-07  -1.081e-09   4.984e-12   8.329e-11  -3.238e-10
    24   8.190e-07  -1.094e-07  -1.488e-09   5.061e-12   9.542e-11   2.303e-10
    25   7.281e-07   3.671e-09   1.366e-09  -2.276e-12  -9.131e-11   3.740e-10
    26  -7.806e-08   3.705e-09  -5.288e-14  -2.202e-12  -9.629e-11   9.650e-13
    27   8.161e-07   3.671e-09  -1.367e-09  -2.276e-12  -9.103e-11  -4.959e-10
    28   7.310e-07   1.117e-07   1.219e-09  -5.549e-12   8.271e-11  -3.222e-10
    29   8.190e-07   1.131e-07   1.350e-09  -5.623e-12   9.599e-11   2.319e-10
    30   8.013e-07  -1.252e-07  -9.210e-10   1.247e-12   1.582e-11  -3.487e-10
    31   9.068e-07  -1.267e-07  -1.397e-09   1.088e-12   1.928e-11   2.425e-10
    32   7.982e-07   4.452e-10   1.810e-09   1.240e-11  -2.431e-11   4.065e-10
    33  -8.902e-08   4.479e-10   2.113e-13  -3.610e-11  -2.554e-11   1.218e-12
    34   9.037e-07   4.452e-10  -1.811e-09   1.240e-11  -2.423e-11  -5.484e-10
    35   8.012e-07   1.281e-07   1.092e-09  -1.207e-12   1.433e-11  -3.495e-10
    36   9.069e-07   1.296e-07   1.226e-09  -1.049e-12   2.077e-11   2.417e-10
  MODE    15:   f= 8.257367 Hz,  T= 0.121104 sec
		X- modal participation factor =   3.3549e-05 
		Y- modal participation factor =   6.6798e-04 
		Z- modal participation factor =  -1.5704e-07 
  Node    X-dsp       Y-dsp       Z-dsp       X-rot       Y-rot       Z-rot
     1   0.000e+00   1.077e-02   0.000e+00   9.406e-08   8.790e-08   8.927e-13
     2   0.000e+00   1.077e-02   6.536e-06   7.039e-08   2.501e-08  -4.135e-14
     3   1.824e-24   1.077e-02  -5.942e-06   6.823e-08  -2.192e-08   5.133e-13
     4  -3.793e-22   1.077e-02  -4.281e-18   9.180e-08  -8.788e-08   8.927e-13
     5   0.000e+00   1.080e-02   1.421e-17   6.258e-07  -4.050e-12   8.957e-13
     6   8.146e-06   1.084e-02   2.833e-06  -1.204e-07  -4.165e-12   1.603e-11
     7   1.507e-18   1.080e-02  -3.822e-17   6.209e-07  -4.154e-12   8.967e-13
     8   0.000e+00   1.077e-02  -6.589e-22   9.338e-08  -8.790e-08   5.223e-15
     9   0.000e+00   1.077e-02   6.448e-06   6.969e-08  -2.495e-08  -2.419e-16
    10   1.067e-26   1.077e-02  -6.448e-06   6.969e-08   2.496e-08   3.003e-15
    11  -2.219e-24   1.077e-02  -6.342e-18   9.337e-08   8.790e-08   5.223e-15
    12  -6.935e-22   1.491e-18   1.494e-17  -7.339e-17   8.007e-17  -2.718e-26
    13   6.076e-22   1.481e-18  -1.630e-17  -3.654e-17  -8.421e-17   3.361e-25
    14   6.919e-22   1.490e-18   1.474e-17  -7.562e-17  -7.989e-17  -1.592e-28
    15  -6.919e-22   1.491e-18  -1.474e-17  -7.563e-17   7.989e-17   1.977e-27
    16   7.063e-05  -4.406e-05  -7.314e-04  -5.706e-07  -2.868e-06   8.012e-06
    17  -7.064e-05  -4.406e-05   7.314e-04  -5.704e-07   2.868e-06   8.012e-06
    18   3.396e-08  -1.900e-02  -1.086e-02  -6.830e-05   1.578e-12   7.813e-11
    19  -1.592e-09  -1.919e-02  -9.938e-07   2.143e-04   1.392e-12  -4.388e-15
    20  -3.892e-08  -1.900e-02   1.086e-02  -6.830e-05   1.116e-12   7.984e-11
    21  -7.056e-05  -4.439e-05  -7.314e-04  -5.705e-07   2.868e-06  -8.012e-06
    22   7.056e-05  -4.439e-05   7.314e-04  -5.705e-07  -2.868e-06  -8.012e-06
    23   1.168e-05   1.886e-02  -1.315e-03   3.578e-06  -3.994e-06  -1.686e-05
    24  -1.169e-05   1.886e-02   1.315e-03   3.578e-06   3.994e-06  -1.686e-05
    25   5.410e-08   5.861e-02  -1.836e-02  -4.153e-05   5.934e-13   8.244e-11
    26  -8.823e-11   5.919e-02  -3.504e-07   1.950e-04   4.794e-13  -2.020e-12
    27  -6.483e-08   5.861e-02   1.836e-02  -4.153e-05   2.919e-13   8.790e-11
    28  -1.158e-05   1.886e-02  -1.315e-03   3.578e-06   3.994e-06   1.686e-05
    29   1.156e-05   1.886e-02   1.315e-03   3.578e-06  -3.994e-06   1.686e-05
    30  -9.890e-05  -2.773e-02  -1.597e-03   5.935e-06  -8.994e-06   1.110e-05
    31   9.888e-05  -2.773e-02   1.597e-03   5.935e-06   8.994e-06   1.110e-05
    32   6.083e-08  -5.375e-02  -2.284e-02  -9.756e-05   2.037e-13   8.379e-11
    33   3.146e-10  -5.428e-02  -1.441e-06   3.465e-04   1.708e-13  -2.681e-12
    34  -7.324e-08  -5.375e-02   2.284e-02  -9.755e-05   1.191e-13   9.046e-11
    35   9.902e-05  -2.773e-02  -1.597e-03   5.935e-06   8.994e-06  -1.110e-05
    36  -9.903e-05  -2.773e-02   1.597e-03   5.935e-06  -8.994e-06  -1.110e-05
M A T R I X    I T E R A T I O N S: 4
There are 15 modes below 8.257367 Hz. ... All 15 modes were found.

