________________________________________________________________________________
Frame3DD version: 20100105               http://frame3dd.sf.net/
GPL Copyright (C) 1992-2010, Henri P. Gavin 
Frame3DD is distributed in the hope that it will be useful but with no warranty.
For details see the GNU Public Licence: http://www.fsf.org/copyleft/gpl.html
________________________________________________________________________________

Example G: a building with a set-back  (in kip) 
Mon Nov 26 22:38:27 2012
________________________________________________________________________________
In 2D problems the Y-axis is vertical.  In 3D problems the Z-axis is vertical.
________________________________________________________________________________
   15 NODES              3 FIXED NODES       24 FRAME ELEMENTS   1 LOAD CASES   
________________________________________________________________________________
N O D E   D A T A                                           R E S T R A I N T S
  Node       X              Y              Z         radius  Fx Fy Fz Mx My Mz
    1    -100.000000       0.000000       0.000000    0.000   1  1  1  1  1  1
    2     100.000000       0.000000       0.000000    0.000   1  1  1  1  1  1
    3       0.000000      70.000000       0.000000    0.000   1  1  1  1  1  1
    4    -100.000000       0.000000      80.000000    0.000   0  0  0  0  0  0
    5     100.000000       0.000000      80.000000    0.000   0  0  0  0  0  0
    6       0.000000      70.000000      80.000000    0.000   0  0  0  0  0  0
    7    -100.000000       0.000000     180.000000    0.000   0  0  0  0  0  0
    8     100.000000       0.000000     180.000000    0.000   0  0  0  0  0  0
    9       0.000000      70.000000     180.000000    0.000   0  0  0  0  0  0
   10    -100.000000       0.000000     310.000000    0.000   0  0  0  0  0  0
   11     100.000000       0.000000     310.000000    0.000   0  0  0  0  0  0
   12       0.000000      70.000000     310.000000    0.000   0  0  0  0  0  0
   13    -100.000000       0.000000     510.000000    0.000   0  0  0  0  0  0
   14     100.000000       0.000000     510.000000    0.000   0  0  0  0  0  0
   15       0.000000      70.000000     510.000000    0.000   0  0  0  0  0  0
F R A M E   E L E M E N T   D A T A					(local)
  Elmnt  J1    J2     Ax   Asy   Asz    Jxx     Iyy     Izz       E       G roll  density
    1     1     4  100.0  60.0  60.0  500.0  1000.0  1000.0  29000.0 11500.0   0 7.33e-07
    2     2     5  100.0  60.0  60.0  500.0  1000.0  1000.0  29000.0 11500.0   0 7.33e-07
    3     3     6  100.0  60.0  60.0  500.0  1000.0  1000.0  29000.0 11500.0   0 7.33e-07
    4     4     7  100.0  60.0  60.0  500.0  1000.0  1000.0  29000.0 11500.0   0 7.33e-07
    5     5     8  100.0  60.0  60.0  500.0  1000.0  1000.0  29000.0 11500.0   0 7.33e-07
    6     6     9  100.0  60.0  60.0  500.0  1000.0  1000.0  29000.0 11500.0   0 7.33e-07
    7     7    10  100.0  60.0  60.0  500.0  1000.0  1000.0  29000.0 11500.0   0 7.33e-07
    8     8    11  100.0  60.0  60.0  500.0  1000.0  1000.0  29000.0 11500.0   0 7.33e-07
    9     9    12  100.0  60.0  60.0  500.0  1000.0  1000.0  29000.0 11500.0   0 7.33e-07
   10    10    13  100.0  60.0  60.0  500.0  1000.0  1000.0  29000.0 11500.0   0 7.33e-07
   11    11    14  100.0  60.0  60.0  500.0  1000.0  1000.0  29000.0 11500.0   0 7.33e-07
   12    12    15  100.0  60.0  60.0  500.0  1000.0  1000.0  29000.0 11500.0   0 7.33e-07
   13     4     5  100.0  60.0  60.0  500.0  1000.0  1000.0  29000.0 11500.0   0 7.33e-07
   14     5     6  100.0  60.0  60.0  500.0  1000.0  1000.0  29000.0 11500.0   0 7.33e-07
   15     6     4  100.0  60.0  60.0  500.0  1000.0  1000.0  29000.0 11500.0   0 7.33e-07
   16     7     8  100.0  60.0  60.0  500.0  1000.0  1000.0  29000.0 11500.0   0 7.33e-07
   17     8     9  100.0  60.0  60.0  500.0  1000.0  1000.0  29000.0 11500.0   0 7.33e-07
   18     9     7  100.0  60.0  60.0  500.0  1000.0  1000.0  29000.0 11500.0   0 7.33e-07
   19    10    11  100.0  60.0  60.0  500.0  1000.0  1000.0  29000.0 11500.0   0 7.33e-07
   20    11    12  100.0  60.0  60.0  500.0  1000.0  1000.0  29000.0 11500.0   0 7.33e-07
   21    12    10  100.0  60.0  60.0  500.0  1000.0  1000.0  29000.0 11500.0   0 7.33e-07
   22    13    14  100.0  60.0  60.0  500.0  1000.0  1000.0  29000.0 11500.0   0 7.33e-07
   23    14    15  100.0  60.0  60.0  500.0  1000.0  1000.0  29000.0 11500.0   0 7.33e-07
   24    15    13  100.0  60.0  60.0  500.0  1000.0  1000.0  29000.0 11500.0   0 7.33e-07
  Include shear deformations.
  Include geometric stiffness.

L O A D   C A S E   1   O F   1  ... 

   Gravity X =  0.0    Gravity Y =  0.0    Gravity Z =  -386.400 
   1 concentrated loads
  12 uniformly distributed loads
   0 trapezoidally distributed loads
   0 concentrated point loads
   0 temperature loads
   0 prescribed displacements
 N O D A L   L O A D S  +  E Q U I V A L E N T   N O D A L   L O A D S  (global)
  Node        Fx          Fy          Fz          Mxx         Myy         Mzz
     1       0.000       0.000      -1.133       0.000       0.000       0.000
     2       0.000       0.000      -1.133       0.000       0.000       0.000
     3       0.000       0.000      -1.133       0.000       0.000       0.000
     4       0.000       0.000    -387.308   -1701.315   10394.861       0.000
     5       0.000       0.000    -387.308   -1701.315  -10394.861       0.000
     6       0.000       0.000    -294.203    3402.631       0.000       0.000
     7       0.000       0.000    -388.017   -1701.315   10394.861       0.000
     8       0.000       0.000    -388.017   -1701.315  -10394.861       0.000
     9       0.000       0.000    -294.911    3402.631       0.000       0.000
    10       0.000       0.000    -389.433   -1701.315   10394.861       0.000
    11       0.000       0.000    -389.433   -1701.315  -10394.861       0.000
    12       0.000       0.000    -296.327    3402.631       0.000       0.000
    13       0.000       0.000    -387.592   -1701.315   10394.861       0.000
    14       0.000       0.000    -387.592   -1701.315  -10394.861       0.000
    15       0.000     200.000    -294.486    3402.631       0.000       0.000
 U N I F O R M   L O A D S						(local)
  Elmnt       Ux               Uy               Uz
    13       0.00000000       0.00000000      -2.36100006
    14       0.00000000       0.00000000      -2.36100006
    15       0.00000000       0.00000000      -2.36100006
    16       0.00000000       0.00000000      -2.36100006
    17       0.00000000       0.00000000      -2.36100006
    18       0.00000000       0.00000000      -2.36100006
    19       0.00000000       0.00000000      -2.36100006
    20       0.00000000       0.00000000      -2.36100006
    21       0.00000000       0.00000000      -2.36100006
    22       0.00000000       0.00000000      -2.36100006
    23       0.00000000       0.00000000      -2.36100006
    24       0.00000000       0.00000000      -2.36100006

E L A S T I C   S T I F F N E S S   A N A L Y S I S   via  L D L'  decomposition


L O A D   C A S E   1   O F   1  ... 

N O D E   D I S P L A C E M E N T S  					(global)
  Node    X-dsp       Y-dsp       Z-dsp       X-rot       Y-rot       Z-rot
     4    0.000666    0.508264   -0.022580   -0.010550    0.001345    0.000017
     5   -0.000666    0.508264   -0.022580   -0.010550   -0.001345   -0.000017
     6    0.0         0.510151   -0.073037   -0.007993    0.0         0.0     
     7    0.000976    2.083171   -0.041698   -0.017904    0.000140    0.000011
     8   -0.000976    2.083171   -0.041698   -0.017904   -0.000140   -0.000011
     9    0.0         2.083936   -0.145691   -0.014317    0.0         0.0     
    10   -0.000390    5.183060   -0.057709   -0.024277   -0.001260   -0.000005
    11    0.000390    5.183060   -0.057709   -0.024277    0.001260    0.000005
    12    0.0         5.182276   -0.209818   -0.019019    0.0         0.0     
    13    0.002258   11.014283   -0.072079   -0.021333    0.000793    0.000081
    14   -0.002258   11.014283   -0.072079   -0.021333   -0.000793   -0.000081
    15    0.0        11.023604   -0.254848   -0.010424    0.0         0.0     
F R A M E   E L E M E N T   E N D   F O R C E S				(local)
  Elmnt  Node       Nx          Vy         Vz        Txx        Myy        Mzz
     1      1    819.642c    -48.991    -33.383     -1.196    854.928  -5934.552
     1      4   -817.376c     48.991     33.383      1.196   1815.185   1599.250
     2      2    819.642c    -48.991     33.383      1.196   -854.928  -5934.552
     2      5   -817.376c     48.991    -33.383     -1.196  -1815.185   1599.250
     3      3   2648.741c   -102.018      0.0        0.0        0.0    -7512.356
     3      6  -2646.475c    102.018      0.0        0.0        0.0    -1999.758
     4      4    555.843c    -41.544    -24.417      0.341   1564.611  -4612.238
     4      7   -553.011c     41.544     24.417     -0.341    876.944   -415.287
     5      5    555.843c    -41.544     24.417     -0.341  -1564.611  -4612.238
     5      8   -553.011c     41.544    -24.417      0.341   -876.944   -415.287
     6      6   2108.368c   -116.913      0.0        0.0        0.0    -9226.707
     6      9  -2105.536c    116.913      0.0        0.0        0.0    -5780.475
     7      7    359.007c    -46.381     10.959      0.713   -405.138  -4965.537
     7     10   -355.325c     46.381    -10.959     -0.713  -1019.079  -2171.155
     8      8    359.007c    -46.381    -10.959     -0.713    405.138  -4965.537
     8     11   -355.325c     46.381     10.959      0.713   1019.079  -2171.155
     9      9   1432.371c   -107.238      0.0        0.0        0.0   -10162.596
     9     12  -1428.689c    107.238      0.0        0.0        0.0    -8210.639
    10     10    211.204c    -48.231      2.108     -2.484   -501.732  -5013.958
    10     13   -205.539c     48.231     -2.108      2.484     79.578  -5847.341
    11     11    211.204c    -48.231     -2.108      2.484    501.732  -5013.958
    11     14   -205.539c     48.231      2.108     -2.484    -79.578  -5847.341
    12     12    655.759c   -103.538      0.0        0.0        0.0   -11107.932
    12     15   -650.094c    103.538      0.0        0.0        0.0   -13413.552
    13      4     19.310c      0.0      238.932      0.0    -7575.303      4.814
    13      5    -19.310c      0.0      238.932      0.0     7575.303     -4.814
    14      5    -12.745t      0.169     22.601     62.370   5164.929      6.350
    14      6     12.745t     -0.169    269.053    -62.370   9877.420     14.259
    15      6    -12.745t     -0.169    269.053    -62.370  -9877.420    -14.259
    15      4     12.745t      0.169     22.601     62.370  -5164.929     -6.350
    16      7     28.294c      0.0      238.932      0.0    -7923.969      3.095
    16      8    -28.294c      0.0      238.932      0.0     7923.969     -3.095
    17      8      8.576c      0.098    -44.928    134.609   9190.750      3.467
    17      9     -8.576c     -0.098    336.582   -134.609  14093.010      8.553
    18      9      8.576c     -0.098    336.582   -134.609 -14093.010     -8.553
    18      7     -8.576c      0.098    -44.928    134.609  -9190.750     -3.467
    19     10    -11.322t      0.0      238.932      0.0    -8330.418     -1.572
    19     11     11.322t      0.0      238.932      0.0     8330.418      1.572
    20     11      3.085c     -0.099    -94.811    236.966  12190.833     -4.768
    20     12     -3.085c      0.099    386.465   -236.966  17182.322     -7.339
    21     12      3.085c      0.099    386.465   -236.966 -17182.322      7.339
    21     10     -3.085c     -0.099    -94.811    236.966 -12190.833      4.768
    22     13     65.495c      0.0      238.932      0.0    -7736.099     23.306
    22     14    -65.495c      0.0      238.932      0.0     7736.099    -23.306
    23     14    -83.041t      0.745    -33.393    399.573   9625.695     25.789
    23     15     83.041t     -0.745    325.047   -399.573  12266.093     64.401
    24     15    -83.041t     -0.745    325.047   -399.573 -12266.093    -64.401
    24     13     83.041t      0.745    -33.393    399.573  -9625.695    -25.789
R E A C T I O N S							(global)
  Node        Fx          Fy          Fz         Mxx         Myy         Mzz
     1      33.383     -48.991     819.642    5934.552     854.928      -1.195
     2     -33.383     -48.991     819.642    5934.552    -854.928       1.195
     3       0.0      -102.018    2648.741    7512.356       0.0         0.0  
R M S    R E L A T I V E    E Q U I L I B R I U M    E R R O R: 1.399e-24

M O D A L   A N A L Y S I S   R E S U L T S
  Total Mass:  2.423682e-01     Structural Mass:  2.423682e-01 
N O D A L   M A S S E S	(diagonal of the mass matrix)			(global)
  Node  X-mass      Y-mass      Z-mass      X-inrta     Y-inrta     Z-inrta
     1 2.28457e+02 2.28457e+02 2.28457e+02 2.28457e+02 2.28457e+02 2.28457e+02
     2 2.28457e+02 2.28457e+02 2.28457e+02 2.28457e+02 2.28457e+02 2.28457e+02
     3 2.28457e+02 2.28457e+02 2.28457e+02 2.28457e+02 2.28457e+02 2.28457e+02
     4 1.29040e-02 1.35860e-02 1.31781e-02 1.52902e+00 7.54246e+00 6.90791e+00
     5 1.29040e-02 1.35860e-02 1.31781e-02 1.52902e+00 7.54246e+00 6.90791e+00
     6 1.11143e-02 1.13526e-02 1.10591e-02 1.93607e+00 2.80320e+00 2.58521e+00
     7 1.42611e-02 1.49431e-02 1.43997e-02 2.71020e+00 8.72364e+00 6.91402e+00
     8 1.42611e-02 1.49431e-02 1.43997e-02 2.71020e+00 8.72364e+00 6.91402e+00
     9 1.24713e-02 1.27096e-02 1.22807e-02 3.11724e+00 3.98438e+00 2.59132e+00
    10 1.69792e-02 1.76613e-02 1.68431e-02 7.60664e+00 1.36201e+01 6.92623e+00
    11 1.69792e-02 1.76613e-02 1.68431e-02 7.60664e+00 1.36201e+01 6.92623e+00
    12 1.51895e-02 1.54278e-02 1.47241e-02 8.01368e+00 8.88082e+00 2.60353e+00
    13 1.34331e-02 1.41151e-02 1.36667e-02 6.06022e+00 1.20737e+01 6.91035e+00
    14 1.34331e-02 1.41151e-02 1.36667e-02 6.06022e+00 1.20737e+01 6.91035e+00
    15 1.16434e-02 1.18817e-02 1.15477e-02 6.46726e+00 7.33440e+00 2.58765e+00
  Use consistent mass matrix.
N A T U R A L   F R E Q U E N C I E S   & 
M A S S   N O R M A L I Z E D   M O D E   S H A P E S 
 convergence tolerance: 1.000e-06 
  MODE     1:   f= 2.334721 Hz,  T= 0.428317 sec
		X- modal participation factor =   1.7491e-12 
		Y- modal participation factor =   3.9388e-01 
		Z- modal participation factor =   2.8412e-03 
  Node    X-dsp       Y-dsp       Z-dsp       X-rot       Y-rot       Z-rot
     1   0.000e+00   0.000e+00   0.000e+00   0.000e+00   0.000e+00   0.000e+00
     2   0.000e+00   0.000e+00   0.000e+00   0.000e+00   0.000e+00   0.000e+00
     3   0.000e+00   0.000e+00   0.000e+00   0.000e+00   0.000e+00   0.000e+00
     4   4.640e-04   2.234e-01   6.081e-03  -4.461e-03  -6.026e-04   2.149e-05
     5  -4.640e-04   2.234e-01   6.081e-03  -4.461e-03   6.026e-04  -2.149e-05
     6   4.577e-11   2.242e-01  -1.215e-02  -3.993e-03   3.834e-13  -4.513e-13
     7  -7.730e-05   8.737e-01   1.210e-02  -6.890e-03  -1.039e-03   4.895e-05
     8   7.730e-05   8.737e-01   1.210e-02  -6.890e-03   1.039e-03  -4.895e-05
     9   6.902e-11   8.736e-01  -2.417e-02  -6.046e-03  -2.567e-13  -6.525e-13
    10  -3.746e-04   1.968e+00   1.690e-02  -7.625e-03  -1.402e-03   1.051e-04
    11   3.746e-04   1.968e+00   1.690e-02  -7.625e-03   1.402e-03  -1.051e-04
    12  -5.886e-11   1.968e+00  -3.375e-02  -6.492e-03  -2.544e-13   5.400e-13
    13  -4.649e-04   3.590e+00   1.951e-02  -5.693e-03  -1.585e-03   1.920e-04
    14   4.649e-04   3.590e+00   1.951e-02  -5.693e-03   1.585e-03  -1.920e-04
    15   3.245e-11   3.589e+00  -3.895e-02  -4.060e-03   1.227e-13  -4.273e-13
  MODE     2:   f= 2.749703 Hz,  T= 0.363676 sec
		X- modal participation factor =  -2.1964e-01 
		Y- modal participation factor =   3.8891e-12 
		Z- modal participation factor =  -4.3919e-12 
  Node    X-dsp       Y-dsp       Z-dsp       X-rot       Y-rot       Z-rot
     1   0.000e+00   0.000e+00   0.000e+00   0.000e+00   0.000e+00   0.000e+00
     2   0.000e+00   0.000e+00   0.000e+00   0.000e+00   0.000e+00   0.000e+00
     3   0.000e+00   0.000e+00   0.000e+00   0.000e+00   0.000e+00   0.000e+00
     4  -1.967e-01   2.837e-01  -2.948e-03  -5.971e-03  -3.457e-03  -2.948e-03
     5  -1.967e-01  -2.837e-01   2.948e-03   5.971e-03  -3.457e-03  -2.948e-03
     6   2.190e-03   9.367e-11  -1.375e-12  -4.948e-13  -1.004e-04  -2.924e-03
     7  -7.396e-01   1.088e+00  -5.836e-03  -8.759e-03  -4.968e-03  -1.089e-02
     8  -7.396e-01  -1.088e+00   5.836e-03   8.759e-03  -4.968e-03  -1.089e-02
     9   2.186e-02  -7.235e-12  -2.772e-12   1.396e-12  -2.106e-04  -1.093e-02
    10  -1.599e+00   2.327e+00  -8.148e-03  -8.689e-03  -4.889e-03  -2.315e-02
    11  -1.599e+00  -2.327e+00   8.148e-03   8.689e-03  -4.889e-03  -2.315e-02
    12   2.909e-02  -3.942e-11  -4.955e-12  -1.669e-12  -5.308e-04  -2.329e-02
    13  -2.761e+00   3.858e+00  -9.383e-03  -5.226e-03  -2.674e-03  -3.827e-02
    14  -2.761e+00  -3.858e+00   9.383e-03   5.226e-03  -2.674e-03  -3.827e-02
    15  -6.064e-02  -2.996e-11  -9.043e-12   3.256e-12  -7.143e-04  -3.855e-02
  MODE     3:   f= 4.061264 Hz,  T= 0.246229 sec
		X- modal participation factor =  -3.3030e-01 
		Y- modal participation factor =  -3.0473e-10 
		Z- modal participation factor =   3.2129e-10 
  Node    X-dsp       Y-dsp       Z-dsp       X-rot       Y-rot       Z-rot
     1   0.000e+00   0.000e+00   0.000e+00   0.000e+00   0.000e+00   0.000e+00
     2   0.000e+00   0.000e+00   0.000e+00   0.000e+00   0.000e+00   0.000e+00
     3   0.000e+00   0.000e+00   0.000e+00   0.000e+00   0.000e+00   0.000e+00
     4  -1.782e-01  -2.146e-01  -1.055e-02   3.541e-03  -1.874e-03   2.217e-03
     5  -1.782e-01   2.146e-01   1.055e-02  -3.541e-03  -1.874e-03   2.217e-03
     6  -3.284e-01  -7.597e-09   9.032e-11   3.419e-11  -4.210e-03   2.189e-03
     7  -5.863e-01  -7.593e-01  -2.054e-02   4.733e-03  -2.416e-03   7.607e-03
     8  -5.863e-01   7.593e-01   2.054e-02  -4.733e-03  -2.416e-03   7.607e-03
     9  -1.118e+00   8.626e-10   1.772e-10  -9.270e-11  -5.463e-03   7.592e-03
    10  -1.284e+00  -1.564e+00  -2.821e-02   4.154e-03  -2.733e-03   1.559e-02
    11  -1.284e+00   1.564e+00   2.821e-02  -4.154e-03  -2.733e-03   1.559e-02
    12  -2.379e+00   3.184e-09   3.307e-10   5.864e-11  -5.427e-03   1.558e-02
    13  -2.477e+00  -2.508e+00  -3.185e-02   1.521e-03  -1.546e-03   2.494e-02
    14  -2.477e+00   2.508e+00   3.185e-02  -1.521e-03  -1.546e-03   2.494e-02
    15  -4.232e+00   2.801e-09   5.847e-10  -1.430e-10  -2.559e-03   2.492e-02
  MODE     4:   f= 7.263648 Hz,  T= 0.137672 sec
		X- modal participation factor =   4.6397e-07 
		Y- modal participation factor =   2.0523e-01 
		Z- modal participation factor =  -3.2700e-03 
  Node    X-dsp       Y-dsp       Z-dsp       X-rot       Y-rot       Z-rot
     1   0.000e+00   0.000e+00   0.000e+00   0.000e+00   0.000e+00   0.000e+00
     2   0.000e+00   0.000e+00   0.000e+00   0.000e+00   0.000e+00   0.000e+00
     3   0.000e+00   0.000e+00   0.000e+00   0.000e+00   0.000e+00   0.000e+00
     4   7.529e-04   7.869e-01  -2.208e-04  -1.402e-02  -2.244e-03   4.625e-04
     5  -7.453e-04   7.869e-01  -2.208e-04  -1.402e-02   2.244e-03  -4.627e-04
     6   1.238e-05   7.884e-01   2.538e-04  -1.227e-02   1.036e-07  -1.228e-07
     7  -2.262e-03   2.326e+00  -5.689e-03  -1.006e-02  -2.085e-03   1.220e-03
     8   2.274e-03   2.326e+00  -5.689e-03  -1.006e-02   2.085e-03  -1.220e-03
     9   1.865e-05   2.323e+00   1.087e-02  -8.397e-03  -6.959e-08  -1.777e-07
    10  -1.393e-03   2.393e+00  -1.746e-02   1.088e-02   2.091e-03   1.240e-03
    11   1.382e-03   2.393e+00  -1.746e-02   1.088e-02  -2.091e-03  -1.240e-03
    12  -1.597e-05   2.391e+00   3.388e-02   9.470e-03  -6.863e-08   1.463e-07
    13   1.094e-03  -2.700e+00  -2.835e-02   2.262e-02   7.797e-03  -1.421e-03
    14  -1.092e-03  -2.700e+00  -2.835e-02   2.262e-02  -7.797e-03   1.420e-03
    15   8.882e-06  -2.698e+00   5.505e-02   1.456e-02   3.322e-08  -1.180e-07
M A T R I X    I T E R A T I O N S: 5
There are 4 modes below 7.263648 Hz. ... All 4 modes were found.

