________________________________________________________________________________
Frame3DD version: 20100105               http://frame3dd.sf.net/
GPL Copyright (C) 1992-2010, Henri P. Gavin 
Frame3DD is distributed in the hope that it will be useful but with no warranty.
For details see the GNU Public Licence: http://www.fsf.org/copyleft/gpl.html
________________________________________________________________________________

Example I: a triangular tower  (kip in) 
Mon Nov 26 22:38:35 2012
________________________________________________________________________________
In 2D problems the Y-axis is vertical.  In 3D problems the Z-axis is vertical.
________________________________________________________________________________
   15 NODES              3 FIXED NODES       24 FRAME ELEMENTS   1 LOAD CASES   
________________________________________________________________________________
N O D E   D A T A                                           R E S T R A I N T S
  Node       X              Y              Z         radius  Fx Fy Fz Mx My Mz
    1    -100.000000       0.000000       0.000000    0.000   1  1  1  1  1  1
    2     100.000000       0.000000       0.000000    0.000   1  1  1  1  1  1
    3       0.000000      70.000000       0.000000    0.000   1  1  1  1  1  1
    4    -100.000000       0.000000      80.000000    0.000   0  0  0  0  0  0
    5     100.000000       0.000000      80.000000    0.000   0  0  0  0  0  0
    6       0.000000      70.000000      80.000000    0.000   0  0  0  0  0  0
    7    -100.000000       0.000000     180.000000    0.000   0  0  0  0  0  0
    8     100.000000       0.000000     180.000000    0.000   0  0  0  0  0  0
    9       0.000000      70.000000     180.000000    0.000   0  0  0  0  0  0
   10    -100.000000       0.000000     310.000000    0.000   0  0  0  0  0  0
   11     100.000000       0.000000     310.000000    0.000   0  0  0  0  0  0
   12       0.000000      70.000000     310.000000    0.000   0  0  0  0  0  0
   13    -100.000000       0.000000     510.000000    0.000   0  0  0  0  0  0
   14     100.000000       0.000000     510.000000    0.000   0  0  0  0  0  0
   15       0.000000      70.000000     510.000000    0.000   0  0  0  0  0  0
F R A M E   E L E M E N T   D A T A					(local)
  Elmnt  J1    J2     Ax   Asy   Asz    Jxx     Iyy     Izz       E       G roll  density
    1     1     4  100.0  60.0  60.0  500.0  1000.0  1000.0   9990.0  3800.0   0 2.40e-10
    2     2     5  100.0  60.0  60.0  500.0  1000.0  1000.0   9990.0  3800.0   0 2.40e-10
    3     3     6  100.0  60.0  60.0  500.0  1000.0  1000.0   9990.0  3800.0   0 2.40e-10
    4     4     7  100.0  60.0  60.0  500.0  1000.0  1000.0   9990.0  3800.0   0 2.40e-10
    5     5     8  100.0  60.0  60.0  500.0  1000.0  1000.0   9990.0  3800.0   0 2.40e-10
    6     6     9  100.0  60.0  60.0  500.0  1000.0  1000.0   9990.0  3800.0   0 2.40e-10
    7     7    10  100.0  60.0  60.0  500.0  1000.0  1000.0   9990.0  3800.0   0 2.40e-10
    8     8    11  100.0  60.0  60.0  500.0  1000.0  1000.0   9990.0  3800.0   0 2.40e-10
    9     9    12  100.0  60.0  60.0  500.0  1000.0  1000.0   9990.0  3800.0   0 2.40e-10
   10    10    13  100.0  60.0  60.0  500.0  1000.0  1000.0   9990.0  3800.0   0 2.40e-10
   11    11    14  100.0  60.0  60.0  500.0  1000.0  1000.0   9990.0  3800.0   0 2.40e-10
   12    12    15  100.0  60.0  60.0  500.0  1000.0  1000.0   9990.0  3800.0   0 2.40e-10
   13     4     5  100.0  60.0  60.0  500.0  1000.0  1000.0   9990.0  3800.0   0 2.40e-10
   14     5     6  100.0  60.0  60.0  500.0  1000.0  1000.0   9990.0  3800.0   0 2.40e-10
   15     6     4  100.0  60.0  60.0  500.0  1000.0  1000.0   9990.0  3800.0   0 2.40e-10
   16     7     8  100.0  60.0  60.0  500.0  1000.0  1000.0   9990.0  3800.0   0 2.40e-10
   17     8     9  100.0  60.0  60.0  500.0  1000.0  1000.0   9990.0  3800.0   0 2.40e-10
   18     9     7  100.0  60.0  60.0  500.0  1000.0  1000.0   9990.0  3800.0   0 2.40e-10
   19    10    11  100.0  60.0  60.0  500.0  1000.0  1000.0   9990.0  3800.0   0 2.40e-10
   20    11    12  100.0  60.0  60.0  500.0  1000.0  1000.0   9990.0  3800.0   0 2.40e-10
   21    12    10  100.0  60.0  60.0  500.0  1000.0  1000.0   9990.0  3800.0   0 2.40e-10
   22    13    14  100.0  60.0  60.0  500.0  1000.0  1000.0   9990.0  3800.0   0 2.40e-10
   23    14    15  100.0  60.0  60.0  500.0  1000.0  1000.0   9990.0  3800.0   0 2.40e-10
   24    15    13  100.0  60.0  60.0  500.0  1000.0  1000.0   9990.0  3800.0   0 2.40e-10
  Include shear deformations.
  Include geometric stiffness.

L O A D   C A S E   1   O F   1  ... 

   Gravity X =  0.0    Gravity Y =  -386.400    Gravity Z =  0.0 
   1 concentrated loads
  12 uniformly distributed loads
   0 trapezoidally distributed loads
   0 concentrated point loads
   0 temperature loads
   0 prescribed displacements
 N O D A L   L O A D S  +  E Q U I V A L E N T   N O D A L   L O A D S  (global)
  Node        Fx          Fy          Fz          Mxx         Myy         Mzz
     1       0.000      -0.000       0.000       0.005       0.000       0.000
     2       0.000      -0.000       0.000       0.005       0.000       0.000
     3       0.000      -0.000       0.000       0.005       0.000       0.000
     4       0.000      -0.002    -380.198   -1681.145   10271.640      -0.040
     5       0.000      -0.002    -380.198   -1681.145  -10271.640       0.040
     6       0.000      -0.002    -288.197    3362.299       0.000      -0.000
     7       0.000      -0.003    -380.198   -1681.143   10271.640      -0.040
     8       0.000      -0.003    -380.198   -1681.143  -10271.640       0.040
     9       0.000      -0.002    -288.197    3362.301       0.000      -0.000
    10       0.000      -0.003    -380.198   -1681.130   10271.640      -0.040
    11       0.000      -0.003    -380.198   -1681.130  -10271.640       0.040
    12       0.000      -0.003    -288.197    3362.314       0.000      -0.000
    13       0.000      -0.002    -380.198   -1681.179   10271.640      -0.040
    14       0.000      -0.002    -380.198   -1681.179  -10271.640       0.040
    15       0.000     199.998    -288.197    3362.265       0.000      -0.000
 U N I F O R M   L O A D S						(local)
  Elmnt       Ux               Uy               Uz
    13       0.00000000       0.00000000      -2.36100006
    14       0.00000000       0.00000000      -2.36100006
    15       0.00000000       0.00000000      -2.36100006
    16       0.00000000       0.00000000      -2.36100006
    17       0.00000000       0.00000000      -2.36100006
    18       0.00000000       0.00000000      -2.36100006
    19       0.00000000       0.00000000      -2.36100006
    20       0.00000000       0.00000000      -2.36100006
    21       0.00000000       0.00000000      -2.36100006
    22       0.00000000       0.00000000      -2.36100006
    23       0.00000000       0.00000000      -2.36100006
    24       0.00000000       0.00000000      -2.36100006

E L A S T I C   S T I F F N E S S   A N A L Y S I S   via  L D L'  decomposition


L O A D   C A S E   1   O F   1  ... 

N O D E   D I S P L A C E M E N T S  					(global)
  Node    X-dsp       Y-dsp       Z-dsp       X-rot       Y-rot       Z-rot
     4    0.000525    2.648229   -0.022594   -0.056296    0.000570   -0.000052
     5   -0.000525    2.648229   -0.022594   -0.056296   -0.000570    0.000052
     6    0.0         2.640069   -0.290698   -0.045942    0.0         0.0     
     7    0.002905   11.341519   -0.034044   -0.098169   -0.006607    0.000035
     8   -0.002905   11.341519   -0.034044   -0.098169    0.006607   -0.000035
     9    0.0        11.344183   -0.582691   -0.081520    0.0         0.0     
    10    0.001429   27.968705   -0.044272   -0.124332   -0.013631    0.000120
    11   -0.001429   27.968705   -0.044272   -0.124332    0.013631   -0.000120
    12    0.0        27.983432   -0.835141   -0.100849    0.0         0.0     
    13    0.006309   56.796981   -0.065620   -0.105949   -0.010216    0.000294
    14   -0.006309   56.796981   -0.065620   -0.105949    0.010216   -0.000294
    15    0.0        56.831651   -1.002374   -0.058237    0.0         0.0     
F R A M E   E L E M E N T   E N D   F O R C E S				(local)
  Elmnt  Node       Nx          Vy         Vz        Txx        Myy        Mzz
     1      1    282.143c    -76.186     -4.806      1.245    122.085 -10345.100
     1      4   -282.143c     76.186      4.806     -1.245    262.240   3503.048
     2      2    282.143c    -76.186      4.806     -1.245   -122.085 -10345.100
     2      5   -282.143c     76.186     -4.806      1.245   -262.240   3503.048
     3      3   3630.087c    -47.598      0.0        0.0        0.0   -11320.920
     3      6  -3630.087c     47.599      0.0        0.0        0.0    -2070.654
     4      4    114.385c   -100.333     34.582     -1.656  -1019.187  -9657.084
     4      7   -114.385c    100.334    -34.582      1.656  -2439.329  -1370.656
     5      5    114.385c   -100.333    -34.582      1.656   1019.187  -9657.084
     5      8   -114.385c    100.334     34.582     -1.656   2439.329  -1370.656
     6      6   2917.012c      0.691      0.0        0.0        0.0   -15349.934
     6      9  -2917.012c     -0.690      0.0        0.0        0.0    -9971.050
     7      7     78.602c   -104.247     69.384     -1.252  -3976.110  -9417.797
     7     10    -78.602c    104.248    -69.384      1.252  -5043.721  -5441.307
     8      8     78.602c   -104.247    -69.384      1.252   3976.110  -9417.797
     8     11    -78.602c    104.248     69.384     -1.252   5043.721  -5441.307
     9      9   1939.983c      8.511      0.0        0.0        0.0   -16665.864
     9     12  -1939.983c     -8.510      0.0        0.0        0.0   -14507.620
    10     10    106.632c    -69.813     35.092     -1.649  -3673.936  -7632.836
    10     13   -106.632c     69.815    -35.092      1.649  -3344.901  -9404.024
    11     11    106.632c    -69.813    -35.092      1.649   3673.936  -7632.836
    11     14   -106.632c     69.815     35.092     -1.649   3344.901  -9404.024
    12     12    835.329c    -60.364      0.0        0.0        0.0   -16550.102
    12     15   -835.329c     60.366      0.0        0.0        0.0   -19620.604
    13      4      5.244c      0.001    236.100      0.0    -7813.181     -5.199
    13      5     -5.244c      0.001    236.100      0.0     7813.181      5.199
    14      5     41.819c     -0.201    -68.341    126.952  10550.031     -8.099
    14      6    -41.818c      0.200    356.538   -126.952  15370.295    -16.618
    15      6     41.818c      0.200    356.538   -126.952 -15370.295     16.618
    15      4    -41.819c     -0.201    -68.341    126.952 -10550.031      8.099
    16      7     29.023c      0.001    236.100      0.0    -8523.601      3.466
    16      8    -29.023c      0.001    236.100      0.0     8523.601     -3.466
    17      8      6.978c      0.109   -200.317    271.274  18425.310      3.869
    17      9     -6.977c     -0.110    488.514   -271.274  23612.168      9.566
    18      9      6.977c     -0.110    488.514   -271.274 -23612.168     -9.566
    18      7     -6.978c      0.109   -200.317    271.274 -18425.310     -3.869
    19     10     14.276c      0.001    236.100      0.0    -9225.229     12.002
    19     11    -14.276c      0.001    236.100      0.0     9225.229    -12.002
    20     11    -59.536t      0.359   -264.130    421.120  22196.914     11.605
    20     12     59.537t     -0.360    552.327   -421.120  27680.823     31.477
    21     12    -59.537t     -0.360    552.327   -421.120 -27680.823    -31.477
    21     10     59.536t      0.359   -264.130    421.120 -22196.914    -11.605
    22     13     63.024c      0.001    236.100      0.0    -8869.081     28.782
    22     14    -63.024c      0.001    236.100      0.0     8869.081    -28.782
    23     14   -120.416t      0.930   -129.468    699.596  15398.937     30.431
    23     15    120.417t     -0.931    417.665   -699.596  18106.882     79.289
    24     15   -120.417t     -0.931    417.665   -699.596 -18106.882    -79.289
    24     13    120.416t      0.930   -129.468    699.596 -15398.937    -30.431
R E A C T I O N S							(global)
  Node        Fx          Fy          Fz         Mxx         Myy         Mzz
     1       4.806     -76.186     282.143   10345.100     122.085       1.244
     2      -4.806     -76.186     282.143   10345.100    -122.085      -1.244
     3       0.0       -47.598    3630.087   11320.920       0.0         0.0  
R M S    R E L A T I V E    E Q U I L I B R I U M    E R R O R: 4.781e-23

M O D A L   A N A L Y S I S   R E S U L T S
  Total Mass:  7.935658e-05     Structural Mass:  7.935658e-05 
N O D A L   M A S S E S	(diagonal of the mass matrix)			(global)
  Node  X-mass      Y-mass      Z-mass      X-inrta     Y-inrta     Z-inrta
     1 7.48017e-02 7.48017e-02 7.48017e-02 7.48017e-02 7.48017e-02 7.48017e-02
     2 7.48017e-02 7.48017e-02 7.48017e-02 7.48017e-02 7.48017e-02 7.48017e-02
     3 7.48017e-02 7.48017e-02 7.48017e-02 7.48017e-02 7.48017e-02 7.48017e-02
     4 4.22505e-06 4.44836e-06 4.31478e-06 5.00635e-04 2.46957e-03 2.26180e-03
     5 4.22505e-06 4.44836e-06 4.31478e-06 5.00635e-04 2.46957e-03 2.26180e-03
     6 3.63906e-06 3.71707e-06 3.62097e-06 6.33910e-04 9.17828e-04 8.46453e-04
     7 4.66938e-06 4.89269e-06 4.71478e-06 8.87378e-04 2.85631e-03 2.26380e-03
     8 4.66938e-06 4.89269e-06 4.71478e-06 8.87378e-04 2.85631e-03 2.26380e-03
     9 4.08338e-06 4.16140e-06 4.02097e-06 1.02065e-03 1.30457e-03 8.48453e-04
    10 5.55937e-06 5.78268e-06 5.51478e-06 2.49058e-03 4.45951e-03 2.26780e-03
    11 5.55937e-06 5.78268e-06 5.51478e-06 2.49058e-03 4.45951e-03 2.26780e-03
    12 4.97337e-06 5.05139e-06 4.82097e-06 2.62385e-03 2.90777e-03 8.52453e-04
    13 4.39830e-06 4.62160e-06 4.47478e-06 1.98425e-03 3.95318e-03 2.26260e-03
    14 4.39830e-06 4.62160e-06 4.47478e-06 1.98425e-03 3.95318e-03 2.26260e-03
    15 3.81230e-06 3.89032e-06 3.78097e-06 2.11752e-03 2.40144e-03 8.47253e-04
  Use consistent mass matrix.
N A T U R A L   F R E Q U E N C I E S   & 
M A S S   N O R M A L I Z E D   M O D E   S H A P E S 
 convergence tolerance: 1.000e-06 
  MODE     1:   f= 56.507283 Hz,  T= 0.017697 sec
		X- modal participation factor =   2.2965e-15 
		Y- modal participation factor =   7.1104e-03 
		Z- modal participation factor =   5.0905e-05 
  Node    X-dsp       Y-dsp       Z-dsp       X-rot       Y-rot       Z-rot
     1   0.000e+00   0.000e+00   0.000e+00   0.000e+00   0.000e+00   0.000e+00
     2   0.000e+00   0.000e+00   0.000e+00   0.000e+00   0.000e+00   0.000e+00
     3   0.000e+00   0.000e+00   0.000e+00   0.000e+00   0.000e+00   0.000e+00
     4   8.081e-03   1.162e+01   3.342e-01  -2.399e-01  -3.187e-02   2.348e-04
     5  -8.081e-03   1.162e+01   3.342e-01  -2.399e-01   3.187e-02  -2.348e-04
     6   2.126e-10   1.159e+01  -6.679e-01  -2.143e-01   1.789e-12  -2.517e-12
     7   5.705e-04   4.771e+01   6.672e-01  -3.869e-01  -5.868e-02   1.625e-03
     8  -5.705e-04   4.771e+01   6.672e-01  -3.869e-01   5.868e-02  -1.625e-03
     9   3.210e-10   4.773e+01  -1.333e+00  -3.380e-01  -1.207e-12  -3.616e-12
    10  -7.065e-04   1.091e+02   9.306e-01  -4.223e-01  -7.734e-02   3.808e-03
    11   7.065e-04   1.091e+02   9.306e-01  -4.223e-01   7.734e-02  -3.808e-03
    12  -2.763e-10   1.092e+02  -1.860e+00  -3.577e-01  -1.065e-12   3.046e-12
    13  -1.600e-02   1.984e+02   1.072e+00  -3.178e-01  -8.800e-02   6.068e-03
    14   1.600e-02   1.984e+02   1.072e+00  -3.178e-01   8.800e-02  -6.068e-03
    15   1.601e-10   1.984e+02  -2.143e+00  -2.176e-01   4.263e-13  -2.371e-12
  MODE     2:   f= 98.281430 Hz,  T= 0.010175 sec
		X- modal participation factor =  -5.3908e-03 
		Y- modal participation factor =   1.4358e-13 
		Z- modal participation factor =  -1.4844e-13 
  Node    X-dsp       Y-dsp       Z-dsp       X-rot       Y-rot       Z-rot
     1   0.000e+00   0.000e+00   0.000e+00   0.000e+00   0.000e+00   0.000e+00
     2   0.000e+00   0.000e+00   0.000e+00   0.000e+00   0.000e+00   0.000e+00
     3   0.000e+00   0.000e+00   0.000e+00   0.000e+00   0.000e+00   0.000e+00
     4  -1.314e+01   1.280e+01  -3.082e-01  -2.785e-01  -2.135e-01  -1.325e-01
     5  -1.314e+01  -1.280e+01   3.082e-01   2.785e-01  -2.135e-01  -1.325e-01
     6  -4.159e+00   1.098e-08  -1.381e-10  -6.516e-11  -6.181e-02  -1.319e-01
     7  -4.799e+01   4.859e+01  -6.077e-01  -4.006e-01  -2.996e-01  -4.856e-01
     8  -4.799e+01  -4.859e+01   6.077e-01   4.006e-01  -2.996e-01  -4.856e-01
     9  -1.398e+01  -1.514e-09  -2.760e-10   1.924e-10  -8.739e-02  -4.888e-01
    10  -1.037e+02   1.025e+02  -8.453e-01  -3.990e-01  -2.996e-01  -1.019e+00
    11  -1.037e+02  -1.025e+02   8.453e-01   3.990e-01  -2.996e-01  -1.019e+00
    12  -3.197e+01  -3.535e-09  -5.048e-10  -2.844e-10  -1.079e-01  -1.028e+00
    13  -1.831e+02   1.678e+02  -9.677e-01  -2.406e-01  -1.623e-01  -1.663e+00
    14  -1.831e+02  -1.678e+02   9.677e-01   2.406e-01  -1.623e-01  -1.663e+00
    15  -6.562e+01  -2.957e-09  -9.287e-10   4.736e-10  -7.599e-02  -1.680e+00
  MODE     3:   f= 121.945006 Hz,  T= 0.008200 sec
		X- modal participation factor =   4.7356e-03 
		Y- modal participation factor =   3.7667e-12 
		Z- modal participation factor =  -3.6288e-12 
  Node    X-dsp       Y-dsp       Z-dsp       X-rot       Y-rot       Z-rot
     1   0.000e+00   0.000e+00   0.000e+00   0.000e+00   0.000e+00   0.000e+00
     2   0.000e+00   0.000e+00   0.000e+00   0.000e+00   0.000e+00   0.000e+00
     3   0.000e+00   0.000e+00   0.000e+00   0.000e+00   0.000e+00   0.000e+00
     4   6.163e+00   1.607e+01   5.172e-01  -2.873e-01   4.632e-02  -1.659e-01
     5   6.163e+00  -1.607e+01  -5.172e-01   2.873e-01   4.632e-02  -1.659e-01
     6   1.739e+01   2.983e-07  -2.903e-09  -1.387e-09   2.248e-01  -1.642e-01
     7   2.042e+01   5.818e+01   1.004e+00  -3.875e-01   5.976e-02  -5.820e-01
     8   2.042e+01  -5.818e+01  -1.004e+00   3.875e-01   5.976e-02  -5.820e-01
     9   6.115e+01  -5.408e-08  -5.602e-09   3.891e-09   2.913e-01  -5.829e-01
    10   4.600e+01   1.189e+02   1.369e+00  -3.386e-01   7.639e-02  -1.184e+00
    11   4.600e+01  -1.189e+02  -1.369e+00   3.386e-01   7.639e-02  -1.184e+00
    12   1.293e+02  -9.955e-08  -1.088e-08  -3.037e-09   2.721e-01  -1.188e+00
    13   9.199e+01   1.867e+02   1.537e+00  -1.381e-01   4.878e-02  -1.855e+00
    14   9.199e+01  -1.867e+02  -1.537e+00   1.381e-01   4.878e-02  -1.855e+00
    15   2.227e+02  -1.037e-07  -1.932e-08   5.958e-09   1.159e-01  -1.861e+00
  MODE     4:   f= 205.222731 Hz,  T= 0.004873 sec
		X- modal participation factor =   2.8275e-09 
		Y- modal participation factor =   3.7268e-03 
		Z- modal participation factor =  -5.7544e-05 
  Node    X-dsp       Y-dsp       Z-dsp       X-rot       Y-rot       Z-rot
     1   0.000e+00   0.000e+00   0.000e+00   0.000e+00   0.000e+00   0.000e+00
     2   0.000e+00   0.000e+00   0.000e+00   0.000e+00   0.000e+00   0.000e+00
     3   0.000e+00   0.000e+00   0.000e+00   0.000e+00   0.000e+00   0.000e+00
     4   1.668e-02   4.330e+01  -7.144e-03  -7.813e-01  -1.249e-01   1.876e-02
     5  -1.658e-02   4.330e+01  -7.145e-03  -7.813e-01   1.249e-01  -1.877e-02
     6   2.729e-04   4.328e+01   6.628e-03  -6.904e-01   2.295e-06  -3.235e-06
     7  -3.641e-02   1.299e+02  -3.056e-01  -5.552e-01  -1.153e-01   5.429e-02
     8   3.658e-02   1.299e+02  -3.056e-01  -5.552e-01   1.153e-01  -5.430e-02
     9   4.118e-04   1.301e+02   5.902e-01  -4.737e-01  -1.552e-06  -4.655e-06
    10  -4.048e-02   1.317e+02  -9.529e-01   6.052e-01   1.184e-01   5.269e-02
    11   4.032e-02   1.317e+02  -9.529e-01   6.051e-01  -1.184e-01  -5.268e-02
    12  -3.552e-04   1.317e+02   1.863e+00   5.433e-01  -1.366e-06   3.880e-06
    13   2.953e-02  -1.488e+02  -1.543e+00   1.249e+00   4.267e-01  -6.020e-02
    14  -2.954e-02  -1.488e+02  -1.543e+00   1.249e+00  -4.267e-01   6.019e-02
    15   2.078e-04  -1.488e+02   3.017e+00   7.814e-01   5.483e-07  -3.153e-06
M A T R I X    I T E R A T I O N S: 5
There are 4 modes below 205.222731 Hz. ... All 4 modes were found.

