________________________________________________________________________________
FRAME3DD version: 20090917               http://frame3dd.sf.net/
GPL Copyright (C) 1992-2009, Henri P. Gavin 
FRAME3DD is distributed in the hope that it will be useful but with no warranty.
For details see the GNU Public Licence: http://www.fsf.org/copyleft/gpl.html
________________________________________________________________________________

Example J: tesseract  (N  mm  ton) 
Thu Sep 17 10:43:31 2009
________________________________________________________________________________
16 JOINTS;    32 MEMBERS;    1 LOAD CASES;  0 FIXED JOINTS;  
For 2D problems, the Y-axis is vertical. 
For 3D problems, the Z-axis is vertical. 
________________________________________________________________________________
J O I N T   D A T A                                         R E S T R A I N T S
  Joint      X              Y              Z         radius  Fx Fy Fz Mx My Mz
    1     100.000000     100.000000    -100.000000    0.000   0  0  0  0  0  0
    2    -100.000000     100.000000    -100.000000    0.000   0  0  0  0  0  0
    3    -100.000000    -100.000000    -100.000000    0.000   0  0  0  0  0  0
    4     100.000000    -100.000000    -100.000000    0.000   0  0  0  0  0  0
    5     100.000000     100.000000     100.000000    0.000   0  0  0  0  0  0
    6    -100.000000     100.000000     100.000000    0.000   0  0  0  0  0  0
    7    -100.000000    -100.000000     100.000000    0.000   0  0  0  0  0  0
    8     100.000000    -100.000000     100.000000    0.000   0  0  0  0  0  0
    9      70.000000      70.000000     -70.000000    0.000   0  0  0  0  0  0
   10     -70.000000      70.000000     -70.000000    0.000   0  0  0  0  0  0
   11     -70.000000     -70.000000     -70.000000    0.000   0  0  0  0  0  0
   12      70.000000     -70.000000     -70.000000    0.000   0  0  0  0  0  0
   13      70.000000      70.000000      70.000000    0.000   0  0  0  0  0  0
   14     -70.000000      70.000000      70.000000    0.000   0  0  0  0  0  0
   15     -70.000000     -70.000000      70.000000    0.000   0  0  0  0  0  0
   16      70.000000     -70.000000      70.000000    0.000   0  0  0  0  0  0
F R A M E   E L E M E N T   D A T A					(local)
  Beam   J1    J2     Ax   Asy   Asz    Jxx     Iyy     Izz       E       G roll
    1     1     2  100.0  60.0  60.0  500.0  1000.0  1000.0   9990.0  3800.0   0
    2     2     3  100.0  60.0  60.0  500.0  1000.0  1000.0   9990.0  3800.0   0
    3     3     4  100.0  60.0  60.0  500.0  1000.0  1000.0   9990.0  3800.0   0
    4     4     1  100.0  60.0  60.0  500.0  1000.0  1000.0   9990.0  3800.0   0
    5     5     6  100.0  60.0  60.0  500.0  1000.0  1000.0   9990.0  3800.0   0
    6     6     7  100.0  60.0  60.0  500.0  1000.0  1000.0   9990.0  3800.0   0
    7     7     8  100.0  60.0  60.0  500.0  1000.0  1000.0   9990.0  3800.0   0
    8     8     5  100.0  60.0  60.0  500.0  1000.0  1000.0   9990.0  3800.0   0
    9     9    10  100.0  60.0  60.0  500.0  1000.0  1000.0   9990.0  3800.0   0
   10    10    11  100.0  60.0  60.0  500.0  1000.0  1000.0   9990.0  3800.0   0
   11    11    12  100.0  60.0  60.0  500.0  1000.0  1000.0   9990.0  3800.0   0
   12    12     9  100.0  60.0  60.0  500.0  1000.0  1000.0   9990.0  3800.0   0
   13    13    14  100.0  60.0  60.0  500.0  1000.0  1000.0   9990.0  3800.0   0
   14    14    15  100.0  60.0  60.0  500.0  1000.0  1000.0   9990.0  3800.0   0
   15    15    16  100.0  60.0  60.0  500.0  1000.0  1000.0   9990.0  3800.0   0
   16    16    13  100.0  60.0  60.0  500.0  1000.0  1000.0   9990.0  3800.0   0
   17     1     5  100.0  60.0  60.0  500.0  1000.0  1000.0   9990.0  3800.0   0
   18     2     6  100.0  60.0  60.0  500.0  1000.0  1000.0   9990.0  3800.0   0
   19     3     7  100.0  60.0  60.0  500.0  1000.0  1000.0   9990.0  3800.0   0
   20     4     8  100.0  60.0  60.0  500.0  1000.0  1000.0   9990.0  3800.0   0
   21     9    13  100.0  60.0  60.0  500.0  1000.0  1000.0   9990.0  3800.0   0
   22    10    14  100.0  60.0  60.0  500.0  1000.0  1000.0   9990.0  3800.0   0
   23    11    15  100.0  60.0  60.0  500.0  1000.0  1000.0   9990.0  3800.0   0
   24    12    16  100.0  60.0  60.0  500.0  1000.0  1000.0   9990.0  3800.0   0
   25     1     9  100.0  60.0  60.0  500.0  1000.0  1000.0   9990.0  3800.0   0
   26     2    10  100.0  60.0  60.0  500.0  1000.0  1000.0   9990.0  3800.0   0
   27     3    11  100.0  60.0  60.0  500.0  1000.0  1000.0   9990.0  3800.0   0
   28     4    12  100.0  60.0  60.0  500.0  1000.0  1000.0   9990.0  3800.0   0
   29     5    13  100.0  60.0  60.0  500.0  1000.0  1000.0   9990.0  3800.0   0
   30     6    14  100.0  60.0  60.0  500.0  1000.0  1000.0   9990.0  3800.0   0
   31     7    15  100.0  60.0  60.0  500.0  1000.0  1000.0   9990.0  3800.0   0
   32     8    16  100.0  60.0  60.0  500.0  1000.0  1000.0   9990.0  3800.0   0
  Include shear deformations.
  Neglect geometric stiffness.

L O A D   C A S E   1   O F   1  ... 

   0 concentrated loads
   0 uniformly distributed loads
   0 trapezoidally distributed loads
   0 concentrated point loads
   0 temperature loads
   0 prescribed displacements

E L A S T I C   S T I F F N E S S   A N A L Y S I S   via  L D L'  decomposition


L O A D   C A S E   1   O F   1  ... 

J O I N T   D I S P L A C E M E N T S					(global)
  Joint    X-dsp       Y-dsp       Z-dsp       X-rot       Y-rot       Z-rot
F R A M E   E L E M E N T   E N D   F O R C E S				(local)
  Beam   Joint      Nx          Vy         Vz         Txx        Myy        Mzz
     1      1      0.0         0.0        0.0        0.0        0.0        0.0  
     1      2      0.0         0.0        0.0        0.0        0.0        0.0  
     2      2      0.0         0.0        0.0        0.0        0.0        0.0  
     2      3      0.0         0.0        0.0        0.0        0.0        0.0  
     3      3      0.0         0.0        0.0        0.0        0.0        0.0  
     3      4      0.0         0.0        0.0        0.0        0.0        0.0  
     4      4      0.0         0.0        0.0        0.0        0.0        0.0  
     4      1      0.0         0.0        0.0        0.0        0.0        0.0  
     5      5      0.0         0.0        0.0        0.0        0.0        0.0  
     5      6      0.0         0.0        0.0        0.0        0.0        0.0  
     6      6      0.0         0.0        0.0        0.0        0.0        0.0  
     6      7      0.0         0.0        0.0        0.0        0.0        0.0  
     7      7      0.0         0.0        0.0        0.0        0.0        0.0  
     7      8      0.0         0.0        0.0        0.0        0.0        0.0  
     8      8      0.0         0.0        0.0        0.0        0.0        0.0  
     8      5      0.0         0.0        0.0        0.0        0.0        0.0  
     9      9      0.0         0.0        0.0        0.0        0.0        0.0  
     9     10      0.0         0.0        0.0        0.0        0.0        0.0  
    10     10      0.0         0.0        0.0        0.0        0.0        0.0  
    10     11      0.0         0.0        0.0        0.0        0.0        0.0  
    11     11      0.0         0.0        0.0        0.0        0.0        0.0  
    11     12      0.0         0.0        0.0        0.0        0.0        0.0  
    12     12      0.0         0.0        0.0        0.0        0.0        0.0  
    12      9      0.0         0.0        0.0        0.0        0.0        0.0  
    13     13      0.0         0.0        0.0        0.0        0.0        0.0  
    13     14      0.0         0.0        0.0        0.0        0.0        0.0  
    14     14      0.0         0.0        0.0        0.0        0.0        0.0  
    14     15      0.0         0.0        0.0        0.0        0.0        0.0  
    15     15      0.0         0.0        0.0        0.0        0.0        0.0  
    15     16      0.0         0.0        0.0        0.0        0.0        0.0  
    16     16      0.0         0.0        0.0        0.0        0.0        0.0  
    16     13      0.0         0.0        0.0        0.0        0.0        0.0  
    17      1      0.0         0.0        0.0        0.0        0.0        0.0  
    17      5      0.0         0.0        0.0        0.0        0.0        0.0  
    18      2      0.0         0.0        0.0        0.0        0.0        0.0  
    18      6      0.0         0.0        0.0        0.0        0.0        0.0  
    19      3      0.0         0.0        0.0        0.0        0.0        0.0  
    19      7      0.0         0.0        0.0        0.0        0.0        0.0  
    20      4      0.0         0.0        0.0        0.0        0.0        0.0  
    20      8      0.0         0.0        0.0        0.0        0.0        0.0  
    21      9      0.0         0.0        0.0        0.0        0.0        0.0  
    21     13      0.0         0.0        0.0        0.0        0.0        0.0  
    22     10      0.0         0.0        0.0        0.0        0.0        0.0  
    22     14      0.0         0.0        0.0        0.0        0.0        0.0  
    23     11      0.0         0.0        0.0        0.0        0.0        0.0  
    23     15      0.0         0.0        0.0        0.0        0.0        0.0  
    24     12      0.0         0.0        0.0        0.0        0.0        0.0  
    24     16      0.0         0.0        0.0        0.0        0.0        0.0  
    25      1      0.0         0.0        0.0        0.0        0.0        0.0  
    25      9      0.0         0.0        0.0        0.0        0.0        0.0  
    26      2      0.0         0.0        0.0        0.0        0.0        0.0  
    26     10      0.0         0.0        0.0        0.0        0.0        0.0  
    27      3      0.0         0.0        0.0        0.0        0.0        0.0  
    27     11      0.0         0.0        0.0        0.0        0.0        0.0  
    28      4      0.0         0.0        0.0        0.0        0.0        0.0  
    28     12      0.0         0.0        0.0        0.0        0.0        0.0  
    29      5      0.0         0.0        0.0        0.0        0.0        0.0  
    29     13      0.0         0.0        0.0        0.0        0.0        0.0  
    30      6      0.0         0.0        0.0        0.0        0.0        0.0  
    30     14      0.0         0.0        0.0        0.0        0.0        0.0  
    31      7      0.0         0.0        0.0        0.0        0.0        0.0  
    31     15      0.0         0.0        0.0        0.0        0.0        0.0  
    32      8      0.0         0.0        0.0        0.0        0.0        0.0  
    32     16      0.0         0.0        0.0        0.0        0.0        0.0  
R E A C T I O N S							(global)
  Joint       Fx          Fy          Fz         Mxx         Myy         Mzz
R M S   E Q U I L I B R I U M    E R R O R: 0.000e+00

M O D A L   A N A L Y S I S   R E S U L T S
  Total Mass:  1.227324e-03     Structural Mass:  1.227324e-03 
J O I N T   M A S S E S	(diagonal of the mass matrix)			(global)
  Joint X-mass      Y-mass      Z-mass      X-inrta     Y-inrta     Z-inrta
     1 6.39236e-05 6.39236e-05 6.39236e-05 4.21003e-02 4.21003e-02 4.21003e-02
     2 6.39236e-05 6.39236e-05 6.39236e-05 4.21003e-02 4.21003e-02 4.21003e-02
     3 6.39236e-05 6.39236e-05 6.39236e-05 4.21003e-02 4.21003e-02 4.21003e-02
     4 6.39236e-05 6.39236e-05 6.39236e-05 4.21003e-02 4.21003e-02 4.21003e-02
     5 6.39236e-05 6.39236e-05 6.39236e-05 4.21003e-02 4.21003e-02 4.21003e-02
     6 6.39236e-05 6.39236e-05 6.39236e-05 4.21003e-02 4.21003e-02 4.21003e-02
     7 6.39236e-05 6.39236e-05 6.39236e-05 4.21003e-02 4.21003e-02 4.21003e-02
     8 6.39236e-05 6.39236e-05 6.39236e-05 4.21003e-02 4.21003e-02 4.21003e-02
     9 4.63096e-05 4.63096e-05 4.63096e-05 1.46981e-02 1.46981e-02 1.46981e-02
    10 4.63096e-05 4.63096e-05 4.63096e-05 1.46981e-02 1.46981e-02 1.46981e-02
    11 4.63096e-05 4.63096e-05 4.63096e-05 1.46981e-02 1.46981e-02 1.46981e-02
    12 4.63096e-05 4.63096e-05 4.63096e-05 1.46981e-02 1.46981e-02 1.46981e-02
    13 4.63096e-05 4.63096e-05 4.63096e-05 1.46981e-02 1.46981e-02 1.46981e-02
    14 4.63096e-05 4.63096e-05 4.63096e-05 1.46981e-02 1.46981e-02 1.46981e-02
    15 4.63096e-05 4.63096e-05 4.63096e-05 1.46981e-02 1.46981e-02 1.46981e-02
    16 4.63096e-05 4.63096e-05 4.63096e-05 1.46981e-02 1.46981e-02 1.46981e-02
  Use consistent mass matrix.
N A T U R A L   F R E Q U E N C I E S   & 
M A S S   N O R M A L I Z E D   M O D E   S H A P E S 
 convergence tolerance: 1.000e-06 
  MODE     1:   f= 0.000012 Hz,  T= 85329.646090 sec
		X- modal participation factor =  -2.4819e-03 
		Y- modal participation factor =  -2.8994e-03 
		Z- modal participation factor =  -1.7450e-02 
  Joint   X-dsp       Y-dsp       Z-dsp       X-rot       Y-rot       Z-rot
     1  -8.309e+00   1.979e+01   1.649e+00   2.126e-01   5.394e-02   8.919e-03
     2  -8.309e+00   1.801e+01   1.244e+01   2.126e-01   5.394e-02   8.919e-03
     3  -6.525e+00   1.801e+01  -3.008e+01   2.126e-01   5.394e-02   8.919e-03
     4  -6.525e+00   1.979e+01  -4.087e+01   2.126e-01   5.394e-02   8.919e-03
     5   2.480e+00  -2.273e+01   1.649e+00   2.126e-01   5.394e-02   8.919e-03
     6   2.480e+00  -2.452e+01   1.244e+01   2.126e-01   5.394e-02   8.919e-03
     7   4.264e+00  -2.452e+01  -3.008e+01   2.126e-01   5.394e-02   8.919e-03
     8   4.264e+00  -2.273e+01  -4.087e+01   2.126e-01   5.394e-02   8.919e-03
     9  -6.423e+00   1.315e+01  -3.111e+00   2.126e-01   5.394e-02   8.919e-03
    10  -6.423e+00   1.190e+01   4.441e+00   2.126e-01   5.394e-02   8.919e-03
    11  -5.174e+00   1.190e+01  -2.532e+01   2.126e-01   5.394e-02   8.919e-03
    12  -5.174e+00   1.315e+01  -3.288e+01   2.126e-01   5.394e-02   8.919e-03
    13   1.130e+00  -1.662e+01  -3.111e+00   2.126e-01   5.394e-02   8.919e-03
    14   1.130e+00  -1.787e+01   4.441e+00   2.126e-01   5.394e-02   8.919e-03
    15   2.378e+00  -1.787e+01  -2.532e+01   2.126e-01   5.394e-02   8.919e-03
    16   2.378e+00  -1.662e+01  -3.288e+01   2.126e-01   5.394e-02   8.919e-03
  MODE     2:   f= 0.000006 Hz,  T= 167483.538075 sec
		X- modal participation factor =  -1.1139e-02 
		Y- modal participation factor =  -1.4461e-02 
		Z- modal participation factor =   1.2721e-02 
  Joint   X-dsp       Y-dsp       Z-dsp       X-rot       Y-rot       Z-rot
     1  -2.656e+01  -1.495e+01  -1.028e+01  -1.074e-02   1.957e-01  -2.089e-02
     2  -2.656e+01  -1.077e+01   2.886e+01  -1.074e-02   1.957e-01  -2.089e-02
     3  -3.074e+01  -1.077e+01   3.101e+01  -1.074e-02   1.957e-01  -2.089e-02
     4  -3.074e+01  -1.495e+01  -8.133e+00  -1.074e-02   1.957e-01  -2.089e-02
     5   1.259e+01  -1.280e+01  -1.028e+01  -1.074e-02   1.957e-01  -2.089e-02
     6   1.259e+01  -8.619e+00   2.886e+01  -1.074e-02   1.957e-01  -2.089e-02
     7   8.407e+00  -8.619e+00   3.101e+01  -1.074e-02   1.957e-01  -2.089e-02
     8   8.407e+00  -1.280e+01  -8.133e+00  -1.074e-02   1.957e-01  -2.089e-02
     9  -2.131e+01  -1.400e+01  -4.088e+00  -1.074e-02   1.957e-01  -2.089e-02
    10  -2.131e+01  -1.107e+01   2.331e+01  -1.074e-02   1.957e-01  -2.089e-02
    11  -2.424e+01  -1.107e+01   2.482e+01  -1.074e-02   1.957e-01  -2.089e-02
    12  -2.424e+01  -1.400e+01  -2.583e+00  -1.074e-02   1.957e-01  -2.089e-02
    13   6.087e+00  -1.249e+01  -4.088e+00  -1.074e-02   1.957e-01  -2.089e-02
    14   6.087e+00  -9.568e+00   2.331e+01  -1.074e-02   1.957e-01  -2.089e-02
    15   3.162e+00  -9.568e+00   2.482e+01  -1.074e-02   1.957e-01  -2.089e-02
    16   3.162e+00  -1.249e+01  -2.583e+00  -1.074e-02   1.957e-01  -2.089e-02
  MODE     3:   f= 0.000005 Hz,  T= 199630.681428 sec
		X- modal participation factor =   9.7631e-05 
		Y- modal participation factor =  -7.3439e-03 
		Z- modal participation factor =   2.5436e-04 
  Joint   X-dsp       Y-dsp       Z-dsp       X-rot       Y-rot       Z-rot
     1  -2.448e+01   1.756e+01  -8.088e-01  -1.370e-02  -3.538e-03   2.491e-01
     2  -2.448e+01  -3.227e+01  -1.516e+00  -1.370e-02  -3.538e-03   2.491e-01
     3   2.535e+01  -3.227e+01   1.223e+00  -1.370e-02  -3.538e-03   2.491e-01
     4   2.535e+01   1.756e+01   1.931e+00  -1.370e-02  -3.538e-03   2.491e-01
     5  -2.519e+01   2.030e+01  -8.088e-01  -1.370e-02  -3.538e-03   2.491e-01
     6  -2.519e+01  -2.953e+01  -1.516e+00  -1.370e-02  -3.538e-03   2.491e-01
     7   2.464e+01  -2.953e+01   1.223e+00  -1.370e-02  -3.538e-03   2.491e-01
     8   2.464e+01   2.030e+01   1.931e+00  -1.370e-02  -3.538e-03   2.491e-01
     9  -1.711e+01   1.050e+01  -5.040e-01  -1.370e-02  -3.538e-03   2.491e-01
    10  -1.711e+01  -2.438e+01  -9.993e-01  -1.370e-02  -3.538e-03   2.491e-01
    11   1.777e+01  -2.438e+01   9.185e-01  -1.370e-02  -3.538e-03   2.491e-01
    12   1.777e+01   1.050e+01   1.414e+00  -1.370e-02  -3.538e-03   2.491e-01
    13  -1.761e+01   1.241e+01  -5.040e-01  -1.370e-02  -3.538e-03   2.491e-01
    14  -1.761e+01  -2.246e+01  -9.993e-01  -1.370e-02  -3.538e-03   2.491e-01
    15   1.727e+01  -2.246e+01   9.185e-01  -1.370e-02  -3.538e-03   2.491e-01
    16   1.727e+01   1.241e+01   1.414e+00  -1.370e-02  -3.538e-03   2.491e-01
  MODE     4:   f= 0.000010 Hz,  T= 96915.544956 sec
		X- modal participation factor =   1.9862e-02 
		Y- modal participation factor =   1.9272e-02 
		Z- modal participation factor =   1.4151e-02 
  Joint   X-dsp       Y-dsp       Z-dsp       X-rot       Y-rot       Z-rot
     1   3.431e+00   2.534e+01   8.419e+00   6.267e-02   9.378e-02   3.374e-02
     2   3.431e+00   1.859e+01   2.717e+01   6.267e-02   9.378e-02   3.374e-02
     3   1.018e+01   1.859e+01   1.464e+01   6.267e-02   9.378e-02   3.374e-02
     4   1.018e+01   2.534e+01  -4.114e+00   6.267e-02   9.378e-02   3.374e-02
     5   2.219e+01   1.281e+01   8.419e+00   6.267e-02   9.378e-02   3.374e-02
     6   2.219e+01   6.061e+00   2.717e+01   6.267e-02   9.378e-02   3.374e-02
     7   2.894e+01   6.061e+00   1.464e+01   6.267e-02   9.378e-02   3.374e-02
     8   2.894e+01   1.281e+01  -4.114e+00   6.267e-02   9.378e-02   3.374e-02
     9   7.257e+00   2.245e+01   9.352e+00   6.267e-02   9.378e-02   3.374e-02
    10   7.257e+00   1.773e+01   2.248e+01   6.267e-02   9.378e-02   3.374e-02
    11   1.198e+01   1.773e+01   1.371e+01   6.267e-02   9.378e-02   3.374e-02
    12   1.198e+01   2.245e+01   5.788e-01   6.267e-02   9.378e-02   3.374e-02
    13   2.039e+01   1.368e+01   9.352e+00   6.267e-02   9.378e-02   3.374e-02
    14   2.039e+01   8.953e+00   2.248e+01   6.267e-02   9.378e-02   3.374e-02
    15   2.511e+01   8.953e+00   1.371e+01   6.267e-02   9.378e-02   3.374e-02
    16   2.511e+01   1.368e+01   5.788e-01   6.267e-02   9.378e-02   3.374e-02
  MODE     5:   f= 0.000013 Hz,  T= 76929.427650 sec
		X- modal participation factor =   2.6283e-02 
		Y- modal participation factor =  -1.8983e-02 
		Z- modal participation factor =  -9.7689e-03 
  Joint   X-dsp       Y-dsp       Z-dsp       X-rot       Y-rot       Z-rot
     1   2.133e+01  -2.334e+01  -1.592e+01  -4.695e-02   3.266e-02  -3.183e-02
     2   2.133e+01  -1.698e+01  -9.388e+00  -4.695e-02   3.266e-02  -3.183e-02
     3   1.497e+01  -1.698e+01   2.019e-03  -4.695e-02   3.266e-02  -3.183e-02
     4   1.497e+01  -2.334e+01  -6.531e+00  -4.695e-02   3.266e-02  -3.183e-02
     5   2.786e+01  -1.395e+01  -1.592e+01  -4.695e-02   3.266e-02  -3.183e-02
     6   2.786e+01  -7.589e+00  -9.388e+00  -4.695e-02   3.266e-02  -3.183e-02
     7   2.150e+01  -7.589e+00   2.019e-03  -4.695e-02   3.266e-02  -3.183e-02
     8   2.150e+01  -1.395e+01  -6.531e+00  -4.695e-02   3.266e-02  -3.183e-02
     9   2.136e+01  -2.098e+01  -1.353e+01  -4.695e-02   3.266e-02  -3.183e-02
    10   2.136e+01  -1.653e+01  -8.960e+00  -4.695e-02   3.266e-02  -3.183e-02
    11   1.690e+01  -1.653e+01  -2.386e+00  -4.695e-02   3.266e-02  -3.183e-02
    12   1.690e+01  -2.098e+01  -6.959e+00  -4.695e-02   3.266e-02  -3.183e-02
    13   2.593e+01  -1.441e+01  -1.353e+01  -4.695e-02   3.266e-02  -3.183e-02
    14   2.593e+01  -9.952e+00  -8.960e+00  -4.695e-02   3.266e-02  -3.183e-02
    15   2.147e+01  -9.952e+00  -2.386e+00  -4.695e-02   3.266e-02  -3.183e-02
    16   2.147e+01  -1.441e+01  -6.959e+00  -4.695e-02   3.266e-02  -3.183e-02
  MODE     6:   f= 0.000017 Hz,  T= 60295.524546 sec
		X- modal participation factor =   3.4335e-03 
		Y- modal participation factor =  -1.4970e-02 
		Z- modal participation factor =   2.1570e-02 
  Joint   X-dsp       Y-dsp       Z-dsp       X-rot       Y-rot       Z-rot
     1   1.664e+01  -2.580e+00   4.103e+01   1.161e-01  -1.185e-01  -1.996e-02
     2   1.664e+01   1.411e+00   1.734e+01   1.161e-01  -1.185e-01  -1.996e-02
     3   1.265e+01   1.411e+00  -5.885e+00   1.161e-01  -1.185e-01  -1.996e-02
     4   1.265e+01  -2.580e+00   1.781e+01   1.161e-01  -1.185e-01  -1.996e-02
     5  -7.054e+00  -2.581e+01   4.103e+01   1.161e-01  -1.185e-01  -1.996e-02
     6  -7.054e+00  -2.181e+01   1.734e+01   1.161e-01  -1.185e-01  -1.996e-02
     7  -1.105e+01  -2.181e+01  -5.885e+00   1.161e-01  -1.185e-01  -1.996e-02
     8  -1.105e+01  -2.581e+01   1.781e+01   1.161e-01  -1.185e-01  -1.996e-02
     9   1.249e+01  -5.466e+00   3.400e+01   1.161e-01  -1.185e-01  -1.996e-02
    10   1.249e+01  -2.672e+00   1.741e+01   1.161e-01  -1.185e-01  -1.996e-02
    11   9.694e+00  -2.672e+00   1.153e+00   1.161e-01  -1.185e-01  -1.996e-02
    12   9.694e+00  -5.466e+00   1.774e+01   1.161e-01  -1.185e-01  -1.996e-02
    13  -4.099e+00  -2.172e+01   3.400e+01   1.161e-01  -1.185e-01  -1.996e-02
    14  -4.099e+00  -1.893e+01   1.741e+01   1.161e-01  -1.185e-01  -1.996e-02
    15  -6.892e+00  -1.893e+01   1.153e+00   1.161e-01  -1.185e-01  -1.996e-02
    16  -6.892e+00  -2.172e+01   1.774e+01   1.161e-01  -1.185e-01  -1.996e-02
  MODE     7:   f= 109.605450 Hz,  T= 0.009124 sec
		X- modal participation factor =  -7.3873e-17 
		Y- modal participation factor =   2.1537e-17 
		Z- modal participation factor =  -1.1781e-16 
  Joint   X-dsp       Y-dsp       Z-dsp       X-rot       Y-rot       Z-rot
     1   3.496e+01  -1.600e+01   1.896e+01   1.408e-02  -2.572e-01  -2.431e-01
     2   3.496e+01   1.600e+01  -1.896e+01  -1.408e-02  -2.572e-01  -2.431e-01
     3  -3.496e+01   1.600e+01   1.896e+01  -1.408e-02   2.572e-01  -2.431e-01
     4  -3.496e+01  -1.600e+01  -1.896e+01   1.408e-02   2.572e-01  -2.431e-01
     5  -3.496e+01   1.600e+01   1.896e+01   1.408e-02  -2.572e-01   2.431e-01
     6  -3.496e+01  -1.600e+01  -1.896e+01  -1.408e-02  -2.572e-01   2.431e-01
     7   3.496e+01  -1.600e+01   1.896e+01  -1.408e-02   2.572e-01   2.431e-01
     8   3.496e+01   1.600e+01  -1.896e+01   1.408e-02   2.572e-01   2.431e-01
     9   2.024e+01  -9.264e+00   1.097e+01   1.263e-02  -2.306e-01  -2.179e-01
    10   2.024e+01   9.264e+00  -1.097e+01  -1.263e-02  -2.306e-01  -2.179e-01
    11  -2.024e+01   9.264e+00   1.097e+01  -1.263e-02   2.306e-01  -2.179e-01
    12  -2.024e+01  -9.264e+00  -1.097e+01   1.263e-02   2.306e-01  -2.179e-01
    13  -2.024e+01   9.264e+00   1.097e+01   1.263e-02  -2.306e-01   2.179e-01
    14  -2.024e+01  -9.264e+00  -1.097e+01  -1.263e-02  -2.306e-01   2.179e-01
    15   2.024e+01  -9.264e+00   1.097e+01  -1.263e-02   2.306e-01   2.179e-01
    16   2.024e+01   9.264e+00  -1.097e+01   1.263e-02   2.306e-01   2.179e-01
  MODE     8:   f= 109.605450 Hz,  T= 0.009124 sec
		X- modal participation factor =   9.5200e-17 
		Y- modal participation factor =  -2.6759e-17 
		Z- modal participation factor =  -1.6580e-16 
  Joint   X-dsp       Y-dsp       Z-dsp       X-rot       Y-rot       Z-rot
     1   1.705e+00  -3.113e+01  -2.943e+01  -2.889e-01   1.322e-01  -1.566e-01
     2   1.705e+00   3.113e+01   2.943e+01   2.889e-01   1.322e-01  -1.566e-01
     3  -1.705e+00   3.113e+01  -2.943e+01   2.889e-01  -1.322e-01  -1.566e-01
     4  -1.705e+00  -3.113e+01   2.943e+01  -2.889e-01  -1.322e-01  -1.566e-01
     5  -1.705e+00   3.113e+01  -2.943e+01  -2.889e-01   1.322e-01   1.566e-01
     6  -1.705e+00  -3.113e+01   2.943e+01   2.889e-01   1.322e-01   1.566e-01
     7   1.705e+00  -3.113e+01  -2.943e+01   2.889e-01  -1.322e-01   1.566e-01
     8   1.705e+00   3.113e+01   2.943e+01  -2.889e-01  -1.322e-01   1.566e-01
     9   9.866e-01  -1.802e+01  -1.703e+01  -2.590e-01   1.185e-01  -1.404e-01
    10   9.866e-01   1.802e+01   1.703e+01   2.590e-01   1.185e-01  -1.404e-01
    11  -9.866e-01   1.802e+01  -1.703e+01   2.590e-01  -1.185e-01  -1.404e-01
    12  -9.866e-01  -1.802e+01   1.703e+01  -2.590e-01  -1.185e-01  -1.404e-01
    13  -9.866e-01   1.802e+01  -1.703e+01  -2.590e-01   1.185e-01   1.404e-01
    14  -9.866e-01  -1.802e+01   1.703e+01   2.590e-01   1.185e-01   1.404e-01
    15   9.866e-01  -1.802e+01  -1.703e+01   2.590e-01  -1.185e-01   1.404e-01
    16   9.866e-01   1.802e+01   1.703e+01  -2.590e-01  -1.185e-01   1.404e-01
  MODE     9:   f= 149.214674 Hz,  T= 0.006702 sec
		X- modal participation factor =  -4.1912e-17 
		Y- modal participation factor =  -3.4884e-18 
		Z- modal participation factor =  -2.1319e-16 
  Joint   X-dsp       Y-dsp       Z-dsp       X-rot       Y-rot       Z-rot
     1   1.250e+01  -1.523e+01  -1.019e+01   1.845e-02   1.677e-03   2.012e-02
     2   1.249e+01  -2.303e+00   2.772e+01  -1.845e-02  -1.105e-02   7.395e-03
     3   2.541e+01  -2.318e+00   1.018e+01   9.072e-03   1.105e-02  -2.012e-02
     4   2.541e+01  -1.522e+01  -2.772e+01  -9.072e-03  -1.677e-03  -7.395e-03
     5  -2.541e+01   2.318e+00  -1.018e+01   9.072e-03   1.105e-02  -2.012e-02
     6  -2.541e+01   1.522e+01   2.772e+01  -9.072e-03  -1.677e-03  -7.395e-03
     7  -1.250e+01   1.523e+01   1.019e+01   1.845e-02   1.677e-03   2.012e-02
     8  -1.249e+01   2.303e+00  -2.772e+01  -1.845e-02  -1.105e-02   7.395e-03
     9   1.246e+01  -1.517e+01  -1.016e+01   2.298e-03   2.090e-04   2.507e-03
    10   1.247e+01  -2.316e+00   2.764e+01  -2.298e-03  -1.377e-03   9.214e-04
    11   2.534e+01  -2.292e+00   1.016e+01   1.130e-03   1.377e-03  -2.507e-03
    12   2.535e+01  -1.520e+01  -2.765e+01  -1.130e-03  -2.090e-04  -9.214e-04
    13  -2.534e+01   2.292e+00  -1.016e+01   1.130e-03   1.377e-03  -2.507e-03
    14  -2.535e+01   1.520e+01   2.765e+01  -1.130e-03  -2.090e-04  -9.214e-04
    15  -1.246e+01   1.517e+01   1.016e+01   2.298e-03   2.090e-04   2.507e-03
    16  -1.247e+01   2.316e+00  -2.764e+01  -2.298e-03  -1.377e-03   9.214e-04
  MODE    10:   f= 149.214674 Hz,  T= 0.006702 sec
		X- modal participation factor =   6.3267e-17 
		Y- modal participation factor =  -1.9548e-17 
		Z- modal participation factor =  -3.0550e-17 
  Joint   X-dsp       Y-dsp       Z-dsp       X-rot       Y-rot       Z-rot
     1  -3.362e+00   9.971e+00  -2.477e+01   1.074e-02  -2.041e-02  -9.675e-03
     2  -3.347e+00   2.812e+01  -1.332e+01  -1.074e-02   7.240e-03   1.798e-02
     3   1.478e+01   2.812e+01   2.476e+01  -2.435e-03  -7.240e-03   9.675e-03
     4   1.480e+01   9.975e+00   1.333e+01   2.435e-03   2.041e-02  -1.798e-02
     5  -1.478e+01  -2.812e+01  -2.476e+01  -2.435e-03  -7.240e-03   9.675e-03
     6  -1.480e+01  -9.975e+00  -1.333e+01   2.435e-03   2.041e-02  -1.798e-02
     7   3.362e+00  -9.971e+00   2.477e+01   1.074e-02  -2.041e-02  -9.675e-03
     8   3.347e+00  -2.812e+01   1.332e+01  -1.074e-02   7.240e-03   1.798e-02
     9  -3.334e+00   9.950e+00  -2.469e+01   1.338e-03  -2.543e-03  -1.205e-03
    10  -3.358e+00   2.804e+01  -1.330e+01  -1.338e-03   9.021e-04   2.240e-03
    11   1.477e+01   2.805e+01   2.471e+01  -3.034e-04  -9.021e-04   1.205e-03
    12   1.474e+01   9.943e+00   1.329e+01   3.034e-04   2.543e-03  -2.240e-03
    13  -1.477e+01  -2.805e+01  -2.471e+01  -3.034e-04  -9.021e-04   1.205e-03
    14  -1.474e+01  -9.943e+00  -1.329e+01   3.034e-04   2.543e-03  -2.240e-03
    15   3.334e+00  -9.950e+00   2.469e+01   1.338e-03  -2.543e-03  -1.205e-03
    16   3.358e+00  -2.804e+01   1.330e+01  -1.338e-03   9.021e-04   2.240e-03
  MODE    11:   f= 149.214674 Hz,  T= 0.006702 sec
		X- modal participation factor =   2.8875e-17 
		Y- modal participation factor =  -1.4201e-16 
		Z- modal participation factor =   8.1792e-18 
  Joint   X-dsp       Y-dsp       Z-dsp       X-rot       Y-rot       Z-rot
     1  -2.807e+01  -2.498e+01   1.544e+01   6.928e-03  -9.169e-03  -2.241e-03
     2  -2.808e+01   1.263e+01  -3.079e+00  -6.928e-03  -1.814e-02  -1.121e-02
     3   9.546e+00   1.263e+01  -1.545e+01  -2.038e-02   1.814e-02   2.241e-03
     4   9.541e+00  -2.499e+01   3.095e+00   2.038e-02   9.169e-03   1.121e-02
     5  -9.546e+00  -1.263e+01   1.545e+01  -2.038e-02   1.814e-02   2.241e-03
     6  -9.541e+00   2.499e+01  -3.095e+00   2.038e-02   9.169e-03   1.121e-02
     7   2.807e+01   2.498e+01  -1.544e+01   6.928e-03  -9.169e-03  -2.241e-03
     8   2.808e+01  -1.263e+01   3.079e+00  -6.928e-03  -1.814e-02  -1.121e-02
     9  -2.800e+01  -2.493e+01   1.541e+01   8.632e-04  -1.142e-03  -2.792e-04
    10  -2.800e+01   1.260e+01  -3.091e+00  -8.632e-04  -2.260e-03  -1.397e-03
    11   9.515e+00   1.259e+01  -1.539e+01  -2.539e-03   2.260e-03   2.792e-04
    12   9.523e+00  -2.492e+01   3.067e+00   2.539e-03   1.142e-03   1.397e-03
    13  -9.515e+00  -1.259e+01   1.539e+01  -2.539e-03   2.260e-03   2.792e-04
    14  -9.523e+00   2.492e+01  -3.067e+00   2.539e-03   1.142e-03   1.397e-03
    15   2.800e+01   2.493e+01  -1.541e+01   8.632e-04  -1.142e-03  -2.792e-04
    16   2.800e+01  -1.260e+01   3.091e+00  -8.632e-04  -2.260e-03  -1.397e-03
  MODE    12:   f= 234.144718 Hz,  T= 0.004271 sec
		X- modal participation factor =  -4.7848e-17 
		Y- modal participation factor =  -4.5211e-18 
		Z- modal participation factor =   1.9306e-17 
  Joint   X-dsp       Y-dsp       Z-dsp       X-rot       Y-rot       Z-rot
     1   1.987e+01   1.987e+01  -1.987e+01   6.895e-07   6.895e-07  -6.895e-07
     2   1.987e+01  -1.987e+01   1.987e+01  -6.895e-07   6.894e-07  -6.895e-07
     3  -1.987e+01  -1.987e+01  -1.987e+01  -6.895e-07  -6.895e-07  -6.895e-07
     4  -1.987e+01   1.987e+01   1.987e+01   6.895e-07  -6.895e-07  -6.895e-07
     5  -1.987e+01  -1.987e+01  -1.987e+01   6.895e-07   6.895e-07   6.895e-07
     6  -1.987e+01   1.987e+01   1.987e+01  -6.895e-07   6.895e-07   6.895e-07
     7   1.987e+01   1.987e+01  -1.987e+01  -6.895e-07  -6.895e-07   6.895e-07
     8   1.987e+01  -1.987e+01   1.987e+01   6.895e-07  -6.895e-07   6.895e-07
     9   1.980e+01   1.980e+01  -1.980e+01   3.826e-08   3.825e-08  -3.826e-08
    10   1.980e+01  -1.980e+01   1.980e+01  -3.826e-08   3.823e-08  -3.828e-08
    11  -1.980e+01  -1.980e+01  -1.980e+01  -3.823e-08  -3.821e-08  -3.824e-08
    12  -1.980e+01   1.980e+01   1.980e+01   3.828e-08  -3.827e-08  -3.830e-08
    13  -1.980e+01  -1.980e+01  -1.980e+01   3.823e-08   3.821e-08   3.824e-08
    14  -1.980e+01   1.980e+01   1.980e+01  -3.828e-08   3.827e-08   3.830e-08
    15   1.980e+01   1.980e+01  -1.980e+01  -3.826e-08  -3.825e-08   3.826e-08
    16   1.980e+01  -1.980e+01   1.980e+01   3.826e-08  -3.823e-08   3.828e-08
  MODE    13:   f= 282.742132 Hz,  T= 0.003537 sec
		X- modal participation factor =  -9.9478e-19 
		Y- modal participation factor =   1.5040e-19 
		Z- modal participation factor =   1.2050e-18 
  Joint   X-dsp       Y-dsp       Z-dsp       X-rot       Y-rot       Z-rot
     1  -2.303e-15   2.323e-13   2.315e-13   7.518e-01   7.518e-01  -7.518e-01
     2  -2.428e-15   2.301e-13   2.280e-13   7.518e-01  -7.518e-01   7.518e-01
     3   9.983e-13   2.301e-13   2.364e-13  -7.518e-01  -7.518e-01  -7.518e-01
     4  -9.988e-13   2.325e-13   2.396e-13  -7.518e-01   7.518e-01   7.518e-01
     5   1.001e-12   2.325e-13   2.315e-13  -7.518e-01  -7.518e-01  -7.518e-01
     6  -9.960e-13   2.360e-13   2.279e-13  -7.518e-01   7.518e-01   7.518e-01
     7  -9.268e-16   2.035e-13   2.041e-13   7.518e-01   7.518e-01  -7.518e-01
     8  -1.140e-15   2.003e-13   2.075e-13   7.518e-01  -7.518e-01   7.518e-01
     9  -1.037e-15   7.025e-13   7.029e-13   1.135e-01   1.135e-01  -1.135e-01
    10  -1.131e-15   7.024e-13   6.990e-13   1.135e-01  -1.135e-01   1.135e-01
    11  -1.724e-12   1.995e-12   1.948e-12  -1.135e-01  -1.135e-01  -1.135e-01
    12   1.723e-12   1.995e-12   1.954e-12  -1.135e-01   1.135e-01   1.135e-01
    13  -1.722e-12   1.946e-12   1.995e-12  -1.135e-01  -1.135e-01  -1.135e-01
    14   1.725e-12   1.948e-12   1.991e-12  -1.135e-01   1.135e-01   1.135e-01
    15  -1.055e-15   7.438e-13   7.443e-13   1.135e-01   1.135e-01  -1.135e-01
    16  -1.153e-15   7.424e-13   7.496e-13   1.135e-01  -1.135e-01   1.135e-01
  MODE    14:   f= 387.496085 Hz,  T= 0.002581 sec
		X- modal participation factor =   2.7332e-19 
		Y- modal participation factor =  -1.4342e-19 
		Z- modal participation factor =   1.4291e-18 
  Joint   X-dsp       Y-dsp       Z-dsp       X-rot       Y-rot       Z-rot
     1  -5.879e-02   2.327e-01   1.739e-01  -1.338e+00  -1.001e+00   8.875e-01
     2   5.879e-02  -3.120e-01  -3.708e-01   7.927e-01  -7.457e-02   1.884e-01
     3  -1.381e-01   3.120e-01  -1.739e-01  -1.182e+00  -8.447e-01  -5.773e-01
     4   1.381e-01  -2.327e-01   3.708e-01   9.493e-01  -2.312e-01  -4.986e-01
     5  -1.381e-01   3.120e-01  -1.739e-01   1.182e+00   8.447e-01   5.773e-01
     6   1.381e-01  -2.327e-01   3.708e-01  -9.493e-01   2.312e-01   4.986e-01
     7  -5.879e-02   2.327e-01   1.739e-01   1.338e+00   1.001e+00  -8.875e-01
     8   5.879e-02  -3.120e-01  -3.708e-01  -7.927e-01   7.457e-02  -1.884e-01
     9  -6.789e-02   2.687e-01   2.008e-01   8.806e-03  -8.600e-02   1.180e-01
    10   6.789e-02  -3.603e-01  -4.282e-01  -1.028e-01  -9.935e-02   6.730e-02
    11  -1.594e-01   3.603e-01  -2.008e-01   3.579e-02  -5.902e-02  -1.343e-01
    12   1.594e-01  -2.687e-01   4.282e-01  -7.579e-02  -1.263e-01  -5.105e-02
    13  -1.594e-01   3.603e-01  -2.008e-01  -3.579e-02   5.902e-02   1.343e-01
    14   1.594e-01  -2.687e-01   4.282e-01   7.579e-02   1.263e-01   5.105e-02
    15  -6.789e-02   2.687e-01   2.008e-01  -8.806e-03   8.600e-02  -1.180e-01
    16   6.789e-02  -3.603e-01  -4.282e-01   1.028e-01   9.935e-02  -6.730e-02
  MODE    15:   f= 387.496085 Hz,  T= 0.002581 sec
		X- modal participation factor =  -5.6425e-19 
		Y- modal participation factor =  -1.3638e-18 
		Z- modal participation factor =   1.0955e-18 
  Joint   X-dsp       Y-dsp       Z-dsp       X-rot       Y-rot       Z-rot
     1  -3.168e-01  -4.970e-02  -3.665e-01  -9.325e-02  -8.031e-01   1.895e-01
     2   3.168e-01   1.357e-01  -1.811e-01  -8.186e-01   1.169e+00  -5.558e-01
     3  -2.308e-01  -1.357e-01   3.665e-01  -2.632e-01  -9.731e-01  -5.260e-01
     4   2.308e-01   4.970e-02   1.811e-01  -9.886e-01   1.339e+00   8.923e-01
     5  -2.308e-01  -1.357e-01   3.665e-01   2.632e-01   9.731e-01   5.260e-01
     6   2.308e-01   4.970e-02   1.811e-01   9.886e-01  -1.339e+00  -8.923e-01
     7  -3.168e-01  -4.970e-02  -3.665e-01   9.325e-02   8.031e-01  -1.895e-01
     8   3.168e-01   1.357e-01  -1.811e-01   8.186e-01  -1.169e+00   5.558e-01
     9  -3.659e-01  -5.739e-02  -4.233e-01  -9.754e-02   1.023e-01   7.044e-02
    10   3.659e-01   1.567e-01  -2.092e-01  -5.955e-02  -3.919e-02  -1.335e-01
    11  -2.665e-01  -1.567e-01   4.233e-01  -1.268e-01   7.301e-02  -5.282e-02
    12   2.665e-01   5.739e-02   2.092e-01  -8.882e-02  -9.913e-03   1.159e-01
    13  -2.665e-01  -1.567e-01   4.233e-01   1.268e-01  -7.301e-02   5.282e-02
    14   2.665e-01   5.739e-02   2.092e-01   8.882e-02   9.913e-03  -1.159e-01
    15  -3.659e-01  -5.739e-02  -4.233e-01   9.754e-02  -1.023e-01  -7.044e-02
    16   3.659e-01   1.567e-01  -2.092e-01   5.955e-02   3.919e-02   1.335e-01
  MODE    16:   f= 387.496085 Hz,  T= 0.002581 sec
		X- modal participation factor =  -8.3398e-20 
		Y- modal participation factor =   9.7031e-19 
		Z- modal participation factor =  -2.7664e-19 
  Joint   X-dsp       Y-dsp       Z-dsp       X-rot       Y-rot       Z-rot
     1  -2.589e-01   3.380e-01   7.913e-02   4.180e-01   5.713e-01  -1.073e+00
     2   2.589e-01   2.347e-01  -2.412e-02   8.220e-01  -7.752e-01   1.277e+00
     3   3.139e-01  -2.347e-01  -7.913e-02  -7.133e-01  -5.601e-01  -1.168e+00
     4  -3.139e-01  -3.380e-01   2.412e-02  -3.094e-01   3.561e-01   9.640e-01
     5   3.139e-01  -2.347e-01  -7.913e-02   7.133e-01   5.601e-01   1.168e+00
     6  -3.139e-01  -3.380e-01   2.412e-02   3.094e-01  -3.561e-01  -9.640e-01
     7  -2.589e-01   3.380e-01   7.913e-02  -4.180e-01  -5.713e-01   1.073e+00
     8   2.589e-01   2.347e-01  -2.412e-02  -8.220e-01   7.752e-01  -1.277e+00
     9  -2.989e-01   3.903e-01   9.138e-02   1.174e-01   7.424e-02   6.687e-02
    10   2.989e-01   2.711e-01  -2.786e-02   9.623e-02  -1.094e-01  -3.174e-02
    11   3.625e-01  -2.711e-01  -9.138e-02  -7.751e-02  -1.206e-01   5.046e-02
    12  -3.625e-01  -3.903e-01   2.786e-02  -9.866e-02   8.551e-02  -8.559e-02
    13   3.625e-01  -2.711e-01  -9.138e-02   7.751e-02   1.206e-01  -5.046e-02
    14  -3.625e-01  -3.903e-01   2.786e-02   9.866e-02  -8.551e-02   8.559e-02
    15  -2.989e-01   3.903e-01   9.138e-02  -1.174e-01  -7.424e-02  -6.687e-02
    16   2.989e-01   2.711e-01  -2.786e-02  -9.623e-02   1.094e-01   3.174e-02
  MODE    17:   f= 505.842848 Hz,  T= 0.001977 sec
		X- modal participation factor =   4.0327e-18 
		Y- modal participation factor =  -1.5483e-17 
		Z- modal participation factor =  -1.4129e-17 
  Joint   X-dsp       Y-dsp       Z-dsp       X-rot       Y-rot       Z-rot
     1   2.353e-08   1.973e+01   1.973e+01   6.974e-01  -2.478e-01   2.478e-01
     2   2.353e-08   1.973e+01   1.973e+01   6.974e-01   2.478e-01  -2.478e-01
     3   2.922e-05   1.973e+01  -1.973e+01   6.974e-01  -2.478e-01  -2.478e-01
     4  -2.514e-05   1.973e+01  -1.973e+01   6.974e-01   2.478e-01   2.478e-01
     5   2.514e-05  -1.973e+01   1.973e+01   6.974e-01  -2.478e-01  -2.478e-01
     6  -2.922e-05  -1.973e+01   1.973e+01   6.974e-01   2.478e-01   2.478e-01
     7  -2.354e-08  -1.973e+01  -1.973e+01   6.974e-01  -2.478e-01   2.478e-01
     8  -2.354e-08  -1.973e+01  -1.973e+01   6.974e-01   2.478e-01  -2.478e-01
     9  -2.721e-08  -2.282e+01  -2.282e+01   1.983e-01  -6.092e-01   6.092e-01
    10  -2.721e-08  -2.282e+01  -2.282e+01   1.983e-01   6.092e-01  -6.092e-01
    11   6.665e-05  -2.282e+01   2.282e+01   1.983e-01  -6.092e-01  -6.092e-01
    12  -7.137e-05  -2.282e+01   2.282e+01   1.983e-01   6.092e-01   6.092e-01
    13   7.137e-05   2.282e+01  -2.282e+01   1.983e-01  -6.092e-01  -6.092e-01
    14  -6.665e-05   2.282e+01  -2.282e+01   1.983e-01   6.092e-01   6.092e-01
    15   2.722e-08   2.282e+01   2.282e+01   1.983e-01  -6.093e-01   6.093e-01
    16   2.722e-08   2.282e+01   2.282e+01   1.983e-01   6.093e-01  -6.093e-01
  MODE    18:   f= 505.842848 Hz,  T= 0.001977 sec
		X- modal participation factor =  -4.5348e-18 
		Y- modal participation factor =   5.0672e-19 
		Z- modal participation factor =  -2.2205e-18 
  Joint   X-dsp       Y-dsp       Z-dsp       X-rot       Y-rot       Z-rot
     1  -9.211e-07  -1.395e+01  -1.395e+01  -3.504e-01   3.179e-01  -3.179e-01
     2  -9.211e-07   1.395e+01   1.395e+01   3.504e-01   3.179e-01  -3.179e-01
     3  -2.791e+01   1.395e+01   1.395e+01   1.266e-05   6.684e-01  -6.684e-01
     4  -2.791e+01  -1.395e+01  -1.395e+01  -1.255e-05   6.684e-01  -6.684e-01
     5   2.791e+01  -1.395e+01  -1.395e+01  -1.258e-05   6.684e-01  -6.684e-01
     6   2.791e+01   1.395e+01   1.395e+01   1.268e-05   6.684e-01  -6.684e-01
     7   9.214e-07   1.395e+01   1.395e+01  -3.505e-01   3.179e-01  -3.179e-01
     8   9.214e-07  -1.395e+01  -1.395e+01   3.505e-01   3.179e-01  -3.179e-01
     9   1.065e-06   1.614e+01   1.614e+01  -8.615e-01  -2.905e-01   2.905e-01
    10   1.065e-06  -1.614e+01  -1.614e+01   8.615e-01  -2.905e-01   2.905e-01
    11   3.227e+01  -1.614e+01  -1.614e+01   6.377e-05   5.710e-01  -5.709e-01
    12   3.227e+01   1.614e+01   1.614e+01  -6.374e-05   5.710e-01  -5.709e-01
    13  -3.227e+01   1.614e+01   1.614e+01  -6.380e-05   5.709e-01  -5.710e-01
    14  -3.227e+01  -1.614e+01  -1.614e+01   6.383e-05   5.709e-01  -5.710e-01
    15  -1.066e-06  -1.614e+01  -1.614e+01  -8.616e-01  -2.906e-01   2.906e-01
    16  -1.066e-06   1.614e+01   1.614e+01   8.616e-01  -2.906e-01   2.906e-01
  MODE    19:   f= 505.842855 Hz,  T= 0.001977 sec
		X- modal participation factor =  -1.1481e-17 
		Y- modal participation factor =  -7.3338e-18 
		Z- modal participation factor =  -2.1644e-19 
  Joint   X-dsp       Y-dsp       Z-dsp       X-rot       Y-rot       Z-rot
     1   2.790e+01  -1.395e+01   1.395e+01  -1.333e-08  -6.682e-01  -6.682e-01
     2   2.790e+01   1.395e+01  -1.395e+01   1.215e-08  -6.682e-01  -6.682e-01
     3   4.429e-03   1.395e+01  -1.396e+01   3.505e-01  -3.181e-01  -3.178e-01
     4   4.429e-03  -1.395e+01   1.396e+01  -3.505e-01  -3.181e-01  -3.178e-01
     5   4.431e-03  -1.396e+01   1.395e+01   3.505e-01  -3.178e-01  -3.181e-01
     6   4.431e-03   1.396e+01  -1.395e+01  -3.505e-01  -3.178e-01  -3.181e-01
     7  -2.791e+01   1.396e+01  -1.396e+01  -1.098e-08  -6.685e-01  -6.685e-01
     8  -2.791e+01  -1.396e+01   1.396e+01   9.807e-09  -6.685e-01  -6.685e-01
     9  -3.227e+01   1.613e+01  -1.613e+01  -2.867e-08  -5.709e-01  -5.709e-01
    10  -3.227e+01  -1.613e+01   1.613e+01   2.834e-08  -5.709e-01  -5.709e-01
    11  -7.118e-03  -1.613e+01   1.614e+01   8.615e-01   2.905e-01   2.906e-01
    12  -7.118e-03   1.613e+01  -1.614e+01  -8.615e-01   2.905e-01   2.906e-01
    13  -7.120e-03   1.614e+01  -1.613e+01   8.615e-01   2.906e-01   2.905e-01
    14  -7.120e-03  -1.614e+01   1.613e+01  -8.615e-01   2.906e-01   2.905e-01
    15   3.228e+01  -1.614e+01   1.614e+01  -2.854e-08  -5.711e-01  -5.711e-01
    16   3.228e+01   1.614e+01  -1.614e+01   2.821e-08  -5.711e-01  -5.711e-01
  MODE    20:   f= 506.406627 Hz,  T= 0.001975 sec
		X- modal participation factor =  -1.6466e-18 
		Y- modal participation factor =  -8.9953e-19 
		Z- modal participation factor =  -1.4910e-18 
  Joint   X-dsp       Y-dsp       Z-dsp       X-rot       Y-rot       Z-rot
     1  -3.481e-01  -2.582e-01  -6.063e-01   8.386e-01  -9.258e-01  -8.723e-02
     2   3.481e-01  -2.582e-01  -6.063e-01   8.386e-01   9.258e-01   8.723e-02
     3   3.481e-01   2.582e-01  -6.063e-01  -8.386e-01   9.258e-01  -8.723e-02
     4  -3.481e-01   2.582e-01  -6.063e-01  -8.386e-01  -9.258e-01   8.723e-02
     5  -3.481e-01  -2.582e-01   6.063e-01  -8.386e-01   9.258e-01  -8.723e-02
     6   3.481e-01  -2.582e-01   6.063e-01  -8.386e-01  -9.258e-01   8.723e-02
     7   3.481e-01   2.582e-01   6.063e-01   8.386e-01  -9.258e-01  -8.723e-02
     8  -3.481e-01   2.582e-01   6.063e-01   8.386e-01   9.258e-01   8.723e-02
     9  -3.443e-01  -2.553e-01  -5.996e-01  -3.457e-01   3.817e-01   3.596e-02
    10   3.443e-01  -2.553e-01  -5.996e-01  -3.457e-01  -3.817e-01  -3.596e-02
    11   3.443e-01   2.553e-01  -5.996e-01   3.457e-01  -3.817e-01   3.596e-02
    12  -3.443e-01   2.553e-01  -5.996e-01   3.457e-01   3.817e-01  -3.596e-02
    13  -3.443e-01  -2.553e-01   5.996e-01   3.457e-01  -3.817e-01   3.596e-02
    14   3.443e-01  -2.553e-01   5.996e-01   3.457e-01   3.817e-01  -3.596e-02
    15   3.443e-01   2.553e-01   5.996e-01  -3.457e-01   3.817e-01   3.596e-02
    16  -3.443e-01   2.553e-01   5.996e-01  -3.457e-01  -3.817e-01  -3.596e-02
  MODE    21:   f= 506.406627 Hz,  T= 0.001975 sec
		X- modal participation factor =  -7.1373e-19 
		Y- modal participation factor =  -2.8005e-19 
		Z- modal participation factor =  -2.5438e-19 
  Joint   X-dsp       Y-dsp       Z-dsp       X-rot       Y-rot       Z-rot
     1  -4.991e-01   5.510e-01   5.192e-02  -5.849e-01  -4.338e-01  -1.019e+00
     2   4.991e-01   5.510e-01   5.192e-02  -5.849e-01   4.338e-01   1.019e+00
     3   4.991e-01  -5.510e-01   5.192e-02   5.849e-01   4.338e-01  -1.019e+00
     4  -4.991e-01  -5.510e-01   5.192e-02   5.849e-01  -4.338e-01   1.019e+00
     5  -4.991e-01   5.510e-01  -5.192e-02   5.849e-01   4.338e-01  -1.019e+00
     6   4.991e-01   5.510e-01  -5.192e-02   5.849e-01  -4.338e-01   1.019e+00
     7   4.991e-01  -5.510e-01  -5.192e-02  -5.849e-01  -4.338e-01  -1.019e+00
     8  -4.991e-01  -5.510e-01  -5.192e-02  -5.849e-01   4.338e-01   1.019e+00
     9  -4.936e-01   5.450e-01   5.135e-02   2.411e-01   1.788e-01   4.200e-01
    10   4.936e-01   5.450e-01   5.135e-02   2.411e-01  -1.788e-01  -4.200e-01
    11   4.936e-01  -5.450e-01   5.135e-02  -2.411e-01  -1.788e-01   4.200e-01
    12  -4.936e-01  -5.450e-01   5.135e-02  -2.411e-01   1.788e-01  -4.200e-01
    13  -4.936e-01   5.450e-01  -5.135e-02  -2.411e-01  -1.788e-01   4.200e-01
    14   4.936e-01   5.450e-01  -5.135e-02  -2.411e-01   1.788e-01  -4.200e-01
    15   4.936e-01  -5.450e-01  -5.135e-02   2.411e-01   1.788e-01   4.200e-01
    16  -4.936e-01  -5.450e-01  -5.135e-02   2.411e-01  -1.788e-01  -4.200e-01
  MODE    22:   f= 570.409370 Hz,  T= 0.001753 sec
		X- modal participation factor =   3.9673e-19 
		Y- modal participation factor =  -1.4537e-19 
		Z- modal participation factor =   5.8736e-19 
  Joint   X-dsp       Y-dsp       Z-dsp       X-rot       Y-rot       Z-rot
     1   5.427e-11   2.204e-04   2.204e-04  -6.645e-02  -6.689e-02   6.689e-02
     2   5.942e-11   2.204e-04   2.204e-04  -6.645e-02   6.689e-02  -6.689e-02
     3   9.477e-04   2.195e-04   2.218e-04   6.686e-02   6.674e-02   6.698e-02
     4  -9.477e-04   2.195e-04   2.218e-04   6.686e-02  -6.674e-02  -6.698e-02
     5   9.477e-04   2.218e-04   2.195e-04   6.686e-02   6.698e-02   6.674e-02
     6  -9.477e-04   2.218e-04   2.195e-04   6.686e-02  -6.698e-02  -6.674e-02
     7   5.278e-11   1.919e-04   1.919e-04  -6.727e-02  -6.683e-02   6.683e-02
     8   5.840e-11   1.919e-04   1.919e-04  -6.727e-02   6.683e-02  -6.683e-02
     9  -8.445e-11   6.673e-04   6.673e-04   1.280e+00   1.280e+00  -1.280e+00
    10  -9.625e-11   6.673e-04   6.673e-04   1.280e+00  -1.280e+00   1.280e+00
    11  -1.634e-03   1.893e-03   1.846e-03  -1.280e+00  -1.281e+00  -1.280e+00
    12   1.634e-03   1.893e-03   1.846e-03  -1.280e+00   1.281e+00   1.280e+00
    13  -1.634e-03   1.846e-03   1.893e-03  -1.280e+00  -1.280e+00  -1.281e+00
    14   1.634e-03   1.846e-03   1.893e-03  -1.280e+00   1.280e+00   1.281e+00
    15  -8.480e-11   7.041e-04   7.041e-04   1.281e+00   1.281e+00  -1.281e+00
    16  -9.618e-11   7.041e-04   7.041e-04   1.281e+00  -1.281e+00   1.281e+00
M A T R I X    I T E R A T I O N S: 13
There are 22 modes below 570.409370 Hz. ... All 22 modes were found.

